{"/Users/familyaccount/git/FinanceApp/eslint.config.js": {"path":"/Users/familyaccount/git/FinanceApp/eslint.config.js","statementMap":{"0":{"start":{"line":2,"column":25},"end":{"line":2,"column":49}},"1":{"start":{"line":3,"column":19},"end":{"line":3,"column":53}},"2":{"start":{"line":5,"column":0},"end":{"line":10,"column":3}}},"fnMap":{},"branchMap":{},"s":{"0":0,"1":0,"2":0},"f":{},"b":{}}
,"/Users/familyaccount/git/FinanceApp/expo-env.d.ts": {"path":"/Users/familyaccount/git/FinanceApp/expo-env.d.ts","statementMap":{},"fnMap":{},"branchMap":{},"s":{},"f":{},"b":{}}
,"/Users/familyaccount/git/FinanceApp/index.js": {"path":"/Users/familyaccount/git/FinanceApp/index.js","statementMap":{},"fnMap":{},"branchMap":{},"s":{},"f":{},"b":{}}
,"/Users/familyaccount/git/FinanceApp/index.web.js": {"path":"/Users/familyaccount/git/FinanceApp/index.web.js","statementMap":{"0":{"start":{"line":13,"column":2},"end":{"line":57,"column":3}},"1":{"start":{"line":15,"column":19},"end":{"line":15,"column":51}},"2":{"start":{"line":16,"column":4},"end":{"line":16,"column":92}},"3":{"start":{"line":17,"column":4},"end":{"line":17,"column":24}},"4":{"start":{"line":18,"column":4},"end":{"line":18,"column":38}},"5":{"start":{"line":20,"column":4},"end":{"line":23,"column":7}},"6":{"start":{"line":21,"column":6},"end":{"line":21,"column":30}},"7":{"start":{"line":22,"column":6},"end":{"line":22,"column":30}},"8":{"start":{"line":27,"column":22},"end":{"line":29,"column":6}},"9":{"start":{"line":28,"column":28},"end":{"line":28,"column":97}},"10":{"start":{"line":32,"column":4},"end":{"line":32,"column":33}},"11":{"start":{"line":33,"column":4},"end":{"line":33,"column":35}},"12":{"start":{"line":34,"column":4},"end":{"line":34,"column":33}},"13":{"start":{"line":35,"column":4},"end":{"line":35,"column":35}},"14":{"start":{"line":39,"column":4},"end":{"line":41,"column":5}},"15":{"start":{"line":40,"column":8},"end":{"line":40,"column":36}},"16":{"start":{"line":44,"column":20},"end":{"line":44,"column":69}},"17":{"start":{"line":45,"column":4},"end":{"line":45,"column":29}},"18":{"start":{"line":48,"column":4},"end":{"line":48,"column":88}},"19":{"start":{"line":51,"column":4},"end":{"line":56,"column":5}},"20":{"start":{"line":52,"column":24},"end":{"line":52,"column":73}},"21":{"start":{"line":53,"column":8},"end":{"line":53,"column":33}},"22":{"start":{"line":55,"column":8},"end":{"line":55,"column":66}},"23":{"start":{"line":60,"column":0},"end":{"line":60,"column":12}}},"fnMap":{"0":{"name":"bootstrap","decl":{"start":{"line":12,"column":15},"end":{"line":12,"column":24}},"loc":{"start":{"line":12,"column":27},"end":{"line":58,"column":1}},"line":12},"1":{"name":"(anonymous_1)","decl":{"start":{"line":20,"column":22},"end":{"line":20,"column":23}},"loc":{"start":{"line":20,"column":43},"end":{"line":23,"column":5}},"line":20},"2":{"name":"(anonymous_2)","decl":{"start":{"line":28,"column":18},"end":{"line":28,"column":19}},"loc":{"start":{"line":28,"column":28},"end":{"line":28,"column":97}},"line":28}},"branchMap":{"0":{"loc":{"start":{"line":39,"column":4},"end":{"line":41,"column":5}},"type":"if","locations":[{"start":{"line":39,"column":4},"end":{"line":41,"column":5}},{"start":{},"end":{}}],"line":39},"1":{"loc":{"start":{"line":39,"column":8},"end":{"line":39,"column":65}},"type":"binary-expr","locations":[{"start":{"line":39,"column":8},"end":{"line":39,"column":37}},{"start":{"line":39,"column":41},"end":{"line":39,"column":65}}],"line":39}},"s":{"0":0,"1":0,"2":0,"3":0,"4":0,"5":0,"6":0,"7":0,"8":0,"9":0,"10":0,"11":0,"12":0,"13":0,"14":0,"15":0,"16":0,"17":0,"18":0,"19":0,"20":0,"21":0,"22":0,"23":0},"f":{"0":0,"1":0,"2":0},"b":{"0":[0,0],"1":[0,0]}}
,"/Users/familyaccount/git/FinanceApp/jest.config.js": {"path":"/Users/familyaccount/git/FinanceApp/jest.config.js","statementMap":{"0":{"start":{"line":1,"column":0},"end":{"line":18,"column":2}}},"fnMap":{},"branchMap":{},"s":{"0":0},"f":{},"b":{}}
,"/Users/familyaccount/git/FinanceApp/metro.config.js": {"path":"/Users/familyaccount/git/FinanceApp/metro.config.js","statementMap":{"0":{"start":{"line":1,"column":29},"end":{"line":1,"column":57}},"1":{"start":{"line":2,"column":27},"end":{"line":2,"column":54}},"2":{"start":{"line":4,"column":15},"end":{"line":4,"column":42}},"3":{"start":{"line":6,"column":0},"end":{"line":6,"column":67}}},"fnMap":{},"branchMap":{},"s":{"0":0,"1":0,"2":0,"3":0},"f":{},"b":{}}
,"/Users/familyaccount/git/FinanceApp/nativewind-env.d.ts": {"path":"/Users/familyaccount/git/FinanceApp/nativewind-env.d.ts","statementMap":{},"fnMap":{},"branchMap":{},"s":{},"f":{},"b":{}}
,"/Users/familyaccount/git/FinanceApp/tailwind.config.js": {"path":"/Users/familyaccount/git/FinanceApp/tailwind.config.js","statementMap":{"0":{"start":{"line":2,"column":0},"end":{"line":43,"column":2}}},"fnMap":{},"branchMap":{},"s":{"0":0},"f":{},"b":{}}
,"/Users/familyaccount/git/FinanceApp/.claude/hooks/gsd-check-update.js": {"path":"/Users/familyaccount/git/FinanceApp/.claude/hooks/gsd-check-update.js","statementMap":{"0":{"start":{"line":6,"column":11},"end":{"line":6,"column":24}},"1":{"start":{"line":7,"column":13},"end":{"line":7,"column":28}},"2":{"start":{"line":8,"column":11},"end":{"line":8,"column":24}},"3":{"start":{"line":9,"column":18},"end":{"line":9,"column":42}},"4":{"start":{"line":11,"column":16},"end":{"line":11,"column":28}},"5":{"start":{"line":12,"column":12},"end":{"line":12,"column":25}},"6":{"start":{"line":18,"column":17},"end":{"line":18,"column":46}},"7":{"start":{"line":19,"column":2},"end":{"line":21,"column":3}},"8":{"start":{"line":20,"column":4},"end":{"line":20,"column":18}},"9":{"start":{"line":22,"column":2},"end":{"line":26,"column":3}},"10":{"start":{"line":23,"column":4},"end":{"line":25,"column":5}},"11":{"start":{"line":24,"column":6},"end":{"line":24,"column":37}},"12":{"start":{"line":27,"column":2},"end":{"line":27,"column":49}},"13":{"start":{"line":30,"column":24},"end":{"line":30,"column":48}},"14":{"start":{"line":31,"column":25},"end":{"line":31,"column":45}},"15":{"start":{"line":32,"column":17},"end":{"line":32,"column":52}},"16":{"start":{"line":33,"column":18},"end":{"line":33,"column":62}},"17":{"start":{"line":36,"column":27},"end":{"line":36,"column":82}},"18":{"start":{"line":37,"column":26},"end":{"line":37,"column":80}},"19":{"start":{"line":40,"column":0},"end":{"line":42,"column":1}},"20":{"start":{"line":41,"column":2},"end":{"line":41,"column":46}},"21":{"start":{"line":45,"column":14},"end":{"line":112,"column":2}},"22":{"start":{"line":114,"column":0},"end":{"line":114,"column":14}}},"fnMap":{"0":{"name":"detectConfigDir","decl":{"start":{"line":16,"column":9},"end":{"line":16,"column":24}},"loc":{"start":{"line":16,"column":34},"end":{"line":28,"column":1}},"line":16}},"branchMap":{"0":{"loc":{"start":{"line":19,"column":2},"end":{"line":21,"column":3}},"type":"if","locations":[{"start":{"line":19,"column":2},"end":{"line":21,"column":3}},{"start":{},"end":{}}],"line":19},"1":{"loc":{"start":{"line":19,"column":6},"end":{"line":19,"column":76}},"type":"binary-expr","locations":[{"start":{"line":19,"column":6},"end":{"line":19,"column":12}},{"start":{"line":19,"column":16},"end":{"line":19,"column":76}}],"line":19},"2":{"loc":{"start":{"line":23,"column":4},"end":{"line":25,"column":5}},"type":"if","locations":[{"start":{"line":23,"column":4},"end":{"line":25,"column":5}},{"start":{},"end":{}}],"line":23},"3":{"loc":{"start":{"line":27,"column":9},"end":{"line":27,"column":48}},"type":"binary-expr","locations":[{"start":{"line":27,"column":9},"end":{"line":27,"column":15}},{"start":{"line":27,"column":19},"end":{"line":27,"column":48}}],"line":27},"4":{"loc":{"start":{"line":40,"column":0},"end":{"line":42,"column":1}},"type":"if","locations":[{"start":{"line":40,"column":0},"end":{"line":42,"column":1}},{"start":{},"end":{}}],"line":40}},"s":{"0":0,"1":0,"2":0,"3":0,"4":0,"5":0,"6":0,"7":0,"8":0,"9":0,"10":0,"11":0,"12":0,"13":0,"14":0,"15":0,"16":0,"17":0,"18":0,"19":0,"20":0,"21":0,"22":0},"f":{"0":0},"b":{"0":[0,0],"1":[0,0],"2":[0,0],"3":[0,0],"4":[0,0]}}
,"/Users/familyaccount/git/FinanceApp/.claude/hooks/gsd-context-monitor.js": {"path":"/Users/familyaccount/git/FinanceApp/.claude/hooks/gsd-context-monitor.js","statementMap":{"0":{"start":{"line":21,"column":11},"end":{"line":21,"column":24}},"1":{"start":{"line":22,"column":11},"end":{"line":22,"column":24}},"2":{"start":{"line":23,"column":13},"end":{"line":23,"column":28}},"3":{"start":{"line":25,"column":26},"end":{"line":25,"column":28}},"4":{"start":{"line":26,"column":27},"end":{"line":26,"column":29}},"5":{"start":{"line":27,"column":22},"end":{"line":27,"column":24}},"6":{"start":{"line":28,"column":23},"end":{"line":28,"column":24}},"7":{"start":{"line":30,"column":12},"end":{"line":30,"column":14}},"8":{"start":{"line":35,"column":21},"end":{"line":35,"column":61}},"9":{"start":{"line":35,"column":38},"end":{"line":35,"column":53}},"10":{"start":{"line":36,"column":0},"end":{"line":36,"column":34}},"11":{"start":{"line":37,"column":0},"end":{"line":37,"column":50}},"12":{"start":{"line":37,"column":34},"end":{"line":37,"column":48}},"13":{"start":{"line":38,"column":0},"end":{"line":156,"column":3}},"14":{"start":{"line":39,"column":2},"end":{"line":39,"column":29}},"15":{"start":{"line":40,"column":2},"end":{"line":155,"column":3}},"16":{"start":{"line":41,"column":17},"end":{"line":41,"column":34}},"17":{"start":{"line":42,"column":22},"end":{"line":42,"column":37}},"18":{"start":{"line":44,"column":4},"end":{"line":46,"column":5}},"19":{"start":{"line":45,"column":6},"end":{"line":45,"column":22}},"20":{"start":{"line":49,"column":16},"end":{"line":49,"column":41}},"21":{"start":{"line":50,"column":23},"end":{"line":50,"column":65}},"22":{"start":{"line":51,"column":4},"end":{"line":60,"column":5}},"23":{"start":{"line":52,"column":6},"end":{"line":59,"column":7}},"24":{"start":{"line":53,"column":23},"end":{"line":53,"column":70}},"25":{"start":{"line":54,"column":8},"end":{"line":56,"column":9}},"26":{"start":{"line":55,"column":10},"end":{"line":55,"column":26}},"27":{"start":{"line":62,"column":19},"end":{"line":62,"column":30}},"28":{"start":{"line":63,"column":24},"end":{"line":63,"column":73}},"29":{"start":{"line":66,"column":4},"end":{"line":68,"column":5}},"30":{"start":{"line":67,"column":6},"end":{"line":67,"column":22}},"31":{"start":{"line":70,"column":20},"end":{"line":70,"column":68}},"32":{"start":{"line":71,"column":16},"end":{"line":71,"column":45}},"33":{"start":{"line":74,"column":4},"end":{"line":76,"column":5}},"34":{"start":{"line":75,"column":6},"end":{"line":75,"column":22}},"35":{"start":{"line":78,"column":22},"end":{"line":78,"column":50}},"36":{"start":{"line":79,"column":20},"end":{"line":79,"column":36}},"37":{"start":{"line":82,"column":4},"end":{"line":84,"column":5}},"38":{"start":{"line":83,"column":6},"end":{"line":83,"column":22}},"39":{"start":{"line":87,"column":21},"end":{"line":87,"column":77}},"40":{"start":{"line":88,"column":19},"end":{"line":88,"column":57}},"41":{"start":{"line":89,"column":20},"end":{"line":89,"column":24}},"42":{"start":{"line":91,"column":4},"end":{"line":98,"column":5}},"43":{"start":{"line":92,"column":6},"end":{"line":97,"column":7}},"44":{"start":{"line":93,"column":8},"end":{"line":93,"column":65}},"45":{"start":{"line":94,"column":8},"end":{"line":94,"column":26}},"46":{"start":{"line":100,"column":4},"end":{"line":100,"column":65}},"47":{"start":{"line":102,"column":23},"end":{"line":102,"column":54}},"48":{"start":{"line":103,"column":25},"end":{"line":103,"column":60}},"49":{"start":{"line":107,"column":30},"end":{"line":107,"column":93}},"50":{"start":{"line":108,"column":4},"end":{"line":112,"column":5}},"51":{"start":{"line":110,"column":6},"end":{"line":110,"column":59}},"52":{"start":{"line":111,"column":6},"end":{"line":111,"column":22}},"53":{"start":{"line":115,"column":4},"end":{"line":115,"column":32}},"54":{"start":{"line":116,"column":4},"end":{"line":116,"column":38}},"55":{"start":{"line":117,"column":4},"end":{"line":117,"column":57}},"56":{"start":{"line":120,"column":24},"end":{"line":120,"column":78}},"57":{"start":{"line":125,"column":4},"end":{"line":142,"column":5}},"58":{"start":{"line":126,"column":6},"end":{"line":133,"column":105}},"59":{"start":{"line":135,"column":6},"end":{"line":141,"column":39}},"60":{"start":{"line":144,"column":19},"end":{"line":149,"column":5}},"61":{"start":{"line":151,"column":4},"end":{"line":151,"column":49}},"62":{"start":{"line":154,"column":4},"end":{"line":154,"column":20}}},"fnMap":{"0":{"name":"(anonymous_0)","decl":{"start":{"line":35,"column":32},"end":{"line":35,"column":33}},"loc":{"start":{"line":35,"column":38},"end":{"line":35,"column":53}},"line":35},"1":{"name":"(anonymous_1)","decl":{"start":{"line":37,"column":25},"end":{"line":37,"column":26}},"loc":{"start":{"line":37,"column":34},"end":{"line":37,"column":48}},"line":37},"2":{"name":"(anonymous_2)","decl":{"start":{"line":38,"column":24},"end":{"line":38,"column":25}},"loc":{"start":{"line":38,"column":30},"end":{"line":156,"column":1}},"line":38}},"branchMap":{"0":{"loc":{"start":{"line":44,"column":4},"end":{"line":46,"column":5}},"type":"if","locations":[{"start":{"line":44,"column":4},"end":{"line":46,"column":5}},{"start":{},"end":{}}],"line":44},"1":{"loc":{"start":{"line":49,"column":16},"end":{"line":49,"column":41}},"type":"binary-expr","locations":[{"start":{"line":49,"column":16},"end":{"line":49,"column":24}},{"start":{"line":49,"column":28},"end":{"line":49,"column":41}}],"line":49},"2":{"loc":{"start":{"line":51,"column":4},"end":{"line":60,"column":5}},"type":"if","locations":[{"start":{"line":51,"column":4},"end":{"line":60,"column":5}},{"start":{},"end":{}}],"line":51},"3":{"loc":{"start":{"line":54,"column":8},"end":{"line":56,"column":9}},"type":"if","locations":[{"start":{"line":54,"column":8},"end":{"line":56,"column":9}},{"start":{},"end":{}}],"line":54},"4":{"loc":{"start":{"line":66,"column":4},"end":{"line":68,"column":5}},"type":"if","locations":[{"start":{"line":66,"column":4},"end":{"line":68,"column":5}},{"start":{},"end":{}}],"line":66},"5":{"loc":{"start":{"line":74,"column":4},"end":{"line":76,"column":5}},"type":"if","locations":[{"start":{"line":74,"column":4},"end":{"line":76,"column":5}},{"start":{},"end":{}}],"line":74},"6":{"loc":{"start":{"line":74,"column":8},"end":{"line":74,"column":70}},"type":"binary-expr","locations":[{"start":{"line":74,"column":8},"end":{"line":74,"column":25}},{"start":{"line":74,"column":29},"end":{"line":74,"column":70}}],"line":74},"7":{"loc":{"start":{"line":82,"column":4},"end":{"line":84,"column":5}},"type":"if","locations":[{"start":{"line":82,"column":4},"end":{"line":84,"column":5}},{"start":{},"end":{}}],"line":82},"8":{"loc":{"start":{"line":91,"column":4},"end":{"line":98,"column":5}},"type":"if","locations":[{"start":{"line":91,"column":4},"end":{"line":98,"column":5}},{"start":{},"end":{}}],"line":91},"9":{"loc":{"start":{"line":100,"column":31},"end":{"line":100,"column":59}},"type":"binary-expr","locations":[{"start":{"line":100,"column":31},"end":{"line":100,"column":54}},{"start":{"line":100,"column":58},"end":{"line":100,"column":59}}],"line":100},"10":{"loc":{"start":{"line":103,"column":25},"end":{"line":103,"column":60}},"type":"cond-expr","locations":[{"start":{"line":103,"column":38},"end":{"line":103,"column":48}},{"start":{"line":103,"column":51},"end":{"line":103,"column":60}}],"line":103},"11":{"loc":{"start":{"line":107,"column":30},"end":{"line":107,"column":93}},"type":"binary-expr","locations":[{"start":{"line":107,"column":30},"end":{"line":107,"column":57}},{"start":{"line":107,"column":61},"end":{"line":107,"column":93}}],"line":107},"12":{"loc":{"start":{"line":108,"column":4},"end":{"line":112,"column":5}},"type":"if","locations":[{"start":{"line":108,"column":4},"end":{"line":112,"column":5}},{"start":{},"end":{}}],"line":108},"13":{"loc":{"start":{"line":108,"column":8},"end":{"line":108,"column":84}},"type":"binary-expr","locations":[{"start":{"line":108,"column":8},"end":{"line":108,"column":18}},{"start":{"line":108,"column":22},"end":{"line":108,"column":62}},{"start":{"line":108,"column":66},"end":{"line":108,"column":84}}],"line":108},"14":{"loc":{"start":{"line":125,"column":4},"end":{"line":142,"column":5}},"type":"if","locations":[{"start":{"line":125,"column":4},"end":{"line":142,"column":5}},{"start":{"line":134,"column":11},"end":{"line":142,"column":5}}],"line":125},"15":{"loc":{"start":{"line":126,"column":16},"end":{"line":133,"column":104}},"type":"cond-expr","locations":[{"start":{"line":127,"column":10},"end":{"line":130,"column":63}},{"start":{"line":131,"column":10},"end":{"line":133,"column":104}}],"line":126},"16":{"loc":{"start":{"line":135,"column":16},"end":{"line":141,"column":38}},"type":"cond-expr","locations":[{"start":{"line":136,"column":10},"end":{"line":138,"column":77}},{"start":{"line":139,"column":10},"end":{"line":141,"column":38}}],"line":135},"17":{"loc":{"start":{"line":146,"column":23},"end":{"line":146,"column":79}},"type":"cond-expr","locations":[{"start":{"line":146,"column":52},"end":{"line":146,"column":63}},{"start":{"line":146,"column":66},"end":{"line":146,"column":79}}],"line":146}},"s":{"0":0,"1":0,"2":0,"3":0,"4":0,"5":0,"6":0,"7":0,"8":0,"9":0,"10":0,"11":0,"12":0,"13":0,"14":0,"15":0,"16":0,"17":0,"18":0,"19":0,"20":0,"21":0,"22":0,"23":0,"24":0,"25":0,"26":0,"27":0,"28":0,"29":0,"30":0,"31":0,"32":0,"33":0,"34":0,"35":0,"36":0,"37":0,"38":0,"39":0,"40":0,"41":0,"42":0,"43":0,"44":0,"45":0,"46":0,"47":0,"48":0,"49":0,"50":0,"51":0,"52":0,"53":0,"54":0,"55":0,"56":0,"57":0,"58":0,"59":0,"60":0,"61":0,"62":0},"f":{"0":0,"1":0,"2":0},"b":{"0":[0,0],"1":[0,0],"2":[0,0],"3":[0,0],"4":[0,0],"5":[0,0],"6":[0,0],"7":[0,0],"8":[0,0],"9":[0,0],"10":[0,0],"11":[0,0],"12":[0,0],"13":[0,0,0],"14":[0,0],"15":[0,0],"16":[0,0],"17":[0,0]}}
,"/Users/familyaccount/git/FinanceApp/.claude/hooks/gsd-prompt-guard.js": {"path":"/Users/familyaccount/git/FinanceApp/.claude/hooks/gsd-prompt-guard.js","statementMap":{"0":{"start":{"line":14,"column":11},"end":{"line":14,"column":24}},"1":{"start":{"line":15,"column":13},"end":{"line":15,"column":28}},"2":{"start":{"line":18,"column":27},"end":{"line":32,"column":1}},"3":{"start":{"line":34,"column":12},"end":{"line":34,"column":14}},"4":{"start":{"line":35,"column":21},"end":{"line":35,"column":60}},"5":{"start":{"line":35,"column":38},"end":{"line":35,"column":53}},"6":{"start":{"line":36,"column":0},"end":{"line":36,"column":34}},"7":{"start":{"line":37,"column":0},"end":{"line":37,"column":50}},"8":{"start":{"line":37,"column":34},"end":{"line":37,"column":48}},"9":{"start":{"line":38,"column":0},"end":{"line":96,"column":3}},"10":{"start":{"line":39,"column":2},"end":{"line":39,"column":29}},"11":{"start":{"line":40,"column":2},"end":{"line":95,"column":3}},"12":{"start":{"line":41,"column":17},"end":{"line":41,"column":34}},"13":{"start":{"line":42,"column":21},"end":{"line":42,"column":35}},"14":{"start":{"line":45,"column":4},"end":{"line":47,"column":5}},"15":{"start":{"line":46,"column":6},"end":{"line":46,"column":22}},"16":{"start":{"line":49,"column":21},"end":{"line":49,"column":53}},"17":{"start":{"line":52,"column":4},"end":{"line":54,"column":5}},"18":{"start":{"line":53,"column":6},"end":{"line":53,"column":22}},"19":{"start":{"line":57,"column":20},"end":{"line":57,"column":81}},"20":{"start":{"line":58,"column":4},"end":{"line":60,"column":5}},"21":{"start":{"line":59,"column":6},"end":{"line":59,"column":22}},"22":{"start":{"line":63,"column":21},"end":{"line":63,"column":23}},"23":{"start":{"line":64,"column":4},"end":{"line":68,"column":5}},"24":{"start":{"line":65,"column":6},"end":{"line":67,"column":7}},"25":{"start":{"line":66,"column":8},"end":{"line":66,"column":38}},"26":{"start":{"line":71,"column":4},"end":{"line":73,"column":5}},"27":{"start":{"line":72,"column":6},"end":{"line":72,"column":52}},"28":{"start":{"line":75,"column":4},"end":{"line":77,"column":5}},"29":{"start":{"line":76,"column":6},"end":{"line":76,"column":22}},"30":{"start":{"line":80,"column":19},"end":{"line":89,"column":5}},"31":{"start":{"line":91,"column":4},"end":{"line":91,"column":49}},"32":{"start":{"line":94,"column":4},"end":{"line":94,"column":20}}},"fnMap":{"0":{"name":"(anonymous_0)","decl":{"start":{"line":35,"column":32},"end":{"line":35,"column":33}},"loc":{"start":{"line":35,"column":38},"end":{"line":35,"column":53}},"line":35},"1":{"name":"(anonymous_1)","decl":{"start":{"line":37,"column":25},"end":{"line":37,"column":26}},"loc":{"start":{"line":37,"column":34},"end":{"line":37,"column":48}},"line":37},"2":{"name":"(anonymous_2)","decl":{"start":{"line":38,"column":24},"end":{"line":38,"column":25}},"loc":{"start":{"line":38,"column":30},"end":{"line":96,"column":1}},"line":38}},"branchMap":{"0":{"loc":{"start":{"line":45,"column":4},"end":{"line":47,"column":5}},"type":"if","locations":[{"start":{"line":45,"column":4},"end":{"line":47,"column":5}},{"start":{},"end":{}}],"line":45},"1":{"loc":{"start":{"line":45,"column":8},"end":{"line":45,"column":51}},"type":"binary-expr","locations":[{"start":{"line":45,"column":8},"end":{"line":45,"column":28}},{"start":{"line":45,"column":32},"end":{"line":45,"column":51}}],"line":45},"2":{"loc":{"start":{"line":49,"column":21},"end":{"line":49,"column":53}},"type":"binary-expr","locations":[{"start":{"line":49,"column":21},"end":{"line":49,"column":47}},{"start":{"line":49,"column":51},"end":{"line":49,"column":53}}],"line":49},"3":{"loc":{"start":{"line":52,"column":4},"end":{"line":54,"column":5}},"type":"if","locations":[{"start":{"line":52,"column":4},"end":{"line":54,"column":5}},{"start":{},"end":{}}],"line":52},"4":{"loc":{"start":{"line":52,"column":8},"end":{"line":52,"column":77}},"type":"binary-expr","locations":[{"start":{"line":52,"column":8},"end":{"line":52,"column":40}},{"start":{"line":52,"column":44},"end":{"line":52,"column":77}}],"line":52},"5":{"loc":{"start":{"line":57,"column":20},"end":{"line":57,"column":81}},"type":"binary-expr","locations":[{"start":{"line":57,"column":20},"end":{"line":57,"column":44}},{"start":{"line":57,"column":48},"end":{"line":57,"column":75}},{"start":{"line":57,"column":79},"end":{"line":57,"column":81}}],"line":57},"6":{"loc":{"start":{"line":58,"column":4},"end":{"line":60,"column":5}},"type":"if","locations":[{"start":{"line":58,"column":4},"end":{"line":60,"column":5}},{"start":{},"end":{}}],"line":58},"7":{"loc":{"start":{"line":65,"column":6},"end":{"line":67,"column":7}},"type":"if","locations":[{"start":{"line":65,"column":6},"end":{"line":67,"column":7}},{"start":{},"end":{}}],"line":65},"8":{"loc":{"start":{"line":71,"column":4},"end":{"line":73,"column":5}},"type":"if","locations":[{"start":{"line":71,"column":4},"end":{"line":73,"column":5}},{"start":{},"end":{}}],"line":71},"9":{"loc":{"start":{"line":75,"column":4},"end":{"line":77,"column":5}},"type":"if","locations":[{"start":{"line":75,"column":4},"end":{"line":77,"column":5}},{"start":{},"end":{}}],"line":75}},"s":{"0":0,"1":0,"2":0,"3":0,"4":0,"5":0,"6":0,"7":0,"8":0,"9":0,"10":0,"11":0,"12":0,"13":0,"14":0,"15":0,"16":0,"17":0,"18":0,"19":0,"20":0,"21":0,"22":0,"23":0,"24":0,"25":0,"26":0,"27":0,"28":0,"29":0,"30":0,"31":0,"32":0},"f":{"0":0,"1":0,"2":0},"b":{"0":[0,0],"1":[0,0],"2":[0,0],"3":[0,0],"4":[0,0],"5":[0,0,0],"6":[0,0],"7":[0,0],"8":[0,0],"9":[0,0]}}
,"/Users/familyaccount/git/FinanceApp/.claude/hooks/gsd-statusline.js": {"path":"/Users/familyaccount/git/FinanceApp/.claude/hooks/gsd-statusline.js","statementMap":{"0":{"start":{"line":6,"column":11},"end":{"line":6,"column":24}},"1":{"start":{"line":7,"column":13},"end":{"line":7,"column":28}},"2":{"start":{"line":8,"column":11},"end":{"line":8,"column":24}},"3":{"start":{"line":11,"column":12},"end":{"line":11,"column":14}},"4":{"start":{"line":14,"column":21},"end":{"line":14,"column":60}},"5":{"start":{"line":14,"column":38},"end":{"line":14,"column":53}},"6":{"start":{"line":15,"column":0},"end":{"line":15,"column":34}},"7":{"start":{"line":16,"column":0},"end":{"line":16,"column":50}},"8":{"start":{"line":16,"column":34},"end":{"line":16,"column":48}},"9":{"start":{"line":17,"column":0},"end":{"line":119,"column":3}},"10":{"start":{"line":18,"column":2},"end":{"line":18,"column":29}},"11":{"start":{"line":19,"column":2},"end":{"line":118,"column":3}},"12":{"start":{"line":20,"column":17},"end":{"line":20,"column":34}},"13":{"start":{"line":21,"column":18},"end":{"line":21,"column":54}},"14":{"start":{"line":22,"column":16},"end":{"line":22,"column":60}},"15":{"start":{"line":23,"column":20},"end":{"line":23,"column":41}},"16":{"start":{"line":24,"column":22},"end":{"line":24,"column":63}},"17":{"start":{"line":29,"column":36},"end":{"line":29,"column":40}},"18":{"start":{"line":30,"column":14},"end":{"line":30,"column":16}},"19":{"start":{"line":31,"column":4},"end":{"line":67,"column":5}},"20":{"start":{"line":33,"column":30},"end":{"line":33,"column":122}},"21":{"start":{"line":34,"column":19},"end":{"line":34,"column":80}},"22":{"start":{"line":38,"column":6},"end":{"line":51,"column":7}},"23":{"start":{"line":39,"column":8},"end":{"line":50,"column":9}},"24":{"start":{"line":40,"column":29},"end":{"line":40,"column":81}},"25":{"start":{"line":41,"column":29},"end":{"line":46,"column":12}},"26":{"start":{"line":47,"column":10},"end":{"line":47,"column":51}},"27":{"start":{"line":54,"column":21},"end":{"line":54,"column":42}},"28":{"start":{"line":55,"column":18},"end":{"line":55,"column":62}},"29":{"start":{"line":58,"column":6},"end":{"line":66,"column":7}},"30":{"start":{"line":59,"column":8},"end":{"line":59,"column":48}},"31":{"start":{"line":60,"column":13},"end":{"line":66,"column":7}},"32":{"start":{"line":61,"column":8},"end":{"line":61,"column":48}},"33":{"start":{"line":62,"column":13},"end":{"line":66,"column":7}},"34":{"start":{"line":63,"column":8},"end":{"line":63,"column":54}},"35":{"start":{"line":65,"column":8},"end":{"line":65,"column":53}},"36":{"start":{"line":70,"column":15},"end":{"line":70,"column":17}},"37":{"start":{"line":71,"column":20},"end":{"line":71,"column":32}},"38":{"start":{"line":73,"column":22},"end":{"line":73,"column":84}},"39":{"start":{"line":74,"column":21},"end":{"line":74,"column":50}},"40":{"start":{"line":75,"column":4},"end":{"line":92,"column":5}},"41":{"start":{"line":76,"column":6},"end":{"line":91,"column":7}},"42":{"start":{"line":77,"column":22},"end":{"line":80,"column":44}},"43":{"start":{"line":78,"column":23},"end":{"line":78,"column":92}},"44":{"start":{"line":79,"column":21},"end":{"line":79,"column":82}},"45":{"start":{"line":80,"column":26},"end":{"line":80,"column":43}},"46":{"start":{"line":82,"column":8},"end":{"line":88,"column":9}},"47":{"start":{"line":83,"column":10},"end":{"line":87,"column":24}},"48":{"start":{"line":84,"column":26},"end":{"line":84,"column":97}},"49":{"start":{"line":85,"column":31},"end":{"line":85,"column":74}},"50":{"start":{"line":85,"column":47},"end":{"line":85,"column":73}},"51":{"start":{"line":86,"column":12},"end":{"line":86,"column":63}},"52":{"start":{"line":86,"column":28},"end":{"line":86,"column":63}},"53":{"start":{"line":95,"column":20},"end":{"line":95,"column":22}},"54":{"start":{"line":96,"column":22},"end":{"line":96,"column":76}},"55":{"start":{"line":97,"column":4},"end":{"line":107,"column":5}},"56":{"start":{"line":98,"column":6},"end":{"line":106,"column":20}},"57":{"start":{"line":99,"column":22},"end":{"line":99,"column":68}},"58":{"start":{"line":100,"column":8},"end":{"line":102,"column":9}},"59":{"start":{"line":101,"column":10},"end":{"line":101,"column":56}},"60":{"start":{"line":103,"column":8},"end":{"line":105,"column":9}},"61":{"start":{"line":104,"column":10},"end":{"line":104,"column":75}},"62":{"start":{"line":110,"column":20},"end":{"line":110,"column":38}},"63":{"start":{"line":111,"column":4},"end":{"line":115,"column":5}},"64":{"start":{"line":112,"column":6},"end":{"line":112,"column":122}},"65":{"start":{"line":114,"column":6},"end":{"line":114,"column":98}}},"fnMap":{"0":{"name":"(anonymous_0)","decl":{"start":{"line":14,"column":32},"end":{"line":14,"column":33}},"loc":{"start":{"line":14,"column":38},"end":{"line":14,"column":53}},"line":14},"1":{"name":"(anonymous_1)","decl":{"start":{"line":16,"column":25},"end":{"line":16,"column":26}},"loc":{"start":{"line":16,"column":34},"end":{"line":16,"column":48}},"line":16},"2":{"name":"(anonymous_2)","decl":{"start":{"line":17,"column":24},"end":{"line":17,"column":25}},"loc":{"start":{"line":17,"column":30},"end":{"line":119,"column":1}},"line":17},"3":{"name":"(anonymous_3)","decl":{"start":{"line":78,"column":18},"end":{"line":78,"column":19}},"loc":{"start":{"line":78,"column":23},"end":{"line":78,"column":92}},"line":78},"4":{"name":"(anonymous_4)","decl":{"start":{"line":79,"column":15},"end":{"line":79,"column":16}},"loc":{"start":{"line":79,"column":21},"end":{"line":79,"column":82}},"line":79},"5":{"name":"(anonymous_5)","decl":{"start":{"line":80,"column":16},"end":{"line":80,"column":17}},"loc":{"start":{"line":80,"column":26},"end":{"line":80,"column":43}},"line":80},"6":{"name":"(anonymous_6)","decl":{"start":{"line":85,"column":42},"end":{"line":85,"column":43}},"loc":{"start":{"line":85,"column":47},"end":{"line":85,"column":73}},"line":85}},"branchMap":{"0":{"loc":{"start":{"line":21,"column":18},"end":{"line":21,"column":54}},"type":"binary-expr","locations":[{"start":{"line":21,"column":18},"end":{"line":21,"column":42}},{"start":{"line":21,"column":46},"end":{"line":21,"column":54}}],"line":21},"1":{"loc":{"start":{"line":22,"column":16},"end":{"line":22,"column":60}},"type":"binary-expr","locations":[{"start":{"line":22,"column":16},"end":{"line":22,"column":43}},{"start":{"line":22,"column":47},"end":{"line":22,"column":60}}],"line":22},"2":{"loc":{"start":{"line":23,"column":20},"end":{"line":23,"column":41}},"type":"binary-expr","locations":[{"start":{"line":23,"column":20},"end":{"line":23,"column":35}},{"start":{"line":23,"column":39},"end":{"line":23,"column":41}}],"line":23},"3":{"loc":{"start":{"line":31,"column":4},"end":{"line":67,"column":5}},"type":"if","locations":[{"start":{"line":31,"column":4},"end":{"line":67,"column":5}},{"start":{},"end":{}}],"line":31},"4":{"loc":{"start":{"line":38,"column":6},"end":{"line":51,"column":7}},"type":"if","locations":[{"start":{"line":38,"column":6},"end":{"line":51,"column":7}},{"start":{},"end":{}}],"line":38},"5":{"loc":{"start":{"line":58,"column":6},"end":{"line":66,"column":7}},"type":"if","locations":[{"start":{"line":58,"column":6},"end":{"line":66,"column":7}},{"start":{"line":60,"column":13},"end":{"line":66,"column":7}}],"line":58},"6":{"loc":{"start":{"line":60,"column":13},"end":{"line":66,"column":7}},"type":"if","locations":[{"start":{"line":60,"column":13},"end":{"line":66,"column":7}},{"start":{"line":62,"column":13},"end":{"line":66,"column":7}}],"line":60},"7":{"loc":{"start":{"line":62,"column":13},"end":{"line":66,"column":7}},"type":"if","locations":[{"start":{"line":62,"column":13},"end":{"line":66,"column":7}},{"start":{"line":64,"column":13},"end":{"line":66,"column":7}}],"line":62},"8":{"loc":{"start":{"line":73,"column":22},"end":{"line":73,"column":84}},"type":"binary-expr","locations":[{"start":{"line":73,"column":22},"end":{"line":73,"column":51}},{"start":{"line":73,"column":55},"end":{"line":73,"column":84}}],"line":73},"9":{"loc":{"start":{"line":75,"column":4},"end":{"line":92,"column":5}},"type":"if","locations":[{"start":{"line":75,"column":4},"end":{"line":92,"column":5}},{"start":{},"end":{}}],"line":75},"10":{"loc":{"start":{"line":75,"column":8},"end":{"line":75,"column":42}},"type":"binary-expr","locations":[{"start":{"line":75,"column":8},"end":{"line":75,"column":15}},{"start":{"line":75,"column":19},"end":{"line":75,"column":42}}],"line":75},"11":{"loc":{"start":{"line":78,"column":23},"end":{"line":78,"column":92}},"type":"binary-expr","locations":[{"start":{"line":78,"column":23},"end":{"line":78,"column":44}},{"start":{"line":78,"column":48},"end":{"line":78,"column":69}},{"start":{"line":78,"column":73},"end":{"line":78,"column":92}}],"line":78},"12":{"loc":{"start":{"line":82,"column":8},"end":{"line":88,"column":9}},"type":"if","locations":[{"start":{"line":82,"column":8},"end":{"line":88,"column":9}},{"start":{},"end":{}}],"line":82},"13":{"loc":{"start":{"line":86,"column":12},"end":{"line":86,"column":63}},"type":"if","locations":[{"start":{"line":86,"column":12},"end":{"line":86,"column":63}},{"start":{},"end":{}}],"line":86},"14":{"loc":{"start":{"line":86,"column":35},"end":{"line":86,"column":62}},"type":"binary-expr","locations":[{"start":{"line":86,"column":35},"end":{"line":86,"column":56}},{"start":{"line":86,"column":60},"end":{"line":86,"column":62}}],"line":86},"15":{"loc":{"start":{"line":97,"column":4},"end":{"line":107,"column":5}},"type":"if","locations":[{"start":{"line":97,"column":4},"end":{"line":107,"column":5}},{"start":{},"end":{}}],"line":97},"16":{"loc":{"start":{"line":100,"column":8},"end":{"line":102,"column":9}},"type":"if","locations":[{"start":{"line":100,"column":8},"end":{"line":102,"column":9}},{"start":{},"end":{}}],"line":100},"17":{"loc":{"start":{"line":103,"column":8},"end":{"line":105,"column":9}},"type":"if","locations":[{"start":{"line":103,"column":8},"end":{"line":105,"column":9}},{"start":{},"end":{}}],"line":103},"18":{"loc":{"start":{"line":103,"column":12},"end":{"line":103,"column":61}},"type":"binary-expr","locations":[{"start":{"line":103,"column":12},"end":{"line":103,"column":29}},{"start":{"line":103,"column":33},"end":{"line":103,"column":61}}],"line":103},"19":{"loc":{"start":{"line":111,"column":4},"end":{"line":115,"column":5}},"type":"if","locations":[{"start":{"line":111,"column":4},"end":{"line":115,"column":5}},{"start":{"line":113,"column":11},"end":{"line":115,"column":5}}],"line":111}},"s":{"0":0,"1":0,"2":0,"3":0,"4":0,"5":0,"6":0,"7":0,"8":0,"9":0,"10":0,"11":0,"12":0,"13":0,"14":0,"15":0,"16":0,"17":0,"18":0,"19":0,"20":0,"21":0,"22":0,"23":0,"24":0,"25":0,"26":0,"27":0,"28":0,"29":0,"30":0,"31":0,"32":0,"33":0,"34":0,"35":0,"36":0,"37":0,"38":0,"39":0,"40":0,"41":0,"42":0,"43":0,"44":0,"45":0,"46":0,"47":0,"48":0,"49":0,"50":0,"51":0,"52":0,"53":0,"54":0,"55":0,"56":0,"57":0,"58":0,"59":0,"60":0,"61":0,"62":0,"63":0,"64":0,"65":0},"f":{"0":0,"1":0,"2":0,"3":0,"4":0,"5":0,"6":0},"b":{"0":[0,0],"1":[0,0],"2":[0,0],"3":[0,0],"4":[0,0],"5":[0,0],"6":[0,0],"7":[0,0],"8":[0,0],"9":[0,0],"10":[0,0],"11":[0,0,0],"12":[0,0],"13":[0,0],"14":[0,0],"15":[0,0],"16":[0,0],"17":[0,0],"18":[0,0],"19":[0,0]}}
,"/Users/familyaccount/git/FinanceApp/.claude/hooks/gsd-workflow-guard.js": {"path":"/Users/familyaccount/git/FinanceApp/.claude/hooks/gsd-workflow-guard.js","statementMap":{"0":{"start":{"line":14,"column":11},"end":{"line":14,"column":24}},"1":{"start":{"line":15,"column":13},"end":{"line":15,"column":28}},"2":{"start":{"line":17,"column":12},"end":{"line":17,"column":14}},"3":{"start":{"line":18,"column":21},"end":{"line":18,"column":60}},"4":{"start":{"line":18,"column":38},"end":{"line":18,"column":53}},"5":{"start":{"line":19,"column":0},"end":{"line":19,"column":34}},"6":{"start":{"line":20,"column":0},"end":{"line":20,"column":50}},"7":{"start":{"line":20,"column":34},"end":{"line":20,"column":48}},"8":{"start":{"line":21,"column":0},"end":{"line":94,"column":3}},"9":{"start":{"line":22,"column":2},"end":{"line":22,"column":29}},"10":{"start":{"line":23,"column":2},"end":{"line":93,"column":3}},"11":{"start":{"line":24,"column":17},"end":{"line":24,"column":34}},"12":{"start":{"line":25,"column":21},"end":{"line":25,"column":35}},"13":{"start":{"line":28,"column":4},"end":{"line":30,"column":5}},"14":{"start":{"line":29,"column":6},"end":{"line":29,"column":22}},"15":{"start":{"line":35,"column":4},"end":{"line":37,"column":5}},"16":{"start":{"line":36,"column":6},"end":{"line":36,"column":22}},"17":{"start":{"line":40,"column":21},"end":{"line":40,"column":78}},"18":{"start":{"line":43,"column":4},"end":{"line":45,"column":5}},"19":{"start":{"line":44,"column":6},"end":{"line":44,"column":22}},"20":{"start":{"line":48,"column":28},"end":{"line":55,"column":5}},"21":{"start":{"line":56,"column":4},"end":{"line":58,"column":5}},"22":{"start":{"line":56,"column":34},"end":{"line":56,"column":50}},"23":{"start":{"line":57,"column":6},"end":{"line":57,"column":22}},"24":{"start":{"line":61,"column":16},"end":{"line":61,"column":41}},"25":{"start":{"line":62,"column":23},"end":{"line":62,"column":65}},"26":{"start":{"line":63,"column":4},"end":{"line":74,"column":5}},"27":{"start":{"line":64,"column":6},"end":{"line":71,"column":7}},"28":{"start":{"line":65,"column":23},"end":{"line":65,"column":70}},"29":{"start":{"line":66,"column":8},"end":{"line":68,"column":9}},"30":{"start":{"line":67,"column":10},"end":{"line":67,"column":26}},"31":{"start":{"line":70,"column":8},"end":{"line":70,"column":24}},"32":{"start":{"line":73,"column":6},"end":{"line":73,"column":22}},"33":{"start":{"line":78,"column":19},"end":{"line":87,"column":5}},"34":{"start":{"line":89,"column":4},"end":{"line":89,"column":49}},"35":{"start":{"line":92,"column":4},"end":{"line":92,"column":20}}},"fnMap":{"0":{"name":"(anonymous_0)","decl":{"start":{"line":18,"column":32},"end":{"line":18,"column":33}},"loc":{"start":{"line":18,"column":38},"end":{"line":18,"column":53}},"line":18},"1":{"name":"(anonymous_1)","decl":{"start":{"line":20,"column":25},"end":{"line":20,"column":26}},"loc":{"start":{"line":20,"column":34},"end":{"line":20,"column":48}},"line":20},"2":{"name":"(anonymous_2)","decl":{"start":{"line":21,"column":24},"end":{"line":21,"column":25}},"loc":{"start":{"line":21,"column":30},"end":{"line":94,"column":1}},"line":21},"3":{"name":"(anonymous_3)","decl":{"start":{"line":56,"column":29},"end":{"line":56,"column":30}},"loc":{"start":{"line":56,"column":34},"end":{"line":56,"column":50}},"line":56}},"branchMap":{"0":{"loc":{"start":{"line":28,"column":4},"end":{"line":30,"column":5}},"type":"if","locations":[{"start":{"line":28,"column":4},"end":{"line":30,"column":5}},{"start":{},"end":{}}],"line":28},"1":{"loc":{"start":{"line":28,"column":8},"end":{"line":28,"column":51}},"type":"binary-expr","locations":[{"start":{"line":28,"column":8},"end":{"line":28,"column":28}},{"start":{"line":28,"column":32},"end":{"line":28,"column":51}}],"line":28},"2":{"loc":{"start":{"line":35,"column":4},"end":{"line":37,"column":5}},"type":"if","locations":[{"start":{"line":35,"column":4},"end":{"line":37,"column":5}},{"start":{},"end":{}}],"line":35},"3":{"loc":{"start":{"line":35,"column":8},"end":{"line":35,"column":68}},"type":"binary-expr","locations":[{"start":{"line":35,"column":8},"end":{"line":35,"column":36}},{"start":{"line":35,"column":40},"end":{"line":35,"column":68}}],"line":35},"4":{"loc":{"start":{"line":40,"column":21},"end":{"line":40,"column":78}},"type":"binary-expr","locations":[{"start":{"line":40,"column":21},"end":{"line":40,"column":47}},{"start":{"line":40,"column":51},"end":{"line":40,"column":72}},{"start":{"line":40,"column":76},"end":{"line":40,"column":78}}],"line":40},"5":{"loc":{"start":{"line":43,"column":4},"end":{"line":45,"column":5}},"type":"if","locations":[{"start":{"line":43,"column":4},"end":{"line":45,"column":5}},{"start":{},"end":{}}],"line":43},"6":{"loc":{"start":{"line":43,"column":8},"end":{"line":43,"column":75}},"type":"binary-expr","locations":[{"start":{"line":43,"column":8},"end":{"line":43,"column":39}},{"start":{"line":43,"column":43},"end":{"line":43,"column":75}}],"line":43},"7":{"loc":{"start":{"line":56,"column":4},"end":{"line":58,"column":5}},"type":"if","locations":[{"start":{"line":56,"column":4},"end":{"line":58,"column":5}},{"start":{},"end":{}}],"line":56},"8":{"loc":{"start":{"line":61,"column":16},"end":{"line":61,"column":41}},"type":"binary-expr","locations":[{"start":{"line":61,"column":16},"end":{"line":61,"column":24}},{"start":{"line":61,"column":28},"end":{"line":61,"column":41}}],"line":61},"9":{"loc":{"start":{"line":63,"column":4},"end":{"line":74,"column":5}},"type":"if","locations":[{"start":{"line":63,"column":4},"end":{"line":74,"column":5}},{"start":{"line":72,"column":11},"end":{"line":74,"column":5}}],"line":63},"10":{"loc":{"start":{"line":66,"column":8},"end":{"line":68,"column":9}},"type":"if","locations":[{"start":{"line":66,"column":8},"end":{"line":68,"column":9}},{"start":{},"end":{}}],"line":66}},"s":{"0":0,"1":0,"2":0,"3":0,"4":0,"5":0,"6":0,"7":0,"8":0,"9":0,"10":0,"11":0,"12":0,"13":0,"14":0,"15":0,"16":0,"17":0,"18":0,"19":0,"20":0,"21":0,"22":0,"23":0,"24":0,"25":0,"26":0,"27":0,"28":0,"29":0,"30":0,"31":0,"32":0,"33":0,"34":0,"35":0},"f":{"0":0,"1":0,"2":0,"3":0},"b":{"0":[0,0],"1":[0,0],"2":[0,0],"3":[0,0],"4":[0,0,0],"5":[0,0],"6":[0,0],"7":[0,0],"8":[0,0],"9":[0,0],"10":[0,0]}}
,"/Users/familyaccount/git/FinanceApp/.expo/types/router.d.ts": {"path":"/Users/familyaccount/git/FinanceApp/.expo/types/router.d.ts","statementMap":{},"fnMap":{},"branchMap":{},"s":{},"f":{},"b":{}}
,"/Users/familyaccount/git/FinanceApp/.gemini/hooks/gsd-check-update.js": {"path":"/Users/familyaccount/git/FinanceApp/.gemini/hooks/gsd-check-update.js","statementMap":{"0":{"start":{"line":6,"column":11},"end":{"line":6,"column":24}},"1":{"start":{"line":7,"column":13},"end":{"line":7,"column":28}},"2":{"start":{"line":8,"column":11},"end":{"line":8,"column":24}},"3":{"start":{"line":9,"column":18},"end":{"line":9,"column":42}},"4":{"start":{"line":11,"column":16},"end":{"line":11,"column":28}},"5":{"start":{"line":12,"column":12},"end":{"line":12,"column":25}},"6":{"start":{"line":18,"column":17},"end":{"line":18,"column":46}},"7":{"start":{"line":19,"column":2},"end":{"line":21,"column":3}},"8":{"start":{"line":20,"column":4},"end":{"line":20,"column":18}},"9":{"start":{"line":22,"column":2},"end":{"line":26,"column":3}},"10":{"start":{"line":23,"column":4},"end":{"line":25,"column":5}},"11":{"start":{"line":24,"column":6},"end":{"line":24,"column":37}},"12":{"start":{"line":27,"column":2},"end":{"line":27,"column":49}},"13":{"start":{"line":30,"column":24},"end":{"line":30,"column":48}},"14":{"start":{"line":31,"column":25},"end":{"line":31,"column":45}},"15":{"start":{"line":32,"column":17},"end":{"line":32,"column":52}},"16":{"start":{"line":33,"column":18},"end":{"line":33,"column":62}},"17":{"start":{"line":36,"column":27},"end":{"line":36,"column":82}},"18":{"start":{"line":37,"column":26},"end":{"line":37,"column":80}},"19":{"start":{"line":40,"column":0},"end":{"line":42,"column":1}},"20":{"start":{"line":41,"column":2},"end":{"line":41,"column":46}},"21":{"start":{"line":45,"column":14},"end":{"line":112,"column":2}},"22":{"start":{"line":114,"column":0},"end":{"line":114,"column":14}}},"fnMap":{"0":{"name":"detectConfigDir","decl":{"start":{"line":16,"column":9},"end":{"line":16,"column":24}},"loc":{"start":{"line":16,"column":34},"end":{"line":28,"column":1}},"line":16}},"branchMap":{"0":{"loc":{"start":{"line":19,"column":2},"end":{"line":21,"column":3}},"type":"if","locations":[{"start":{"line":19,"column":2},"end":{"line":21,"column":3}},{"start":{},"end":{}}],"line":19},"1":{"loc":{"start":{"line":19,"column":6},"end":{"line":19,"column":76}},"type":"binary-expr","locations":[{"start":{"line":19,"column":6},"end":{"line":19,"column":12}},{"start":{"line":19,"column":16},"end":{"line":19,"column":76}}],"line":19},"2":{"loc":{"start":{"line":23,"column":4},"end":{"line":25,"column":5}},"type":"if","locations":[{"start":{"line":23,"column":4},"end":{"line":25,"column":5}},{"start":{},"end":{}}],"line":23},"3":{"loc":{"start":{"line":27,"column":9},"end":{"line":27,"column":48}},"type":"binary-expr","locations":[{"start":{"line":27,"column":9},"end":{"line":27,"column":15}},{"start":{"line":27,"column":19},"end":{"line":27,"column":48}}],"line":27},"4":{"loc":{"start":{"line":40,"column":0},"end":{"line":42,"column":1}},"type":"if","locations":[{"start":{"line":40,"column":0},"end":{"line":42,"column":1}},{"start":{},"end":{}}],"line":40}},"s":{"0":0,"1":0,"2":0,"3":0,"4":0,"5":0,"6":0,"7":0,"8":0,"9":0,"10":0,"11":0,"12":0,"13":0,"14":0,"15":0,"16":0,"17":0,"18":0,"19":0,"20":0,"21":0,"22":0},"f":{"0":0},"b":{"0":[0,0],"1":[0,0],"2":[0,0],"3":[0,0],"4":[0,0]}}
,"/Users/familyaccount/git/FinanceApp/.gemini/hooks/gsd-context-monitor.js": {"path":"/Users/familyaccount/git/FinanceApp/.gemini/hooks/gsd-context-monitor.js","statementMap":{"0":{"start":{"line":21,"column":11},"end":{"line":21,"column":24}},"1":{"start":{"line":22,"column":11},"end":{"line":22,"column":24}},"2":{"start":{"line":23,"column":13},"end":{"line":23,"column":28}},"3":{"start":{"line":25,"column":26},"end":{"line":25,"column":28}},"4":{"start":{"line":26,"column":27},"end":{"line":26,"column":29}},"5":{"start":{"line":27,"column":22},"end":{"line":27,"column":24}},"6":{"start":{"line":28,"column":23},"end":{"line":28,"column":24}},"7":{"start":{"line":30,"column":12},"end":{"line":30,"column":14}},"8":{"start":{"line":35,"column":21},"end":{"line":35,"column":61}},"9":{"start":{"line":35,"column":38},"end":{"line":35,"column":53}},"10":{"start":{"line":36,"column":0},"end":{"line":36,"column":34}},"11":{"start":{"line":37,"column":0},"end":{"line":37,"column":50}},"12":{"start":{"line":37,"column":34},"end":{"line":37,"column":48}},"13":{"start":{"line":38,"column":0},"end":{"line":156,"column":3}},"14":{"start":{"line":39,"column":2},"end":{"line":39,"column":29}},"15":{"start":{"line":40,"column":2},"end":{"line":155,"column":3}},"16":{"start":{"line":41,"column":17},"end":{"line":41,"column":34}},"17":{"start":{"line":42,"column":22},"end":{"line":42,"column":37}},"18":{"start":{"line":44,"column":4},"end":{"line":46,"column":5}},"19":{"start":{"line":45,"column":6},"end":{"line":45,"column":22}},"20":{"start":{"line":49,"column":16},"end":{"line":49,"column":41}},"21":{"start":{"line":50,"column":23},"end":{"line":50,"column":65}},"22":{"start":{"line":51,"column":4},"end":{"line":60,"column":5}},"23":{"start":{"line":52,"column":6},"end":{"line":59,"column":7}},"24":{"start":{"line":53,"column":23},"end":{"line":53,"column":70}},"25":{"start":{"line":54,"column":8},"end":{"line":56,"column":9}},"26":{"start":{"line":55,"column":10},"end":{"line":55,"column":26}},"27":{"start":{"line":62,"column":19},"end":{"line":62,"column":30}},"28":{"start":{"line":63,"column":24},"end":{"line":63,"column":73}},"29":{"start":{"line":66,"column":4},"end":{"line":68,"column":5}},"30":{"start":{"line":67,"column":6},"end":{"line":67,"column":22}},"31":{"start":{"line":70,"column":20},"end":{"line":70,"column":68}},"32":{"start":{"line":71,"column":16},"end":{"line":71,"column":45}},"33":{"start":{"line":74,"column":4},"end":{"line":76,"column":5}},"34":{"start":{"line":75,"column":6},"end":{"line":75,"column":22}},"35":{"start":{"line":78,"column":22},"end":{"line":78,"column":50}},"36":{"start":{"line":79,"column":20},"end":{"line":79,"column":36}},"37":{"start":{"line":82,"column":4},"end":{"line":84,"column":5}},"38":{"start":{"line":83,"column":6},"end":{"line":83,"column":22}},"39":{"start":{"line":87,"column":21},"end":{"line":87,"column":77}},"40":{"start":{"line":88,"column":19},"end":{"line":88,"column":57}},"41":{"start":{"line":89,"column":20},"end":{"line":89,"column":24}},"42":{"start":{"line":91,"column":4},"end":{"line":98,"column":5}},"43":{"start":{"line":92,"column":6},"end":{"line":97,"column":7}},"44":{"start":{"line":93,"column":8},"end":{"line":93,"column":65}},"45":{"start":{"line":94,"column":8},"end":{"line":94,"column":26}},"46":{"start":{"line":100,"column":4},"end":{"line":100,"column":65}},"47":{"start":{"line":102,"column":23},"end":{"line":102,"column":54}},"48":{"start":{"line":103,"column":25},"end":{"line":103,"column":60}},"49":{"start":{"line":107,"column":30},"end":{"line":107,"column":93}},"50":{"start":{"line":108,"column":4},"end":{"line":112,"column":5}},"51":{"start":{"line":110,"column":6},"end":{"line":110,"column":59}},"52":{"start":{"line":111,"column":6},"end":{"line":111,"column":22}},"53":{"start":{"line":115,"column":4},"end":{"line":115,"column":32}},"54":{"start":{"line":116,"column":4},"end":{"line":116,"column":38}},"55":{"start":{"line":117,"column":4},"end":{"line":117,"column":57}},"56":{"start":{"line":120,"column":24},"end":{"line":120,"column":78}},"57":{"start":{"line":125,"column":4},"end":{"line":142,"column":5}},"58":{"start":{"line":126,"column":6},"end":{"line":133,"column":105}},"59":{"start":{"line":135,"column":6},"end":{"line":141,"column":39}},"60":{"start":{"line":144,"column":19},"end":{"line":149,"column":5}},"61":{"start":{"line":151,"column":4},"end":{"line":151,"column":49}},"62":{"start":{"line":154,"column":4},"end":{"line":154,"column":20}}},"fnMap":{"0":{"name":"(anonymous_0)","decl":{"start":{"line":35,"column":32},"end":{"line":35,"column":33}},"loc":{"start":{"line":35,"column":38},"end":{"line":35,"column":53}},"line":35},"1":{"name":"(anonymous_1)","decl":{"start":{"line":37,"column":25},"end":{"line":37,"column":26}},"loc":{"start":{"line":37,"column":34},"end":{"line":37,"column":48}},"line":37},"2":{"name":"(anonymous_2)","decl":{"start":{"line":38,"column":24},"end":{"line":38,"column":25}},"loc":{"start":{"line":38,"column":30},"end":{"line":156,"column":1}},"line":38}},"branchMap":{"0":{"loc":{"start":{"line":44,"column":4},"end":{"line":46,"column":5}},"type":"if","locations":[{"start":{"line":44,"column":4},"end":{"line":46,"column":5}},{"start":{},"end":{}}],"line":44},"1":{"loc":{"start":{"line":49,"column":16},"end":{"line":49,"column":41}},"type":"binary-expr","locations":[{"start":{"line":49,"column":16},"end":{"line":49,"column":24}},{"start":{"line":49,"column":28},"end":{"line":49,"column":41}}],"line":49},"2":{"loc":{"start":{"line":51,"column":4},"end":{"line":60,"column":5}},"type":"if","locations":[{"start":{"line":51,"column":4},"end":{"line":60,"column":5}},{"start":{},"end":{}}],"line":51},"3":{"loc":{"start":{"line":54,"column":8},"end":{"line":56,"column":9}},"type":"if","locations":[{"start":{"line":54,"column":8},"end":{"line":56,"column":9}},{"start":{},"end":{}}],"line":54},"4":{"loc":{"start":{"line":66,"column":4},"end":{"line":68,"column":5}},"type":"if","locations":[{"start":{"line":66,"column":4},"end":{"line":68,"column":5}},{"start":{},"end":{}}],"line":66},"5":{"loc":{"start":{"line":74,"column":4},"end":{"line":76,"column":5}},"type":"if","locations":[{"start":{"line":74,"column":4},"end":{"line":76,"column":5}},{"start":{},"end":{}}],"line":74},"6":{"loc":{"start":{"line":74,"column":8},"end":{"line":74,"column":70}},"type":"binary-expr","locations":[{"start":{"line":74,"column":8},"end":{"line":74,"column":25}},{"start":{"line":74,"column":29},"end":{"line":74,"column":70}}],"line":74},"7":{"loc":{"start":{"line":82,"column":4},"end":{"line":84,"column":5}},"type":"if","locations":[{"start":{"line":82,"column":4},"end":{"line":84,"column":5}},{"start":{},"end":{}}],"line":82},"8":{"loc":{"start":{"line":91,"column":4},"end":{"line":98,"column":5}},"type":"if","locations":[{"start":{"line":91,"column":4},"end":{"line":98,"column":5}},{"start":{},"end":{}}],"line":91},"9":{"loc":{"start":{"line":100,"column":31},"end":{"line":100,"column":59}},"type":"binary-expr","locations":[{"start":{"line":100,"column":31},"end":{"line":100,"column":54}},{"start":{"line":100,"column":58},"end":{"line":100,"column":59}}],"line":100},"10":{"loc":{"start":{"line":103,"column":25},"end":{"line":103,"column":60}},"type":"cond-expr","locations":[{"start":{"line":103,"column":38},"end":{"line":103,"column":48}},{"start":{"line":103,"column":51},"end":{"line":103,"column":60}}],"line":103},"11":{"loc":{"start":{"line":107,"column":30},"end":{"line":107,"column":93}},"type":"binary-expr","locations":[{"start":{"line":107,"column":30},"end":{"line":107,"column":57}},{"start":{"line":107,"column":61},"end":{"line":107,"column":93}}],"line":107},"12":{"loc":{"start":{"line":108,"column":4},"end":{"line":112,"column":5}},"type":"if","locations":[{"start":{"line":108,"column":4},"end":{"line":112,"column":5}},{"start":{},"end":{}}],"line":108},"13":{"loc":{"start":{"line":108,"column":8},"end":{"line":108,"column":84}},"type":"binary-expr","locations":[{"start":{"line":108,"column":8},"end":{"line":108,"column":18}},{"start":{"line":108,"column":22},"end":{"line":108,"column":62}},{"start":{"line":108,"column":66},"end":{"line":108,"column":84}}],"line":108},"14":{"loc":{"start":{"line":125,"column":4},"end":{"line":142,"column":5}},"type":"if","locations":[{"start":{"line":125,"column":4},"end":{"line":142,"column":5}},{"start":{"line":134,"column":11},"end":{"line":142,"column":5}}],"line":125},"15":{"loc":{"start":{"line":126,"column":16},"end":{"line":133,"column":104}},"type":"cond-expr","locations":[{"start":{"line":127,"column":10},"end":{"line":130,"column":63}},{"start":{"line":131,"column":10},"end":{"line":133,"column":104}}],"line":126},"16":{"loc":{"start":{"line":135,"column":16},"end":{"line":141,"column":38}},"type":"cond-expr","locations":[{"start":{"line":136,"column":10},"end":{"line":138,"column":77}},{"start":{"line":139,"column":10},"end":{"line":141,"column":38}}],"line":135},"17":{"loc":{"start":{"line":146,"column":23},"end":{"line":146,"column":79}},"type":"cond-expr","locations":[{"start":{"line":146,"column":52},"end":{"line":146,"column":63}},{"start":{"line":146,"column":66},"end":{"line":146,"column":79}}],"line":146}},"s":{"0":0,"1":0,"2":0,"3":0,"4":0,"5":0,"6":0,"7":0,"8":0,"9":0,"10":0,"11":0,"12":0,"13":0,"14":0,"15":0,"16":0,"17":0,"18":0,"19":0,"20":0,"21":0,"22":0,"23":0,"24":0,"25":0,"26":0,"27":0,"28":0,"29":0,"30":0,"31":0,"32":0,"33":0,"34":0,"35":0,"36":0,"37":0,"38":0,"39":0,"40":0,"41":0,"42":0,"43":0,"44":0,"45":0,"46":0,"47":0,"48":0,"49":0,"50":0,"51":0,"52":0,"53":0,"54":0,"55":0,"56":0,"57":0,"58":0,"59":0,"60":0,"61":0,"62":0},"f":{"0":0,"1":0,"2":0},"b":{"0":[0,0],"1":[0,0],"2":[0,0],"3":[0,0],"4":[0,0],"5":[0,0],"6":[0,0],"7":[0,0],"8":[0,0],"9":[0,0],"10":[0,0],"11":[0,0],"12":[0,0],"13":[0,0,0],"14":[0,0],"15":[0,0],"16":[0,0],"17":[0,0]}}
,"/Users/familyaccount/git/FinanceApp/.gemini/hooks/gsd-prompt-guard.js": {"path":"/Users/familyaccount/git/FinanceApp/.gemini/hooks/gsd-prompt-guard.js","statementMap":{"0":{"start":{"line":14,"column":11},"end":{"line":14,"column":24}},"1":{"start":{"line":15,"column":13},"end":{"line":15,"column":28}},"2":{"start":{"line":18,"column":27},"end":{"line":32,"column":1}},"3":{"start":{"line":34,"column":12},"end":{"line":34,"column":14}},"4":{"start":{"line":35,"column":21},"end":{"line":35,"column":60}},"5":{"start":{"line":35,"column":38},"end":{"line":35,"column":53}},"6":{"start":{"line":36,"column":0},"end":{"line":36,"column":34}},"7":{"start":{"line":37,"column":0},"end":{"line":37,"column":50}},"8":{"start":{"line":37,"column":34},"end":{"line":37,"column":48}},"9":{"start":{"line":38,"column":0},"end":{"line":96,"column":3}},"10":{"start":{"line":39,"column":2},"end":{"line":39,"column":29}},"11":{"start":{"line":40,"column":2},"end":{"line":95,"column":3}},"12":{"start":{"line":41,"column":17},"end":{"line":41,"column":34}},"13":{"start":{"line":42,"column":21},"end":{"line":42,"column":35}},"14":{"start":{"line":45,"column":4},"end":{"line":47,"column":5}},"15":{"start":{"line":46,"column":6},"end":{"line":46,"column":22}},"16":{"start":{"line":49,"column":21},"end":{"line":49,"column":53}},"17":{"start":{"line":52,"column":4},"end":{"line":54,"column":5}},"18":{"start":{"line":53,"column":6},"end":{"line":53,"column":22}},"19":{"start":{"line":57,"column":20},"end":{"line":57,"column":81}},"20":{"start":{"line":58,"column":4},"end":{"line":60,"column":5}},"21":{"start":{"line":59,"column":6},"end":{"line":59,"column":22}},"22":{"start":{"line":63,"column":21},"end":{"line":63,"column":23}},"23":{"start":{"line":64,"column":4},"end":{"line":68,"column":5}},"24":{"start":{"line":65,"column":6},"end":{"line":67,"column":7}},"25":{"start":{"line":66,"column":8},"end":{"line":66,"column":38}},"26":{"start":{"line":71,"column":4},"end":{"line":73,"column":5}},"27":{"start":{"line":72,"column":6},"end":{"line":72,"column":52}},"28":{"start":{"line":75,"column":4},"end":{"line":77,"column":5}},"29":{"start":{"line":76,"column":6},"end":{"line":76,"column":22}},"30":{"start":{"line":80,"column":19},"end":{"line":89,"column":5}},"31":{"start":{"line":91,"column":4},"end":{"line":91,"column":49}},"32":{"start":{"line":94,"column":4},"end":{"line":94,"column":20}}},"fnMap":{"0":{"name":"(anonymous_0)","decl":{"start":{"line":35,"column":32},"end":{"line":35,"column":33}},"loc":{"start":{"line":35,"column":38},"end":{"line":35,"column":53}},"line":35},"1":{"name":"(anonymous_1)","decl":{"start":{"line":37,"column":25},"end":{"line":37,"column":26}},"loc":{"start":{"line":37,"column":34},"end":{"line":37,"column":48}},"line":37},"2":{"name":"(anonymous_2)","decl":{"start":{"line":38,"column":24},"end":{"line":38,"column":25}},"loc":{"start":{"line":38,"column":30},"end":{"line":96,"column":1}},"line":38}},"branchMap":{"0":{"loc":{"start":{"line":45,"column":4},"end":{"line":47,"column":5}},"type":"if","locations":[{"start":{"line":45,"column":4},"end":{"line":47,"column":5}},{"start":{},"end":{}}],"line":45},"1":{"loc":{"start":{"line":45,"column":8},"end":{"line":45,"column":51}},"type":"binary-expr","locations":[{"start":{"line":45,"column":8},"end":{"line":45,"column":28}},{"start":{"line":45,"column":32},"end":{"line":45,"column":51}}],"line":45},"2":{"loc":{"start":{"line":49,"column":21},"end":{"line":49,"column":53}},"type":"binary-expr","locations":[{"start":{"line":49,"column":21},"end":{"line":49,"column":47}},{"start":{"line":49,"column":51},"end":{"line":49,"column":53}}],"line":49},"3":{"loc":{"start":{"line":52,"column":4},"end":{"line":54,"column":5}},"type":"if","locations":[{"start":{"line":52,"column":4},"end":{"line":54,"column":5}},{"start":{},"end":{}}],"line":52},"4":{"loc":{"start":{"line":52,"column":8},"end":{"line":52,"column":77}},"type":"binary-expr","locations":[{"start":{"line":52,"column":8},"end":{"line":52,"column":40}},{"start":{"line":52,"column":44},"end":{"line":52,"column":77}}],"line":52},"5":{"loc":{"start":{"line":57,"column":20},"end":{"line":57,"column":81}},"type":"binary-expr","locations":[{"start":{"line":57,"column":20},"end":{"line":57,"column":44}},{"start":{"line":57,"column":48},"end":{"line":57,"column":75}},{"start":{"line":57,"column":79},"end":{"line":57,"column":81}}],"line":57},"6":{"loc":{"start":{"line":58,"column":4},"end":{"line":60,"column":5}},"type":"if","locations":[{"start":{"line":58,"column":4},"end":{"line":60,"column":5}},{"start":{},"end":{}}],"line":58},"7":{"loc":{"start":{"line":65,"column":6},"end":{"line":67,"column":7}},"type":"if","locations":[{"start":{"line":65,"column":6},"end":{"line":67,"column":7}},{"start":{},"end":{}}],"line":65},"8":{"loc":{"start":{"line":71,"column":4},"end":{"line":73,"column":5}},"type":"if","locations":[{"start":{"line":71,"column":4},"end":{"line":73,"column":5}},{"start":{},"end":{}}],"line":71},"9":{"loc":{"start":{"line":75,"column":4},"end":{"line":77,"column":5}},"type":"if","locations":[{"start":{"line":75,"column":4},"end":{"line":77,"column":5}},{"start":{},"end":{}}],"line":75}},"s":{"0":0,"1":0,"2":0,"3":0,"4":0,"5":0,"6":0,"7":0,"8":0,"9":0,"10":0,"11":0,"12":0,"13":0,"14":0,"15":0,"16":0,"17":0,"18":0,"19":0,"20":0,"21":0,"22":0,"23":0,"24":0,"25":0,"26":0,"27":0,"28":0,"29":0,"30":0,"31":0,"32":0},"f":{"0":0,"1":0,"2":0},"b":{"0":[0,0],"1":[0,0],"2":[0,0],"3":[0,0],"4":[0,0],"5":[0,0,0],"6":[0,0],"7":[0,0],"8":[0,0],"9":[0,0]}}
,"/Users/familyaccount/git/FinanceApp/.gemini/hooks/gsd-statusline.js": {"path":"/Users/familyaccount/git/FinanceApp/.gemini/hooks/gsd-statusline.js","statementMap":{"0":{"start":{"line":6,"column":11},"end":{"line":6,"column":24}},"1":{"start":{"line":7,"column":13},"end":{"line":7,"column":28}},"2":{"start":{"line":8,"column":11},"end":{"line":8,"column":24}},"3":{"start":{"line":11,"column":12},"end":{"line":11,"column":14}},"4":{"start":{"line":14,"column":21},"end":{"line":14,"column":60}},"5":{"start":{"line":14,"column":38},"end":{"line":14,"column":53}},"6":{"start":{"line":15,"column":0},"end":{"line":15,"column":34}},"7":{"start":{"line":16,"column":0},"end":{"line":16,"column":50}},"8":{"start":{"line":16,"column":34},"end":{"line":16,"column":48}},"9":{"start":{"line":17,"column":0},"end":{"line":119,"column":3}},"10":{"start":{"line":18,"column":2},"end":{"line":18,"column":29}},"11":{"start":{"line":19,"column":2},"end":{"line":118,"column":3}},"12":{"start":{"line":20,"column":17},"end":{"line":20,"column":34}},"13":{"start":{"line":21,"column":18},"end":{"line":21,"column":54}},"14":{"start":{"line":22,"column":16},"end":{"line":22,"column":60}},"15":{"start":{"line":23,"column":20},"end":{"line":23,"column":41}},"16":{"start":{"line":24,"column":22},"end":{"line":24,"column":63}},"17":{"start":{"line":29,"column":36},"end":{"line":29,"column":40}},"18":{"start":{"line":30,"column":14},"end":{"line":30,"column":16}},"19":{"start":{"line":31,"column":4},"end":{"line":67,"column":5}},"20":{"start":{"line":33,"column":30},"end":{"line":33,"column":122}},"21":{"start":{"line":34,"column":19},"end":{"line":34,"column":80}},"22":{"start":{"line":38,"column":6},"end":{"line":51,"column":7}},"23":{"start":{"line":39,"column":8},"end":{"line":50,"column":9}},"24":{"start":{"line":40,"column":29},"end":{"line":40,"column":81}},"25":{"start":{"line":41,"column":29},"end":{"line":46,"column":12}},"26":{"start":{"line":47,"column":10},"end":{"line":47,"column":51}},"27":{"start":{"line":54,"column":21},"end":{"line":54,"column":42}},"28":{"start":{"line":55,"column":18},"end":{"line":55,"column":62}},"29":{"start":{"line":58,"column":6},"end":{"line":66,"column":7}},"30":{"start":{"line":59,"column":8},"end":{"line":59,"column":48}},"31":{"start":{"line":60,"column":13},"end":{"line":66,"column":7}},"32":{"start":{"line":61,"column":8},"end":{"line":61,"column":48}},"33":{"start":{"line":62,"column":13},"end":{"line":66,"column":7}},"34":{"start":{"line":63,"column":8},"end":{"line":63,"column":54}},"35":{"start":{"line":65,"column":8},"end":{"line":65,"column":53}},"36":{"start":{"line":70,"column":15},"end":{"line":70,"column":17}},"37":{"start":{"line":71,"column":20},"end":{"line":71,"column":32}},"38":{"start":{"line":73,"column":22},"end":{"line":73,"column":84}},"39":{"start":{"line":74,"column":21},"end":{"line":74,"column":50}},"40":{"start":{"line":75,"column":4},"end":{"line":92,"column":5}},"41":{"start":{"line":76,"column":6},"end":{"line":91,"column":7}},"42":{"start":{"line":77,"column":22},"end":{"line":80,"column":44}},"43":{"start":{"line":78,"column":23},"end":{"line":78,"column":92}},"44":{"start":{"line":79,"column":21},"end":{"line":79,"column":82}},"45":{"start":{"line":80,"column":26},"end":{"line":80,"column":43}},"46":{"start":{"line":82,"column":8},"end":{"line":88,"column":9}},"47":{"start":{"line":83,"column":10},"end":{"line":87,"column":24}},"48":{"start":{"line":84,"column":26},"end":{"line":84,"column":97}},"49":{"start":{"line":85,"column":31},"end":{"line":85,"column":74}},"50":{"start":{"line":85,"column":47},"end":{"line":85,"column":73}},"51":{"start":{"line":86,"column":12},"end":{"line":86,"column":63}},"52":{"start":{"line":86,"column":28},"end":{"line":86,"column":63}},"53":{"start":{"line":95,"column":20},"end":{"line":95,"column":22}},"54":{"start":{"line":96,"column":22},"end":{"line":96,"column":76}},"55":{"start":{"line":97,"column":4},"end":{"line":107,"column":5}},"56":{"start":{"line":98,"column":6},"end":{"line":106,"column":20}},"57":{"start":{"line":99,"column":22},"end":{"line":99,"column":68}},"58":{"start":{"line":100,"column":8},"end":{"line":102,"column":9}},"59":{"start":{"line":101,"column":10},"end":{"line":101,"column":56}},"60":{"start":{"line":103,"column":8},"end":{"line":105,"column":9}},"61":{"start":{"line":104,"column":10},"end":{"line":104,"column":75}},"62":{"start":{"line":110,"column":20},"end":{"line":110,"column":38}},"63":{"start":{"line":111,"column":4},"end":{"line":115,"column":5}},"64":{"start":{"line":112,"column":6},"end":{"line":112,"column":122}},"65":{"start":{"line":114,"column":6},"end":{"line":114,"column":98}}},"fnMap":{"0":{"name":"(anonymous_0)","decl":{"start":{"line":14,"column":32},"end":{"line":14,"column":33}},"loc":{"start":{"line":14,"column":38},"end":{"line":14,"column":53}},"line":14},"1":{"name":"(anonymous_1)","decl":{"start":{"line":16,"column":25},"end":{"line":16,"column":26}},"loc":{"start":{"line":16,"column":34},"end":{"line":16,"column":48}},"line":16},"2":{"name":"(anonymous_2)","decl":{"start":{"line":17,"column":24},"end":{"line":17,"column":25}},"loc":{"start":{"line":17,"column":30},"end":{"line":119,"column":1}},"line":17},"3":{"name":"(anonymous_3)","decl":{"start":{"line":78,"column":18},"end":{"line":78,"column":19}},"loc":{"start":{"line":78,"column":23},"end":{"line":78,"column":92}},"line":78},"4":{"name":"(anonymous_4)","decl":{"start":{"line":79,"column":15},"end":{"line":79,"column":16}},"loc":{"start":{"line":79,"column":21},"end":{"line":79,"column":82}},"line":79},"5":{"name":"(anonymous_5)","decl":{"start":{"line":80,"column":16},"end":{"line":80,"column":17}},"loc":{"start":{"line":80,"column":26},"end":{"line":80,"column":43}},"line":80},"6":{"name":"(anonymous_6)","decl":{"start":{"line":85,"column":42},"end":{"line":85,"column":43}},"loc":{"start":{"line":85,"column":47},"end":{"line":85,"column":73}},"line":85}},"branchMap":{"0":{"loc":{"start":{"line":21,"column":18},"end":{"line":21,"column":54}},"type":"binary-expr","locations":[{"start":{"line":21,"column":18},"end":{"line":21,"column":42}},{"start":{"line":21,"column":46},"end":{"line":21,"column":54}}],"line":21},"1":{"loc":{"start":{"line":22,"column":16},"end":{"line":22,"column":60}},"type":"binary-expr","locations":[{"start":{"line":22,"column":16},"end":{"line":22,"column":43}},{"start":{"line":22,"column":47},"end":{"line":22,"column":60}}],"line":22},"2":{"loc":{"start":{"line":23,"column":20},"end":{"line":23,"column":41}},"type":"binary-expr","locations":[{"start":{"line":23,"column":20},"end":{"line":23,"column":35}},{"start":{"line":23,"column":39},"end":{"line":23,"column":41}}],"line":23},"3":{"loc":{"start":{"line":31,"column":4},"end":{"line":67,"column":5}},"type":"if","locations":[{"start":{"line":31,"column":4},"end":{"line":67,"column":5}},{"start":{},"end":{}}],"line":31},"4":{"loc":{"start":{"line":38,"column":6},"end":{"line":51,"column":7}},"type":"if","locations":[{"start":{"line":38,"column":6},"end":{"line":51,"column":7}},{"start":{},"end":{}}],"line":38},"5":{"loc":{"start":{"line":58,"column":6},"end":{"line":66,"column":7}},"type":"if","locations":[{"start":{"line":58,"column":6},"end":{"line":66,"column":7}},{"start":{"line":60,"column":13},"end":{"line":66,"column":7}}],"line":58},"6":{"loc":{"start":{"line":60,"column":13},"end":{"line":66,"column":7}},"type":"if","locations":[{"start":{"line":60,"column":13},"end":{"line":66,"column":7}},{"start":{"line":62,"column":13},"end":{"line":66,"column":7}}],"line":60},"7":{"loc":{"start":{"line":62,"column":13},"end":{"line":66,"column":7}},"type":"if","locations":[{"start":{"line":62,"column":13},"end":{"line":66,"column":7}},{"start":{"line":64,"column":13},"end":{"line":66,"column":7}}],"line":62},"8":{"loc":{"start":{"line":73,"column":22},"end":{"line":73,"column":84}},"type":"binary-expr","locations":[{"start":{"line":73,"column":22},"end":{"line":73,"column":51}},{"start":{"line":73,"column":55},"end":{"line":73,"column":84}}],"line":73},"9":{"loc":{"start":{"line":75,"column":4},"end":{"line":92,"column":5}},"type":"if","locations":[{"start":{"line":75,"column":4},"end":{"line":92,"column":5}},{"start":{},"end":{}}],"line":75},"10":{"loc":{"start":{"line":75,"column":8},"end":{"line":75,"column":42}},"type":"binary-expr","locations":[{"start":{"line":75,"column":8},"end":{"line":75,"column":15}},{"start":{"line":75,"column":19},"end":{"line":75,"column":42}}],"line":75},"11":{"loc":{"start":{"line":78,"column":23},"end":{"line":78,"column":92}},"type":"binary-expr","locations":[{"start":{"line":78,"column":23},"end":{"line":78,"column":44}},{"start":{"line":78,"column":48},"end":{"line":78,"column":69}},{"start":{"line":78,"column":73},"end":{"line":78,"column":92}}],"line":78},"12":{"loc":{"start":{"line":82,"column":8},"end":{"line":88,"column":9}},"type":"if","locations":[{"start":{"line":82,"column":8},"end":{"line":88,"column":9}},{"start":{},"end":{}}],"line":82},"13":{"loc":{"start":{"line":86,"column":12},"end":{"line":86,"column":63}},"type":"if","locations":[{"start":{"line":86,"column":12},"end":{"line":86,"column":63}},{"start":{},"end":{}}],"line":86},"14":{"loc":{"start":{"line":86,"column":35},"end":{"line":86,"column":62}},"type":"binary-expr","locations":[{"start":{"line":86,"column":35},"end":{"line":86,"column":56}},{"start":{"line":86,"column":60},"end":{"line":86,"column":62}}],"line":86},"15":{"loc":{"start":{"line":97,"column":4},"end":{"line":107,"column":5}},"type":"if","locations":[{"start":{"line":97,"column":4},"end":{"line":107,"column":5}},{"start":{},"end":{}}],"line":97},"16":{"loc":{"start":{"line":100,"column":8},"end":{"line":102,"column":9}},"type":"if","locations":[{"start":{"line":100,"column":8},"end":{"line":102,"column":9}},{"start":{},"end":{}}],"line":100},"17":{"loc":{"start":{"line":103,"column":8},"end":{"line":105,"column":9}},"type":"if","locations":[{"start":{"line":103,"column":8},"end":{"line":105,"column":9}},{"start":{},"end":{}}],"line":103},"18":{"loc":{"start":{"line":103,"column":12},"end":{"line":103,"column":61}},"type":"binary-expr","locations":[{"start":{"line":103,"column":12},"end":{"line":103,"column":29}},{"start":{"line":103,"column":33},"end":{"line":103,"column":61}}],"line":103},"19":{"loc":{"start":{"line":111,"column":4},"end":{"line":115,"column":5}},"type":"if","locations":[{"start":{"line":111,"column":4},"end":{"line":115,"column":5}},{"start":{"line":113,"column":11},"end":{"line":115,"column":5}}],"line":111}},"s":{"0":0,"1":0,"2":0,"3":0,"4":0,"5":0,"6":0,"7":0,"8":0,"9":0,"10":0,"11":0,"12":0,"13":0,"14":0,"15":0,"16":0,"17":0,"18":0,"19":0,"20":0,"21":0,"22":0,"23":0,"24":0,"25":0,"26":0,"27":0,"28":0,"29":0,"30":0,"31":0,"32":0,"33":0,"34":0,"35":0,"36":0,"37":0,"38":0,"39":0,"40":0,"41":0,"42":0,"43":0,"44":0,"45":0,"46":0,"47":0,"48":0,"49":0,"50":0,"51":0,"52":0,"53":0,"54":0,"55":0,"56":0,"57":0,"58":0,"59":0,"60":0,"61":0,"62":0,"63":0,"64":0,"65":0},"f":{"0":0,"1":0,"2":0,"3":0,"4":0,"5":0,"6":0},"b":{"0":[0,0],"1":[0,0],"2":[0,0],"3":[0,0],"4":[0,0],"5":[0,0],"6":[0,0],"7":[0,0],"8":[0,0],"9":[0,0],"10":[0,0],"11":[0,0,0],"12":[0,0],"13":[0,0],"14":[0,0],"15":[0,0],"16":[0,0],"17":[0,0],"18":[0,0],"19":[0,0]}}
,"/Users/familyaccount/git/FinanceApp/.gemini/hooks/gsd-workflow-guard.js": {"path":"/Users/familyaccount/git/FinanceApp/.gemini/hooks/gsd-workflow-guard.js","statementMap":{"0":{"start":{"line":14,"column":11},"end":{"line":14,"column":24}},"1":{"start":{"line":15,"column":13},"end":{"line":15,"column":28}},"2":{"start":{"line":17,"column":12},"end":{"line":17,"column":14}},"3":{"start":{"line":18,"column":21},"end":{"line":18,"column":60}},"4":{"start":{"line":18,"column":38},"end":{"line":18,"column":53}},"5":{"start":{"line":19,"column":0},"end":{"line":19,"column":34}},"6":{"start":{"line":20,"column":0},"end":{"line":20,"column":50}},"7":{"start":{"line":20,"column":34},"end":{"line":20,"column":48}},"8":{"start":{"line":21,"column":0},"end":{"line":94,"column":3}},"9":{"start":{"line":22,"column":2},"end":{"line":22,"column":29}},"10":{"start":{"line":23,"column":2},"end":{"line":93,"column":3}},"11":{"start":{"line":24,"column":17},"end":{"line":24,"column":34}},"12":{"start":{"line":25,"column":21},"end":{"line":25,"column":35}},"13":{"start":{"line":28,"column":4},"end":{"line":30,"column":5}},"14":{"start":{"line":29,"column":6},"end":{"line":29,"column":22}},"15":{"start":{"line":35,"column":4},"end":{"line":37,"column":5}},"16":{"start":{"line":36,"column":6},"end":{"line":36,"column":22}},"17":{"start":{"line":40,"column":21},"end":{"line":40,"column":78}},"18":{"start":{"line":43,"column":4},"end":{"line":45,"column":5}},"19":{"start":{"line":44,"column":6},"end":{"line":44,"column":22}},"20":{"start":{"line":48,"column":28},"end":{"line":55,"column":5}},"21":{"start":{"line":56,"column":4},"end":{"line":58,"column":5}},"22":{"start":{"line":56,"column":34},"end":{"line":56,"column":50}},"23":{"start":{"line":57,"column":6},"end":{"line":57,"column":22}},"24":{"start":{"line":61,"column":16},"end":{"line":61,"column":41}},"25":{"start":{"line":62,"column":23},"end":{"line":62,"column":65}},"26":{"start":{"line":63,"column":4},"end":{"line":74,"column":5}},"27":{"start":{"line":64,"column":6},"end":{"line":71,"column":7}},"28":{"start":{"line":65,"column":23},"end":{"line":65,"column":70}},"29":{"start":{"line":66,"column":8},"end":{"line":68,"column":9}},"30":{"start":{"line":67,"column":10},"end":{"line":67,"column":26}},"31":{"start":{"line":70,"column":8},"end":{"line":70,"column":24}},"32":{"start":{"line":73,"column":6},"end":{"line":73,"column":22}},"33":{"start":{"line":78,"column":19},"end":{"line":87,"column":5}},"34":{"start":{"line":89,"column":4},"end":{"line":89,"column":49}},"35":{"start":{"line":92,"column":4},"end":{"line":92,"column":20}}},"fnMap":{"0":{"name":"(anonymous_0)","decl":{"start":{"line":18,"column":32},"end":{"line":18,"column":33}},"loc":{"start":{"line":18,"column":38},"end":{"line":18,"column":53}},"line":18},"1":{"name":"(anonymous_1)","decl":{"start":{"line":20,"column":25},"end":{"line":20,"column":26}},"loc":{"start":{"line":20,"column":34},"end":{"line":20,"column":48}},"line":20},"2":{"name":"(anonymous_2)","decl":{"start":{"line":21,"column":24},"end":{"line":21,"column":25}},"loc":{"start":{"line":21,"column":30},"end":{"line":94,"column":1}},"line":21},"3":{"name":"(anonymous_3)","decl":{"start":{"line":56,"column":29},"end":{"line":56,"column":30}},"loc":{"start":{"line":56,"column":34},"end":{"line":56,"column":50}},"line":56}},"branchMap":{"0":{"loc":{"start":{"line":28,"column":4},"end":{"line":30,"column":5}},"type":"if","locations":[{"start":{"line":28,"column":4},"end":{"line":30,"column":5}},{"start":{},"end":{}}],"line":28},"1":{"loc":{"start":{"line":28,"column":8},"end":{"line":28,"column":51}},"type":"binary-expr","locations":[{"start":{"line":28,"column":8},"end":{"line":28,"column":28}},{"start":{"line":28,"column":32},"end":{"line":28,"column":51}}],"line":28},"2":{"loc":{"start":{"line":35,"column":4},"end":{"line":37,"column":5}},"type":"if","locations":[{"start":{"line":35,"column":4},"end":{"line":37,"column":5}},{"start":{},"end":{}}],"line":35},"3":{"loc":{"start":{"line":35,"column":8},"end":{"line":35,"column":68}},"type":"binary-expr","locations":[{"start":{"line":35,"column":8},"end":{"line":35,"column":36}},{"start":{"line":35,"column":40},"end":{"line":35,"column":68}}],"line":35},"4":{"loc":{"start":{"line":40,"column":21},"end":{"line":40,"column":78}},"type":"binary-expr","locations":[{"start":{"line":40,"column":21},"end":{"line":40,"column":47}},{"start":{"line":40,"column":51},"end":{"line":40,"column":72}},{"start":{"line":40,"column":76},"end":{"line":40,"column":78}}],"line":40},"5":{"loc":{"start":{"line":43,"column":4},"end":{"line":45,"column":5}},"type":"if","locations":[{"start":{"line":43,"column":4},"end":{"line":45,"column":5}},{"start":{},"end":{}}],"line":43},"6":{"loc":{"start":{"line":43,"column":8},"end":{"line":43,"column":75}},"type":"binary-expr","locations":[{"start":{"line":43,"column":8},"end":{"line":43,"column":39}},{"start":{"line":43,"column":43},"end":{"line":43,"column":75}}],"line":43},"7":{"loc":{"start":{"line":56,"column":4},"end":{"line":58,"column":5}},"type":"if","locations":[{"start":{"line":56,"column":4},"end":{"line":58,"column":5}},{"start":{},"end":{}}],"line":56},"8":{"loc":{"start":{"line":61,"column":16},"end":{"line":61,"column":41}},"type":"binary-expr","locations":[{"start":{"line":61,"column":16},"end":{"line":61,"column":24}},{"start":{"line":61,"column":28},"end":{"line":61,"column":41}}],"line":61},"9":{"loc":{"start":{"line":63,"column":4},"end":{"line":74,"column":5}},"type":"if","locations":[{"start":{"line":63,"column":4},"end":{"line":74,"column":5}},{"start":{"line":72,"column":11},"end":{"line":74,"column":5}}],"line":63},"10":{"loc":{"start":{"line":66,"column":8},"end":{"line":68,"column":9}},"type":"if","locations":[{"start":{"line":66,"column":8},"end":{"line":68,"column":9}},{"start":{},"end":{}}],"line":66}},"s":{"0":0,"1":0,"2":0,"3":0,"4":0,"5":0,"6":0,"7":0,"8":0,"9":0,"10":0,"11":0,"12":0,"13":0,"14":0,"15":0,"16":0,"17":0,"18":0,"19":0,"20":0,"21":0,"22":0,"23":0,"24":0,"25":0,"26":0,"27":0,"28":0,"29":0,"30":0,"31":0,"32":0,"33":0,"34":0,"35":0},"f":{"0":0,"1":0,"2":0,"3":0},"b":{"0":[0,0],"1":[0,0],"2":[0,0],"3":[0,0],"4":[0,0,0],"5":[0,0],"6":[0,0],"7":[0,0],"8":[0,0],"9":[0,0],"10":[0,0]}}
,"/Users/familyaccount/git/FinanceApp/_tests_dev/seed.ts": {"path":"/Users/familyaccount/git/FinanceApp/_tests_dev/seed.ts","statementMap":{"0":{"start":{"line":5,"column":19},"end":{"line":5,"column":111}},"1":{"start":{"line":8,"column":15},"end":{"line":8,"column":25}},"2":{"start":{"line":9,"column":2},"end":{"line":9,"column":65}},"3":{"start":{"line":10,"column":2},"end":{"line":10,"column":14}},"4":{"start":{"line":14,"column":2},"end":{"line":14,"column":20}},"5":{"start":{"line":15,"column":2},"end":{"line":220,"column":3}},"6":{"start":{"line":16,"column":34},"end":{"line":16,"column":66}},"7":{"start":{"line":17,"column":4},"end":{"line":20,"column":5}},"8":{"start":{"line":18,"column":6},"end":{"line":18,"column":83}},"9":{"start":{"line":19,"column":6},"end":{"line":19,"column":19}},"10":{"start":{"line":21,"column":19},"end":{"line":21,"column":34}},"11":{"start":{"line":23,"column":4},"end":{"line":211,"column":7}},"12":{"start":{"line":25,"column":22},"end":{"line":25,"column":67}},"13":{"start":{"line":26,"column":23},"end":{"line":26,"column":69}},"14":{"start":{"line":27,"column":20},"end":{"line":27,"column":63}},"15":{"start":{"line":28,"column":22},"end":{"line":28,"column":67}},"16":{"start":{"line":29,"column":31},"end":{"line":29,"column":78}},"17":{"start":{"line":31,"column":25},"end":{"line":31,"column":93}},"18":{"start":{"line":33,"column":6},"end":{"line":37,"column":7}},"19":{"start":{"line":34,"column":8},"end":{"line":36,"column":10}},"20":{"start":{"line":35,"column":38},"end":{"line":35,"column":72}},"21":{"start":{"line":41,"column":6},"end":{"line":87,"column":7}},"22":{"start":{"line":41,"column":19},"end":{"line":41,"column":20}},"23":{"start":{"line":42,"column":18},"end":{"line":42,"column":28}},"24":{"start":{"line":43,"column":8},"end":{"line":43,"column":37}},"25":{"start":{"line":46,"column":8},"end":{"line":56,"column":11}},"26":{"start":{"line":47,"column":10},"end":{"line":47,"column":64}},"27":{"start":{"line":48,"column":10},"end":{"line":48,"column":37}},"28":{"start":{"line":49,"column":10},"end":{"line":49,"column":63}},"29":{"start":{"line":50,"column":10},"end":{"line":50,"column":35}},"30":{"start":{"line":51,"column":10},"end":{"line":51,"column":33}},"31":{"start":{"line":52,"column":26},"end":{"line":52,"column":37}},"32":{"start":{"line":53,"column":10},"end":{"line":53,"column":30}},"33":{"start":{"line":54,"column":10},"end":{"line":54,"column":37}},"34":{"start":{"li
[...]
4,"column":38}},"8":{"start":{"line":27,"column":2},"end":{"line":29,"column":3}},"9":{"start":{"line":28,"column":4},"end":{"line":28,"column":17}},"10":{"start":{"line":32,"column":2},"end":{"line":32,"column":44}},"11":{"start":{"line":32,"column":31},"end":{"line":32,"column":44}},"12":{"start":{"line":34,"column":2},"end":{"line":34,"column":14}},"13":{"start":{"line":38,"column":2},"end":{"line":38,"column":24}},"14":{"start":{"line":38,"column":17},"end":{"line":38,"column":24}},"15":{"start":{"line":39,"column":2},"end":{"line":42,"column":3}},"16":{"start":{"line":40,"column":4},"end":{"line":40,"column":97}},"17":{"start":{"line":41,"column":4},"end":{"line":41,"column":11}},"18":{"start":{"line":44,"column":2},"end":{"line":44,"column":19}},"19":{"start":{"line":46,"column":2},"end":{"line":237,"column":3}},"20":{"start":{"line":47,"column":4},"end":{"line":234,"column":7}},"21":{"start":{"line":51,"column":38},"end":{"line":51,"column":70}},"22":{"start":{"line":52,"column":8},"end":{"line":52,"column":68}},"23":{"start":{"line":52,"column":22},"end":{"line":52,"column":68}},"24":{"start":{"line":54,"column":30},"end":{"line":54,"column":109}},"25":{"start":{"line":56,"column":31},"end":{"line":67,"column":9}},"26":{"start":{"line":57,"column":22},"end":{"line":61,"column":44}},"27":{"start":{"line":63,"column":10},"end":{"line":65,"column":11}},"28":{"start":{"line":64,"column":12},"end":{"line":64,"column":45}},"29":{"start":{"line":66,"column":10},"end":{"line":66,"column":21}},"30":{"start":{"line":69,"column":74},"end":{"line":75,"column":10}},"31":{"start":{"line":77,"column":8},"end":{"line":77,"column":51}},"32":{"start":{"line":77,"column":29},"end":{"line":77,"column":51}},"33":{"start":{"line":78,"column":8},"end":{"line":78,"column":53}},"34":{"start":{"line":78,"column":30},"end":{"line":78,"column":53}},"35":{"start":{"line":79,"column":8},"end":{"line":79,"column":47}},"36":{"start":{"line":79,"column":27},"end":{"line":79,"column":47}},"37":{"start":{"line":80,"column":8},"end":{"line":80,"column":51}},"38":{"start":{"line":80,"column":29},"end":{"line":80,"column":51}},"39":{"start":{"line":81,"column":8},"end":{"line":81,"column":57}},"40":{"start":{"line":81,"column":32},"end":{"line":81,"column":57}},"41":{"start":{"line":83,"column":20},"end":{"line":83,"column":34}},"42":{"start":{"line":86,"column":28},"end":{"line":99,"column":9}},"43":{"start":{"line":87,"column":10},"end":{"line":98,"column":14}},"44":{"start":{"line":88,"column":12},"end":{"line":96,"column":13}},"45":{"start":{"line":89,"column":14},"end":{"line":95,"column":15}},"46":{"start":{"line":90,"column":34},"end":{"line":90,"column":93}},"47":{"start":{"line":91,"column":16},"end":{"line":91,"column":48}},"48":{"start":{"line":93,"column":16},"end":{"line":93,"column":72}},"49":{"start":{"line":94,"column":16},"end":{"line":94,"column":27}},"50":{"start":{"line":97,"column":12},"end":{"line":97,"column":23}},"51":{"start":{"line":101,"column":33},"end":{"line":123,"column":9}},"52":{"start":{"line":102,"column":10},"end":{"line":122,"column":13}},"53":{"start":{"line":103,"column":33},"end":{"line":103,"column":45}},"54":{"start":{"line":104,"column":33},"end":{"line":104,"column":45}},"55":{"start":{"line":105,"column":27},"end":{"line":105,"column":51}},"56":{"start":{"line":109,"column":28},"end":{"line":109,"column":36}},"57":{"start":{"line":110,"column":12},"end":{"line":110,"column":35}},"58":{"start":{"line":111,"column":12},"end":{"line":111,"column":36}},"59":{"start":{"line":112,"column":12},"end":{"line":112,"column":40}},"60":{"start":{"line":113,"column":12},"end":{"line":113,"column":38}},"61":{"start":{"line":114,"column":12},"end":{"line":114,"column":37}},"62":{"start":{"line":116,"column":12},"end":{"line":121,"column":14}},"63":{"start":{"line":125,"column":29},"end":{"line":146,"column":9}},"64":{"start":{"line":126,"column":26},"end":{"line":126,"column":40}},"65":{"start":{"line":127,"column":32},"end":{"line":127,"column":58}},"66":{"start":{"line":128,"column":30},"end":{"line":128,"column":61}},"67":{"start":{"line":131,"column":10},"end":{"line":137,"column":11}},"68":{"start":{"line":132,"column":12},"end":{"line":136,"column":14}},"69":{"start":{"line":141,"column":10},"end":{"line":145,"column":12}},"70":{"start":{"line":148,"column":24},"end":{"line":154,"column":9}},"71":{"start":{"line":156,"column":8},"end":{"line":156,"column":50}},"72":{"start":{"line":159,"column":38},"end":{"line":159,"column":70}},"73":{"start":{"line":160,"column":8},"end":{"line":160,"column":68}},"74":{"start":{"line":160,"column":22},"end":{"line":160,"column":68}},"75":{"start":{"line":162,"column":20},"end":{"line":162,"column":34}},"76":{"start":{"line":163,"column":25},"end":{"line":163,"column":44}},"77":{"start":{"line":165,"column":31},"end":{"line":194,"column":9}},"78":{"start":{"line":166,"column":28},"end":{"line":166,"column":41}},"79":{"start":{"line":167,"column":29},"end":{"line":167,"column":79}},"80":{"start":{"line":168,"column":25},"end":{"line":168,"column":49}},"81":{"start":{"line":170,"column":10},"end":{"line":190,"column":13}},"82":{"start":{"line":171,"column":24},"end":{"line":171,"column":40}},"83":{"start":{"line":172,"column":12},"end":{"line":189,"column":13}},"84":{"start":{"line":174,"column":14},"end":{"line":180,"column":15}},"85":{"start":{"line":175,"column":16},"end":{"line":175,"column":44}},"86":{"start":{"line":176,"column":21},"end":{"line":180,"column":15}},"87":{"start":{"line":177,"column":16},"end":{"line":177,"column":54}},"88":{"start":{"line":178,"column":21},"end":{"line":180,"column":15}},"89":{"start":{"line":179,"column":16},"end":{"line":179,"column":68}},"90":{"start":{"line":183,"column":14},"end":{"line":185,"column":15}},"91":{"start":{"line":184,"column":16},"end":{"line":184,"column":31}},"92":{"start":{"line":186,"column":14},"end":{"line":186,"column":39}},"93":{"start":{"line":187,"column":19},"end":{"line":189,"column":13}},"94":{"start":{"line":188,"column":14},"end":{"line":188,"column":40}},"95":{"start":{"line":191,"column":10},"end":{"line":191,"column":35}},"96":{"start":{"line":192,"column":10},"end":{"line":192,"column":36}},"97":{"start":{"line":193,"column":10},"end":{"line":193,"column":27}},"98":{"start":{"line":196,"column":26},"end":{"line":224,"column":9}},"99":{"start":{"line":197,"column":39},"end":{"line":197,"column":51}},"100":{"start":{"line":198,"column":26},"end":{"line":198,"column":50}},"101":{"start":{"line":199,"column":10},"end":{"line":199,"column":43}},"102":{"start":{"line":199,"column":36},"end":{"line":199,"column":43}},"103":{"start":{"line":201,"column":29},"end":{"line":204,"column":13}},"104":{"start":{"line":201,"column":52},"end":{"line":204,"column":11}},"105":{"start":{"line":207,"column":35},"end":{"line":220,"column":13}},"106":{"start":{"line":208,"column":79},"end":{"line":208,"column":82}},"107":{"start":{"line":209,"column":33},"end":{"line":209,"column":76}},"108":{"start":{"line":211,"column":12},"end":{"line":219,"column":14}},"109":{"start":{"line":222,"column":28},"end":{"line":222,"column":83}},"110":{"start":{"line":223,"column":10},"end":{"line":223,"column":33}},"111":{"start":{"line":223,"column":21},"end":{"line":223,"column":33}},"112":{"start":{"line":226,"column":8},"end":{"line":232,"column":11}},"113":{"start":{"line":236,"column":4},"end":{"line":236,"column":22}}},"fnMap":{"0":{"name":"setSyncLock","decl":{"start":{"line":10,"column":16},"end":{"line":10,"column":27}},"loc":{"start":{"line":10,"column":45},"end":{"line":12,"column":1}},"line":10},"1":{"name":"isValidDate","decl":{"start":{"line":18,"column":9},"end":{"line":18,"column":20}},"loc":{"start":{"line":18,"column":46},"end":{"line":35,"column":1}},"line":18},"2":{"name":"syncData","decl":{"start":{"line":37,"column":22},"end":{"line":37,"column":30}},"loc":{"start":{"line":37,"column":33},"end":{"line":238,"column":1}},"line":37},"3":{"name":"(anonymous_3)","decl":{"start":{"line":50,"column":19},"end":{"line":50,"column":20}},"loc":{"start":{"line":50,"column":47},"end":{"line":157,"column":7}},"line":50},"4":{"name":"(anonymous_4)","decl":{"start":{"line":56,"column":31},"end":{"line":56,"column":32}},"loc":{"start":{"line":56,"column":56},"end":{"line":67,"column":9}},"line":56},"5":{"name":"(anonymous_5)","decl":{"start":{"line":86,"column":28},"end":{"line":86,"column":29}},"loc":{"start":{"line":86,"column":51},"end":{"line":99,"column":9}},"line":86},"6":{"name":"(anonymous_6)","decl":{"start":{"line":87,"column":38},"end":{"line":87,"column":39}},"loc":{"start":{"line":87,"column":53},"end":{"line":98,"column":11}},"line":87},"7":{"name":"(anonymous_7)","decl":{"start":{"line":101,"column":33},"end":{"line":101,"column":34}},"loc":{"start":{"line":101,"column":50},"end":{"line":123,"column":9}},"line":101},"8":{"name":"(anonymous_8)","decl":{"start":{"line":102,"column":34},"end":{"line":102,"column":35}},"loc":{"start":{"line":102,"column":39},"end":{"line":122,"column":11}},"line":102},"9":{"name":"(anonymous_9)","decl":{"start":{"line":125,"column":29},"end":{"line":125,"column":30}},"loc":{"start":{"line":125,"column":49},"end":{"line":146,"column":9}},"line":125},"10":{"name":"(anonymous_10)","decl":{"start":{"line":158,"column":19},"end":{"line":158,"column":20}},"loc":{"start":{"line":158,"column":42},"end":{"line":233,"column":7}},"line":158},"11":{"name":"(anonymous_11)","decl":{"start":{"line":165,"column":31},"end":{"line":165,"column":32}},"loc":{"start":{"line":165,"column":48},"end":{"line":194,"column":9}},"line":165},"12":{"name":"(anonymous_12)","decl":{"start":{"line":170,"column":29},"end":{"line":170,"column":30}},"loc":{"start":{"line":170,"column":38},"end":{"line":190,"column":11}},"line":170},"13":{"name":"(anonymous_13)","decl":{"start":{"line":196,"column":26},"end":{"line":196,"column":27}},"loc":{"start":{"line":196,"column":74},"end":{"line":224,"column":9}},"line":196},"14":{"name":"(anonymous_14)","decl":{"start":{"line":201,"column":41},"end":{"line":201,"column":42}},"loc":{"start":{"line":201,"column":52},"end":{"line":204,"column":11}},"line":201},"15":{"name":"(anonymous_15)","decl":{"start":{"line":207,"column":68},"end":{"line":207,"column":69}},"loc":{"start":{"line":207,"column":83},"end":{"line":220,"column":11}},"line":207}},"branchMap":{"0":{"loc":{"start":{"line":19,"column":2},"end":{"line":19,"column":31}},"type":"if","locations":[{"start":{"line":19,"column":2},"end":{"line":19,"column":31}},{"start":{},"end":{}}],"line":19},"1":{"loc":{"start":{"line":22,"column":2},"end":{"line":22,"column":36}},"type":"if","locations":[{"start":{"line":22,"column":2},"end":{"line":22,"column":36}},{"start":{},"end":{}}],"line":22},"2":{"loc":{"start":{"line":27,"column":2},"end":{"line":29,"column":3}},"type":"if","locations":[{"start":{"line":27,"column":2},"end":{"line":29,"column":3}},{"start":{},"end":{}}],"line":27},"3":{"loc":{"start":{"line":27,"column":6},"end":{"line":27,"column":92}},"type":"binary-expr","locations":[{"start":{"line":27,"column":6},"end":{"line":27,"column":32}},{"start":{"line":27,"column":36},"end":{"line":27,"column":62}},{"start":{"line":27,"column":66},"end":{"line":27,"column":92}}],"line":27},"4":{"loc":{"start":{"line":32,"column":2},"end":{"line":32,"column":44}},"type":"if","locations":[{"start":{"line":32,"column":2},"end":{"line":32,"column":44}},{"start":{},"end":{}}],"line":32},"5":{"loc":{"start":{"line":38,"column":2},"end":{"line":38,"column":24}},"type":"if","locations":[{"start":{"line":38,"column":2},"end":{"line":38,"column":24}},{"start":{},"end":{}}],"line":38},"6":{"loc":{"start":{"line":39,"column":2},"end":{"line":42,"column":3}},"type":"if","locations":[{"start":{"line":39,"column":2},"end":{"line":42,"column":3}},{"start":{},"end":{}}],"line":39},"7":{"loc":{"start":{"line":52,"column":8},"end":{"line":52,"column":68}},"type":"if","locations":[{"start":{"line":52,"column":8},"end":{"line":52,"column":68}},{"start":{},"end":{}}],"line":52},"8":{"loc":{"start":{"line":54,"column":30},"end":{"line":54,"column":109}},"type":"cond-expr","locations":[{"start":{"line":54,"column":45},"end":{"line":54,"column":81}},{"start":{"line":54,"column":84},"end":{"line":54,"column":109}}],"line":54},"9":{"loc":{"start":{"line":63,"column":10},"end":{"line":65,"column":11}},"type":"if","locations":[{"start":{"line":63,"column":10},"end":{"line":65,"column":11}},{"start":{},"end":{}}],"line":63},"10":{"loc":{"start":{"line":63,"column":14},"end":{"line":63,"column":45}},"type":"binary-expr","locations":[{"start":{"line":63,"column":14},"end":{"line":63,"column":23}},{"start":{"line":63,"column":27},"end":{"line":63,"column":45}}],"line":63},"11":{"loc":{"start":{"line":77,"column":8},"end":{"line":77,"column":51}},"type":"if","locations":[{"start":{"line":77,"column":8},"end":{"line":77,"column":51}},{"start":{},"end":{}}],"line":77},"12":{"loc":{"start":{"line":78,"column":8},"end":{"line":78,"column":53}},"type":"if","locations":[{"start":{"line":78,"column":8},"end":{"line":78,"column":53}},{"start":{},"end":{}}],"line":78},"13":{"loc":{"start":{"line":79,"column":8},"end":{"line":79,"column":47}},"type":"if","locations":[{"start":{"line":79,"column":8},"end":{"line":79,"column":47}},{"start":{},"end":{}}],"line":79},"14":{"loc":{"start":{"line":80,"column":8},"end":{"line":80,"column":51}},"type":"if","locations":[{"start":{"line":80,"column":8},"end":{"line":80,"column":51}},{"start":{},"end":{}}],"line":80},"15":{"loc":{"start":{"line":81,"column":8},"end":{"line":81,"column":57}},"type":"if","locations":[{"start":{"line":81,"column":8},"end":{"line":81,"column":57}},{"start":{},"end":{}}],"line":81},"16":{"loc":{"start":{"line":88,"column":12},"end":{"line":96,"column":13}},"type":"if","locations":[{"start":{"line":88,"column":12},"end":{"line":96,"column":13}},{"start":{},"end":{}}],"line":88},"17":{"loc":{"start":{"line":88,"column":16},"end":{"line":88,"column":50}},"type":"binary-expr","locations":[{"start":{"line":88,"column":16},"end":{"line":88,"column":32}},{"start":{"line":88,"column":36},"end":{"line":88,"column":50}}],"line":88},"18":{"loc":{"start":{"line":102,"column":18},"end":{"line":102,"column":28}},"type":"binary-expr","locations":[{"start":{"line":102,"column":18},"end":{"line":102,"column":22}},{"start":{"line":102,"column":26},"end":{"line":102,"column":28}}],"line":102},"19":{"loc":{"start":{"line":119,"column":34},"end":{"line":119,"column":128}},"type":"cond-expr","locations":[{"start":{"line":119,"column":62},"end":{"line":119,"column":74}},{"start":{"line":119,"column":78},"end":{"line":119,"column":127}}],"line":119},"20":{"loc":{"start":{"line":119,"column":78},"end":{"line":119,"column":127}},"type":"cond-expr","locations":[{"start":{"line":119,"column":106},"end":{"line":119,"column":118}},{"start":{"line":119,"column":121},"end":{"line":119,"column":127}}],"line":119},"21":{"loc":{"start":{"line":120,"column":34},"end":{"line":120,"column":83}},"type":"cond-expr","locations":[{"start":{"line":120,"column":62},"end":{"line":120,"column":74}},{"start":{"line":120,"column":77},"end":{"line":120,"column":83}}],"line":120},"22":{"loc":{"start":{"line":126,"column":26},"end":{"line":126,"column":40}},"type":"binary-expr","locations":[{"start":{"line":126,"column":26},"end":{"line":126,"column":34}},{"start":{"line":126,"column":38},"end":{"line":126,"column":40}}],"line":126},"23":{"loc":{"start":{"line":131,"column":10},"end":{"line":137,"column":11}},"type":"if","locations":[{"start":{"line":131,"column":10},"end":{"line":137,"column":11}},{"start":{},"end":{}}],"line":131},"24":{"loc":{"start":{"line":160,"column":8},"end":{"line":160,"column":68}},"type":"if","locations":[{"start":{"line":160,"column":8},"end":{"line":160,"column":68}},{"start":{},"end":{}}],"line":160},"25":{"loc":{"start":{"line":172,"column":12},"end":{"line":189,"column":13}},"type":"if","locations":[{"start":{"line":172,"column":12},"end":{"line":189,"column":13}},{"start":{"line":187,"column":19},"end":{"line":189,"column":13}}],"line":172},"26":{"loc":{"start":{"line":172,"column":16},"end":{"line":172,"column":53}},"type":"binary-expr","locations":[{"start":{"line":172,"column":16},"end":{"line":172,"column":35}},{"start":{"line":172,"column":39},"end":{"line":172,"column":53}}],"line":172},"27":{"loc":{"start":{"line":174,"column":14},"end":{"line":180,"column":15}},"type":"if","locations":[{"start":{"line":174,"column":14},"end":{"line":180,"column":15}},{"start":{"line":176,"column":21},"end":{"line":180,"column":15}}],"line":174},"28":{"loc":{"start":{"line":176,"column":21},"end":{"line":180,"column":15}},"type":"if","locations":[{"start":{"line":176,"column":21},"end":{"line":180,"column":15}},{"start":{"line":178,"column":21},"end":{"line":180,"column":15}}],"line":176},"29":{"loc":{"start":{"line":178,"column":21},"end":{"line":180,"column":15}},"type":"if","locations":[{"start":{"line":178,"column":21},"end":{"line":180,"column":15}},{"start":{},"end":{}}],"line":178},"30":{"loc":{"start":{"line":178,"column":25},"end":{"line":178,"column":76}},"type":"binary-expr","locations":[{"start":{"line":178,"column":25},"end":{"line":178,"column":50}},{"start":{"line":178,"column":54},"end":{"line":178,"column":76}}],"line":178},"31":{"loc":{"start":{"line":183,"column":14},"end":{"line":185,"column":15}},"type":"if","locations":[{"start":{"line":183,"column":14},"end":{"line":185,"column":15}},{"start":{},"end":{}}],"line":183},"32":{"loc":{"start":{"line":187,"column":19},"end":{"line":189,"column":13}},"type":"if","locations":[{"start":{"line":187,"column":19},"end":{"line":189,"column":13}},{"start":{},"end":{}}],"line":187},"33":{"loc":{"start":{"line":199,"column":10},"end":{"line":199,"column":43}},"type":"if","locations":[{"start":{"line":199,"column":10},"end":{"line":199,"column":43}},{"start":{},"end":{}}],"line":199},"34":{"loc":{"start":{"line":214,"column":35},"end":{"line":214,"column":58}},"type":"binary-expr","locations":[{"start":{"line":214,"column":35},"end":{"line":214,"column":44}},{"start":{"line":214,"column":48},"end":{"line":214,"column":58}}],"line":214},"35":{"loc":{"start":{"line":215,"column":35},"end":{"line":215,"column":58}},"type":"binary-expr","locations":[{"start":{"line":215,"column":35},"end":{"line":215,"column":44}},{"start":{"line":215,"column":48},"end":{"line":215,"column":58}}],"line":215},"36":{"loc":{"start":{"line":223,"column":10},"end":{"line":223,"column":33}},"type":"if","locations":[{"start":{"line":223,"column":10},"end":{"line":223,"column":33}},{"start":{},"end":{}}],"line":223}},"s":{"0":0,"1":0,"2":0,"3":0,"4":0,"5":0,"6":0,"7":0,"8":0,"9":0,"10":0,"11":0,"12":0,"13":0,"14":0,"15":0,"16":0,"17":0,"18":0,"19":0,"20":0,"21":0,"22":0,"23":0,"24":0,"25":0,"26":0,"27":0,"28":0,"29":0,"30":0,"31":0,"32":0,"33":0,"34":0,"35":0,"36":0,"37":0,"38":0,"39":0,"40":0,"41":0,"42":0,"43":0,"44":0,"45":0,"46":0,"47":0,"48":0,"49":0,"50":0,"51":0,"52":0,"53":0,"54":0,"55":0,"56":0,"57":0,"58":0,"59":0,"60":0,"61":0,"62":0,"63":0,"64":0,"65":0,"66":0,"67":0,"68":0,"69":0,"70":0,"71":0,"72":0,"73":0,"74":0,"75":0,"76":0,"77":0,"78":0,"79":0,"80":0,"81":0,"82":0,"83":0,"84":0,"85":0,"86":0,"87":0,"88":0,"89":0,"90":0,"91":0,"92":0,"93":0,"94":0,"95":0,"96":0,"97":0,"98":0,"99":0,"100":0,"101":0,"102":0,"103":0,"104":0,"105":0,"106":0,"107":0,"108":0,"109":0,"110":0,"111":0,"112":0,"113":0},"f":{"0":0,"1":0,"2":0,"3":0,"4":0,"5":0,"6":0,"7":0,"8":0,"9":0,"10":0,"11":0,"12":0,"13":0,"14":0,"15":0},"b":{"0":[0,0],"1":[0,0],"2":[0,0],"3":[0,0,0],"4":[0,0],"5":[0,0],"6":[0,0],"7":[0,0],"8":[0,0],"9":[0,0],"10":[0,0],"11":[0,0],"12":[0,0],"13":[0,0],"14":[0,0],"15":[0,0],"16":[0,0],"17":[0,0],"18":[0,0],"19":[0,0],"20":[0,0],"21":[0,0],"22":[0,0],"23":[0,0],"24":[0,0],"25":[0,0],"26":[0,0],"27":[0,0],"28":[0,0],"29":[0,0],"30":[0,0],"31":[0,0],"32":[0,0],"33":[0,0],"34":[0,0],"35":[0,0],"36":[0,0]}}
}
