TN:
SF:eslint.config.js
FNF:0
FNH:0
DA:2,0
DA:3,0
DA:5,0
LF:3
LH:0
BRF:0
BRH:0
end_of_record
TN:
SF:expo-env.d.ts
FNF:0
FNH:0
LF:0
LH:0
BRF:0
BRH:0
end_of_record
TN:
SF:index.js
FNF:0
FNH:0
LF:0
LH:0
BRF:0
BRH:0
end_of_record
TN:
SF:index.web.js
FN:12,bootstrap
FN:20,(anonymous_1)
FN:28,(anonymous_2)
FNF:3
FNH:0
FNDA:0,bootstrap
FNDA:0,(anonymous_1)
FNDA:0,(anonymous_2)
DA:13,0
DA:15,0
DA:16,0
DA:17,0
DA:18,0
DA:20,0
DA:21,0
DA:22,0
DA:27,0
DA:28,0
DA:32,0
DA:33,0
DA:34,0
DA:35,0
DA:39,0
DA:40,0
DA:44,0
DA:45,0
DA:48,0
DA:51,0
DA:52,0
DA:53,0
DA:55,0
DA:60,0
LF:24
LH:0
BRDA:39,0,0,0
BRDA:39,0,1,0
BRDA:39,1,0,0
BRDA:39,1,1,0
BRF:4
BRH:0
end_of_record
TN:
SF:jest.config.js
FNF:0
FNH:0
DA:1,0
LF:1
LH:0
BRF:0
BRH:0
end_of_record
TN:
SF:metro.config.js
FNF:0
FNH:0
DA:1,0
DA:2,0
DA:4,0
DA:6,0
LF:4
LH:0
BRF:0
BRH:0
end_of_record
TN:
SF:nativewind-env.d.ts
FNF:0
FNH:0
LF:0
LH:0
BRF:0
BRH:0
end_of_record
TN:
SF:tailwind.config.js
FNF:0
FNH:0
DA:2,0
LF:1
LH:0
BRF:0
BRH:0
end_of_record
TN:
SF:.claude/hooks/gsd-check-update.js
FN:16,detectConfigDir
FNF:1
FNH:0
FNDA:0,detectConfigDir
DA:6,0
DA:7,0
DA:8,0
DA:9,0
DA:11,0
DA:12,0
DA:18,0
DA:19,0
DA:20,0
DA:22,0
DA:23,0
DA:24,0
DA:27,0
DA:30,0
DA:31,0
DA:32,0
DA:33,0
DA:36,0
DA:37,0
DA:40,0
DA:41,0
DA:45,0
DA:114,0
LF:23
LH:0
BRDA:19,0,0,0
BRDA:19,0,1,0
BRDA:19,1,0,0
BRDA:19,1,1,0
BRDA:23,2,0,0
BRDA:23,2,1,0
BRDA:27,3,0,0
BRDA:27,3,1,0
BRDA:40,4,0,0
BRDA:40,4,1,0
BRF:10
BRH:0
end_of_record
TN:
SF:.claude/hooks/gsd-context-monitor.js
FN:35,(anonymous_0)
FN:37,(anonymous_1)
FN:38,(anonymous_2)
FNF:3
FNH:0
FNDA:0,(anonymous_0)
FNDA:0,(anonymous_1)
FNDA:0,(anonymous_2)
DA:21,0
DA:22,0
DA:23,0
DA:25,0
DA:26,0
DA:27,0
DA:28,0
DA:30,0
DA:35,0
DA:36,0
DA:37,0
DA:38,0
DA:39,0
DA:40,0
DA:41,0
DA:42,0
DA:44,0
DA:45,0
DA:49,0
DA:50,0
DA:51,0
DA:52,0
DA:53,0
DA:54,0
DA:55,0
DA:62,0
DA:63,0
DA:66,0
DA:67,0
DA:70,0
DA:71,0
DA:74,0
DA:75,0
DA:78,0
DA:79,0
DA:82,0
DA:83,0
DA:87,0
DA:88,0
DA:89,0
DA:91,0
DA:92,0
DA:93,0
DA:94,0
DA:100,0
DA:102,0
DA:103,0
DA:107,0
DA:108,0
DA:110,0
DA:111,0
DA:115,0
DA:116,0
DA:117,0
DA:120,0
DA:125,0
DA:126,0
DA:135,0
DA:144,0
DA:151,0
DA:154,0
LF:61
LH:0
BRDA:44,0,0,0
BRDA:44,0,1,0
BRDA:49,1,0,0
BRDA:49,1,1,0
BRDA:51,2,0,0
BRDA:51,2,1,0
BRDA:54,3,0,0
BRDA:54,3,1,0
BRDA:66,4,0,0
BRDA:66,4,1,0
BRDA:74,5,0,0
BRDA:74,5,1,0
BRDA:74,6,0,0
BRDA:74,6,1,0
BRDA:82,7,0,0
BRDA:82,7,1,0
BRDA:91,8,0,0
BRDA:91,8,1,0
BRDA:100,9,0,0
BRDA:100,9,1,0
BRDA:103,10,0,0
BRDA:103,10,1,0
BRDA:107,11,0,0
BRDA:107,11,1,0
BRDA:108,12,0,0
BRDA:108,12,1,0
BRDA:108,13,0,0
BRDA:108,13,1,0
BRDA:108,13,2,0
BRDA:125,14,0,0
BRDA:125,14,1,0
BRDA:126,15,0,0
BRDA:126,15,1,0
BRDA:135,16,0,0
BRDA:135,16,1,0
BRDA:146,17,0,0
BRDA:146,17,1,0
BRF:37
BRH:0
end_of_record
TN:
SF:.claude/hooks/gsd-prompt-guard.js
FN:35,(anonymous_0)
FN:37,(anonymous_1)
FN:38,(anonymous_2)
FNF:3
FNH:0
FNDA:0,(anonymous_0)
FNDA:0,(anonymous_1)
FNDA:0,(anonymous_2)
DA:14,0
DA:15,0
DA:18,0
DA:34,0
DA:35,0
DA:36,0
DA:37,0
DA:38,0
DA:39,0
DA:40,0
DA:41,0
DA:42,0
DA:45,0
DA:46,0
DA:49,0
DA:52,0
DA:53,0
DA:57,0
DA:58,0
DA:59,0
DA:63,0
DA:64,0
DA:65,0
DA:66,0
DA:71,0
DA:72,0
DA:75,0
DA:76,0
DA:80,0
DA:91,0
DA:94,0
LF:31
LH:0
BRDA:45,0,0,0
BRDA:45,0,1,0
BRDA:45,1,0,0
BRDA:45,1,1,0
BRDA:49,2,0,0
BRDA:49,2,1,0
BRDA:52,3,0,0
BRDA:52,3,1,0
BRDA:52,4,0,0
BRDA:52,4,1,0
BRDA:57,5,0,0
BRDA:57,5,1,0
BRDA:57,5,2,0
BRDA:58,6,0,0
BRDA:58,6,1,0
BRDA:65,7,0,0
BRDA:65,7,1,0
BRDA:71,8,0,0
BRDA:71,8,1,0
BRDA:75,9,0,0
BRDA:75,9,1,0
BRF:21
BRH:0
end_of_record
TN:
SF:.claude/hooks/gsd-statusline.js
FN:14,(anonymous_0)
FN:16,(anonymous_1)
FN:17,(anonymous_2)
FN:78,(anonymous_3)
FN:79,(anonymous_4)
FN:80,(anonymous_5)
FN:85,(anonymous_6)
FNF:7
FNH:0
FNDA:0,(anonymous_0)
FNDA:0,(anonymous_1)
FNDA:0,(anonymous_2)
FNDA:0,(anonymous_3)
FNDA:0,(anonymous_4)
FNDA:0,(anonymous_5)
FNDA:0,(anonymous_6)
DA:6,0
DA:7,0
DA:8,0
DA:11,0
DA:14,0
DA:15,0
DA:16,0
DA:17,0
DA:18,0
DA:19,0
DA:20,0
DA:21,0
DA:22,0
DA:23,0
DA:24,0
DA:29,0
DA:30,0
DA:31,0
DA:33,0
DA:34,0
DA:38,0
DA:39,0
DA:40,0
DA:41,0
DA:47,0
DA:54,0
DA:55,0
DA:58,0
DA:59,0
DA:60,0
DA:61,0
DA:62,0
DA:63,0
DA:65,0
DA:70,0
DA:71,0
DA:73,0
DA:74,0
DA:75,0
DA:76,0
DA:77,0
DA:78,0
DA:79,0
DA:80,0
DA:82,0
DA:83,0
DA:84,0
DA:85,0
DA:86,0
DA:95,0
DA:96,0
DA:97,0
DA:98,0
DA:99,0
DA:100,0
DA:101,0
DA:103,0
DA:104,0
DA:110,0
DA:111,0
DA:112,0
DA:114,0
LF:62
LH:0
BRDA:21,0,0,0
BRDA:21,0,1,0
BRDA:22,1,0,0
BRDA:22,1,1,0
BRDA:23,2,0,0
BRDA:23,2,1,0
BRDA:31,3,0,0
BRDA:31,3,1,0
BRDA:38,4,0,0
BRDA:38,4,1,0
BRDA:58,5,0,0
BRDA:58,5,1,0
BRDA:60,6,0,0
BRDA:60,6,1,0
BRDA:62,7,0,0
BRDA:62,7,1,0
BRDA:73,8,0,0
BRDA:73,8,1,0
BRDA:75,9,0,0
BRDA:75,9,1,0
BRDA:75,10,0,0
BRDA:75,10,1,0
BRDA:78,11,0,0
BRDA:78,11,1,0
BRDA:78,11,2,0
BRDA:82,12,0,0
BRDA:82,12,1,0
BRDA:86,13,0,0
BRDA:86,13,1,0
BRDA:86,14,0,0
BRDA:86,14,1,0
BRDA:97,15,0,0
BRDA:97,15,1,0
BRDA:100,16,0,0
BRDA:100,16,1,0
BRDA:103,17,0,0
BRDA:103,17,1,0
BRDA:103,18,0,0
BRDA:103,18,1,0
BRDA:111,19,0,0
BRDA:111,19,1,0
BRF:41
BRH:0
end_of_record
TN:
SF:.claude/hooks/gsd-workflow-guard.js
FN:18,(anonymous_0)
FN:20,(anonymous_1)
FN:21,(anonymous_2)
FN:56,(anonymous_3)
FNF:4
FNH:0
FNDA:0,(anonymous_0)
FNDA:0,(anonymous_1)
FNDA:0,(anonymous_2)
FNDA:0,(anonymous_3)
DA:14,0
DA:15,0
DA:17,0
DA:18,0
DA:19,0
DA:20,0
DA:21,0
DA:22,0
DA:23,0
DA:24,0
DA:25,0
DA:28,0
DA:29,0
DA:35,0
DA:36,0
DA:40,0
DA:43,0
DA:44,0
DA:48,0
DA:56,0
DA:57,0
DA:61,0
DA:62,0
DA:63,0
DA:64,0
DA:65,0
DA:66,0
DA:67,0
DA:70,0
DA:73,0
DA:78,0
DA:89,0
DA:92,0
LF:33
LH:0
BRDA:28,0,0,0
BRDA:28,0,1,0
BRDA:28,1,0,0
BRDA:28,1,1,0
BRDA:35,2,0,0
BRDA:35,2,1,0
BRDA:35,3,0,0
BRDA:35,3,1,0
BRDA:40,4,0,0
BRDA:40,4,1,0
BRDA:40,4,2,0
BRDA:43,5,0,0
BRDA:43,5,1,0
BRDA:43,6,0,0
BRDA:43,6,1,0
BRDA:56,7,0,0
BRDA:56,7,1,0
BRDA:61,8,0,0
BRDA:61,8,1,0
BRDA:63,9,0,0
BRDA:63,9,1,0
BRDA:66,10,0,0
BRDA:66,10,1,0
BRF:23
BRH:0
end_of_record
TN:
SF:.expo/types/router.d.ts
FNF:0
FNH:0
LF:0
LH:0
BRF:0
BRH:0
end_of_record
TN:
SF:.gemini/hooks/gsd-check-update.js
FN:16,detectConfigDir
FNF:1
FNH:0
FNDA:0,detectConfigDir
DA:6,0
DA:7,0
DA:8,0
DA:9,0
DA:11,0
DA:12,0
DA:18,0
DA:19,0
DA:20,0
DA:22,0
DA:23,0
DA:24,0
DA:27,0
DA:30,0
DA:31,0
DA:32,0
DA:33,0
DA:36,0
DA:37,0
DA:40,0
DA:41,0
DA:45,0
DA:114,0
LF:23
LH:0
BRDA:19,0,0,0
BRDA:19,0,1,0
BRDA:19,1,0,0
BRDA:19,1,1,0
BRDA:23,2,0,0
BRDA:23,2,1,0
BRDA:27,3,0,0
BRDA:27,3,1,0
BRDA:40,4,0,0
BRDA:40,4,1,0
BRF:10
BRH:0
end_of_record
TN:
SF:.gemini/hooks/gsd-context-monitor.js
FN:35,(anonymous_0)
FN:37,(anonymous_1)
FN:38,(anonymous_2)
FNF:3
FNH:0
FNDA:0,(anonymous_0)
FNDA:0,(anonymous_1)
FNDA:0,(anonymous_2)
DA:21,0
DA:22,0
DA:23,0
DA:25,0
DA:26,0
DA:27,0
DA:28,0
DA:30,0
DA:35,0
DA:36,0
DA:37,0
DA:38,0
DA:39,0
DA:40,0
DA:41,0
DA:42,0
DA:44,0
DA:45,0
DA:49,0
DA:50,0
DA:51,0
DA:52,0
DA:53,0
DA:54,0
DA:55,0
DA:62,0
DA:63,0
DA:66,0
DA:67,0
DA:70,0
DA:71,0
DA:74,0
DA:75,0
DA:78,0
DA:79,0
DA:82,0
DA:83,0
DA:87,0
DA:88,0
DA:89,0
DA:91,0
DA:92,0
DA:93,0
DA:94,0
DA:100,0
DA:102,0
DA:103,0
DA:107,0
DA:108,0
DA:110,0
DA:111,0
DA:115,0
DA:116,0
DA:117,0
DA:120,0
DA:125,0
DA:126,0
DA:135,0
DA:144,0
DA:151,0
DA:154,0
LF:61
LH:0
BRDA:44,0,0,0
BRDA:44,0,1,0
BRDA:49,1,0,0
BRDA:49,1,1,0
BRDA:51,2,0,0
BRDA:51,2,1,0
BRDA:54,3,0,0
BRDA:54,3,1,0
BRDA:66,4,0,0
BRDA:66,4,1,0
BRDA:74,5,0,0
BRDA:74,5,1,0
BRDA:74,6,0,0
BRDA:74,6,1,0
BRDA:82,7,0,0
BRDA:82,7,1,0
BRDA:91,8,0,0
BRDA:91,8,1,0
BRDA:100,9,0,0
BRDA:100,9,1,0
BRDA:103,10,0,0
BRDA:103,10,1,0
BRDA:107,11,0,0
BRDA:107,11,1,0
BRDA:108,12,0,0
BRDA:108,12,1,0
BRDA:108,13,0,0
BRDA:108,13,1,0
BRDA:108,13,2,0
BRDA:125,14,0,0
BRDA:125,14,1,0
BRDA:126,15,0,0
BRDA:126,15,1,0
BRDA:135,16,0,0
BRDA:135,16,1,0
BRDA:146,17,0,0
BRDA:146,17,1,0
BRF:37
BRH:0
end_of_record
TN:
SF:.gemini/hooks/gsd-prompt-guard.js
FN:35,(anonymous_0)
FN:37,(anonymous_1)
FN:38,(anonymous_2)
FNF:3
FNH:0
FNDA:0,(anonymous_0)
FNDA:0,(anonymous_1)
FNDA:0,(anonymous_2)
DA:14,0
DA:15,0
DA:18,0
DA:34,0
DA:35,0
DA:36,0
DA:37,0
DA:38,0
DA:39,0
DA:40,0
DA:41,0
DA:42,0
DA:45,0
DA:46,0
DA:49,0
DA:52,0
DA:53,0
DA:57,0
DA:58,0
DA:59,0
DA:63,0
DA:64,0
DA:65,0
DA:66,0
DA:71,0
DA:72,0
DA:75,0
DA:76,0
DA:80,0
DA:91,0
DA:94,0
LF:31
LH:0
BRDA:45,0,0,0
BRDA:45,0,1,0
BRDA:45,1,0,0
BRDA:45,1,1,0
BRDA:49,2,0,0
BRDA:49,2,1,0
BRDA:52,3,0,0
BRDA:52,3,1,0
BRDA:52,4,0,0
BRDA:52,4,1,0
BRDA:57,5,0,0
BRDA:57,5,1,0
BRDA:57,5,2,0
BRDA:58,6,0,0
BRDA:58,6,1,0
BRDA:65,7,0,0
BRDA:65,7,1,0
BRDA:71,8,0,0
BRDA:71,8,1,0
BRDA:75,9,0,0
BRDA:75,9,1,0
BRF:21
BRH:0
end_of_record
TN:
SF:.gemini/hooks/gsd-statusline.js
FN:14,(anonymous_0)
FN:16,(anonymous_1)
FN:17,(anonymous_2)
FN:78,(anonymous_3)
FN:79,(anonymous_4)
FN:80,(anonymous_5)
FN:85,(anonymous_6)
FNF:7
FNH:0
FNDA:0,(anonymous_0)
FNDA:0,(anonymous_1)
FNDA:0,(anonymous_2)
FNDA:0,(anonymous_3)
FNDA:0,(anonymous_4)
FNDA:0,(anonymous_5)
FNDA:0,(anonymous_6)
DA:6,0
DA:7,0
DA:8,0
DA:11,0
DA:14,0
DA:15,0
DA:16,0
DA:17,0
DA:18,0
DA:19,0
DA:20,0
DA:21,0
DA:22,0
DA:23,0
DA:24,0
DA:29,0
DA:30,0
DA:31,0
DA:33,0
DA:34,0
DA:38,0
DA:39,0
DA:40,0
DA:41,0
DA:47,0
DA:54,0
DA:55,0
DA:58,0
DA:59,0
DA:60,0
DA:61,0
DA:62,0
DA:63,0
DA:65,0
DA:70,0
DA:71,0
DA:73,0
DA:74,0
DA:75,0
DA:76,0
DA:77,0
DA:78,0
DA:79,0
DA:80,0
DA:82,0
DA:83,0
DA:84,0
DA:85,0
DA:86,0
DA:95,0
DA:96,0
DA:97,0
DA:98,0
DA:99,0
DA:100,0
DA:101,0
DA:103,0
DA:104,0
DA:110,0
DA:111,0
DA:112,0
DA:114,0
LF:62
LH:0
BRDA:21,0,0,0
BRDA:21,0,1,0
BRDA:22,1,0,0
BRDA:22,1,1,0
BRDA:23,2,0,0
BRDA:23,2,1,0
BRDA:31,3,0,0
BRDA:31,3,1,0
BRDA:38,4,0,0
BRDA:38,4,1,0
BRDA:58,5,0,0
BRDA:58,5,1,0
BRDA:60,6,0,0
BRDA:60,6,1,0
BRDA:62,7,0,0
BRDA:62,7,1,0
BRDA:73,8,0,0
BRDA:73,8,1,0
BRDA:75,9,0,0
BRDA:75,9,1,0
BRDA:75,10,0,0
BRDA:75,10,1,0
BRDA:78,11,0,0
BRDA:78,11,1,0
BRDA:78,11,2,0
BRDA:82,12,0,0
BRDA:82,12,1,0
BRDA:86,13,0,0
BRDA:86,13,1,0
BRDA:86,14,0,0
BRDA:86,14,1,0
BRDA:97,15,0,0
BRDA:97,15,1,0
BRDA:100,16,0,0
BRDA:100,16,1,0
BRDA:103,17,0,0
BRDA:103,17,1,0
BRDA:103,18,0,0
BRDA:103,18,1,0
BRDA:111,19,0,0
BRDA:111,19,1,0
BRF:41
BRH:0
end_of_record
TN:
SF:.gemini/hooks/gsd-workflow-guard.js
FN:18,(anonymous_0)
FN:20,(anonymous_1)
FN:21,(anonymous_2)
FN:56,(anonymous_3)
FNF:4
FNH:0
FNDA:0,(anonymous_0)
FNDA:0,(anonymous_1)
FNDA:0,(anonymous_2)
FNDA:0,(anonymous_3)
DA:14,0
DA:15,0
DA:17,0
DA:18,0
DA:19,0
DA:20,0
DA:21,0
DA:22,0
DA:23,0
DA:24,0
DA:25,0
DA:28,0
DA:29,0
DA:35,0
DA:36,0
DA:40,0
DA:43,0
DA:44,0
DA:48,0
DA:56,0
DA:57,0
DA:61,0
DA:62,0
DA:63,0
DA:64,0
DA:65,0
DA:66,0
DA:67,0
DA:70,0
DA:73,0
DA:78,0
DA:89,0
DA:92,0
LF:33
LH:0
BRDA:28,0,0,0
BRDA:28,0,1,0
BRDA:28,1,0,0
BRDA:28,1,1,0
BRDA:35,2,0,0
BRDA:35,2,1,0
BRDA:35,3,0,0
BRDA:35,3,1,0
BRDA:40,4,0,0
BRDA:40,4,1,0
BRDA:40,4,2,0
BRDA:43,5,0,0
BRDA:43,5,1,0
BRDA:43,6,0,0
BRDA:43,6,1,0
BRDA:56,7,0,0
BRDA:56,7,1,0
BRDA:61,8,0,0
BRDA:61,8,1,0
BRDA:63,9,0,0
BRDA:63,9,1,0
BRDA:66,10,0,0
BRDA:66,10,1,0
BRF:23
BRH:0
end_of_record
TN:
SF:_tests_dev/seed.ts
FN:7,getRandomDateInLast2Years
FN:13,seedDatabase
FN:23,(anonymous_2)
FN:35,(anonymous_3)
FN:46,(anonymous_4)
FN:60,(anonymous_5)
FN:75,(anonymous_6)
FN:99,(anonymous_7)
FN:122,(anonymous_8)
FN:144,(anonymous_9)
FN:175,(anonymous_10)
FN:199,(anonymous_11)
FNF:12
FNH:0
FNDA:0,getRandomDateInLast2Years
FNDA:0,seedDatabase
FNDA:0,(anonymous_2)
FNDA:0,(anonymous_3)
FNDA:0,(anonymous_4)
FNDA:0,(anonymous_5)
FNDA:0,(anonymous_6)
FNDA:0,(anonymous_7)
FNDA:0,(anonymous_8)
FNDA:0,(anonymous_9)
FNDA:0,(anonymous_10)
FNDA:0,(anonymous_11)
DA:5,0
DA:8,0
DA:9,0
DA:10,0
DA:14,0
DA:15,0
DA:16,0
DA:17,0
DA:18,0
DA:19,0
DA:21,0
DA:23,0
DA:25,0
DA:26,0
DA:27,0
DA:28,0
DA:29,0
DA:31,0
DA:33,0
DA:34,0
DA:35,0
DA:41,0
DA:42,0
DA:43,0
DA:46,0
DA:47,0
DA:48,0
DA:49,0
DA:50,0
DA:51,0
DA:52,0
DA:53,0
DA:54,0
DA:55,0
DA:59,0
DA:60,0
DA:61,0
DA:62,0
DA:63,0
DA:64,0
DA:65,0
DA:66,0
DA:67,0
DA:68,0
DA:69,0
DA:74,0
DA:75,0
DA:76,0
DA:77,0
DA:78,0
DA:79,0
DA:80,0
DA:81,0
DA:82,0
DA:83,0
DA:84,0
DA:90,0
DA:98,0
DA:99,0
DA:100,0
DA:101,0
DA:102,0
DA:103,0
DA:108,0
DA:109,0
DA:110,0
DA:113,0
DA:121,0
DA:122,0
DA:123,0
DA:124,0
DA:125,0
DA:126,0
DA:127,0
DA:128,0
DA:129,0
DA:130,0
DA:136,0
DA:143,0
DA:144,0
DA:145,0
DA:146,0
DA:147,0
DA:148,0
DA:150,0
DA:151,0
DA:152,0
DA:153,0
DA:155,0
DA:158,0
DA:159,0
DA:160,0
DA:161,0
DA:162,0
DA:167,0
DA:174,0
DA:175,0
DA:176,0
DA:177,0
DA:178,0
DA:179,0
DA:180,0
DA:182,0
DA:183,0
DA:184,0
DA:185,0
DA:190,0
DA:198,0
DA:199,0
DA:200,0
DA:201,0
DA:202,0
DA:203,0
DA:204,0
DA:205,0
DA:206,0
DA:207,0
DA:208,0
DA:213,0
DA:214,0
DA:216,0
DA:217,0
DA:219,0
LF:123
LH:0
BRDA:17,0,0,0
BRDA:17,0,1,0
BRDA:33,1,0,0
BRDA:33,1,1,0
BRDA:59,2,0,0
BRDA:59,2,1,0
BRDA:74,3,0,0
BRDA:74,3,1,0
BRDA:150,4,0,0
BRDA:150,4,1,0
BRDA:152,5,0,0
BRDA:152,5,1,0
BRF:12
BRH:0
end_of_record
TN:
SF:_tests_dev/test-crypto-e2ee.ts
FN:50,assert
FN:60,assertThrows
FN:71,arraysEqual
FN:81,testCryptoConfig
FN:87,testIVGeneration
FN:97,testSaltGeneration
FN:106,testKeyDerivation
FN:118,testEncryptDecrypt
FN:133,(anonymous_8)
FN:142,(anonymous_9)
FN:150,testEncryptUniqueness
FN:164,testKeyWrapping
FN:177,(anonymous_12)
FN:187,testDualWrapArchitecture
FN:218,(anonymous_14)
FN:222,(anonymous_15)
FN:233,testPayloadHelpers
FN:256,testSHA256
FN:267,testBIP39Generation
FN:281,testBIP39Validation
FN:305,testBIP39Normalization
FN:315,testConfirmationQuiz
FN:330,(anonymous_22)
FN:353,testSeedPhraseHashVerification
FN:365,testSeedPhraseKeyDerivation
FN:383,testEntropyRecovery
FN:401,testZeroBuffer
FN:404,(anonymous_27)
FN:408,(anonymous_28)
FN:414,runAllTests
FNF:30
FNH:0
FNDA:0,assert
FNDA:0,assertThrows
FNDA:0,arraysEqual
FNDA:0,testCryptoConfig
FNDA:0,testIVGeneration
FNDA:0,testSaltGeneration
FNDA:0,testKeyDerivation
FNDA:0,testEncryptDecrypt
FNDA:0,(anonymous_8)
FNDA:0,(anonymous_9)
FNDA:0,testEncryptUniqueness
FNDA:0,testKeyWrapping
FNDA:0,(anonymous_12)
FNDA:0,testDualWrapArchitecture
FNDA:0,(anonymous_14)
FNDA:0,(anonymous_15)
FNDA:0,testPayloadHelpers
FNDA:0,testSHA256
FNDA:0,testBIP39Generation
FNDA:0,testBIP39Validation
FNDA:0,testBIP39Normalization
FNDA:0,testConfirmationQuiz
FNDA:0,(anonymous_22)
FNDA:0,testSeedPhraseHashVerification
FNDA:0,testSeedPhraseKeyDerivation
FNDA:0,testEntropyRecovery
FNDA:0,testZeroBuffer
FNDA:0,(anonymous_27)
FNDA:0,(anonymous_28)
FNDA:0,runAllTests
DA:47,0
DA:48,0
DA:51,0
DA:52,0
DA:53,0
DA:55,0
DA:56,0
DA:61,0
DA:62,0
DA:63,0
DA:64,0
DA:66,0
DA:67,0
DA:72,0
DA:73,0
DA:74,0
DA:76,0
DA:82,0
DA:83,0
DA:84,0
DA:88,0
DA:89,0
DA:90,0
DA:92,0
DA:93,0
DA:94,0
DA:98,0
DA:99,0
DA:100,0
DA:102,0
DA:103,0
DA:107,0
DA:108,0
DA:109,0
DA:110,0
DA:111,0
DA:113,0
DA:114,0
DA:115,0
DA:119,0
DA:120,0
DA:121,0
DA:123,0
DA:124,0
DA:126,0
DA:127,0
DA:128,0
DA:131,0
DA:132,0
DA:133,0
DA:138,0
DA:141,0
DA:142,0
DA:146,0
DA:147,0
DA:151,0
DA:152,0
DA:153,0
DA:155,0
DA:156,0
DA:158,0
DA:159,0
DA:161,0
DA:165,0
DA:166,0
DA:167,0
DA:169,0
DA:170,0
DA:172,0
DA:175,0
DA:176,0
DA:177,0
DA:181,0
DA:182,0
DA:183,0
DA:184,0
DA:188,0
DA:189,0
DA:190,0
DA:193,0
DA:194,0
DA:196,0
DA:197,0
DA:200,0
DA:203,0
DA:204,0
DA:206,0
DA:209,0
DA:210,0
DA:213,0
DA:214,0
DA:217,0
DA:218,0
DA:221,0
DA:222,0
DA:226,0
DA:227,0
DA:228,0
DA:229,0
DA:230,0
DA:234,0
DA:235,0
DA:236,0
DA:244,0
DA:245,0
DA:247,0
DA:248,0
DA:249,0
DA:250,0
DA:251,0
DA:253,0
DA:257,0
DA:258,0
DA:259,0
DA:260,0
DA:262,0
DA:263,0
DA:264,0
DA:268,0
DA:269,0
DA:271,0
DA:272,0
DA:273,0
DA:274,0
DA:277,0
DA:278,0
DA:282,0
DA:285,0
DA:286,0
DA:289,0
DA:290,0
DA:291,0
DA:297,0
DA:298,0
DA:299,0
DA:301,0
DA:302,0
DA:306,0
DA:307,0
DA:309,0
DA:310,0
DA:312,0
DA:316,0
DA:317,0
DA:319,0
DA:320,0
DA:321,0
DA:324,0
DA:325,0
DA:326,0
DA:330,0
DA:331,0
DA:332,0
DA:335,0
DA:336,0
DA:337,0
DA:339,0
DA:340,0
DA:341,0
DA:344,0
DA:345,0
DA:346,0
DA:348,0
DA:349,0
DA:350,0
DA:354,0
DA:355,0
DA:357,0
DA:358,0
DA:360,0
DA:361,0
DA:362,0
DA:366,0
DA:367,0
DA:368,0
DA:370,0
DA:371,0
DA:372,0
DA:374,0
DA:375,0
DA:376,0
DA:378,0
DA:379,0
DA:380,0
DA:384,0
DA:385,0
DA:387,0
DA:388,0
DA:391,0
DA:392,0
DA:393,0
DA:395,0
DA:398,0
DA:402,0
DA:403,0
DA:404,0
DA:405,0
DA:407,0
DA:408,0
DA:409,0
DA:415,0
DA:416,0
DA:417,0
DA:419,0
DA:420,0
DA:422,0
DA:423,0
DA:424,0
DA:425,0
DA:426,0
DA:427,0
DA:428,0
DA:429,0
DA:430,0
DA:431,0
DA:432,0
DA:433,0
DA:434,0
DA:435,0
DA:436,0
DA:437,0
DA:438,0
DA:439,0
DA:441,0
DA:442,0
DA:443,0
DA:445,0
DA:449,0
LF:228
LH:0
BRDA:51,0,0,0
BRDA:51,0,1,0
BRDA:72,1,0,0
BRDA:72,1,1,0
BRDA:74,2,0,0
BRDA:74,2,1,0
BRDA:325,3,0,0
BRDA:325,3,1,0
BRF:8
BRH:0
end_of_record
TN:
SF:app/_layout.tsx
FN:15,(anonymous_0)
FN:24,(anonymous_1)
FN:44,RootLayout
FN:62,GlassLockScreen
FN:86,(anonymous_4)
FN:98,RootLayoutNav
FN:106,(anonymous_6)
FNF:7
FNH:0
FNDA:0,(anonymous_0)
FNDA:0,(anonymous_1)
FNDA:0,RootLayout
FNDA:0,GlassLockScreen
FNDA:0,(anonymous_4)
FNDA:0,RootLayoutNav
FNDA:0,(anonymous_6)
DA:14,0
DA:15,0
DA:18,0
DA:19,0
DA:23,0
DA:24,0
DA:25,0
DA:26,0
DA:27,0
DA:28,0
DA:29,0
DA:30,0
DA:32,0
DA:33,0
DA:45,0
DA:63,0
DA:64,0
DA:66,0
DA:86,0
DA:99,0
DA:100,0
DA:101,0
DA:102,0
DA:103,0
DA:106,0
DA:107,0
DA:109,0
DA:111,0
DA:113,0
DA:114,0
DA:115,0
DA:116,0
DA:117,0
DA:118,0
DA:122,0
DA:123,0
DA:132,0
DA:133,0
DA:136,0
LF:39
LH:0
BRDA:14,0,0,0
BRDA:14,0,1,0
BRDA:18,1,0,0
BRDA:18,1,1,0
BRDA:25,2,0,0
BRDA:25,2,1,0
BRDA:69,3,0,0
BRDA:69,3,1,0
BRDA:78,4,0,0
BRDA:78,4,1,0
BRDA:107,5,0,0
BRDA:107,5,1,0
BRDA:113,6,0,0
BRDA:113,6,1,0
BRDA:113,7,0,0
BRDA:113,7,1,0
BRDA:116,8,0,0
BRDA:116,8,1,0
BRDA:116,9,0,0
BRDA:116,9,1,0
BRDA:122,10,0,0
BRDA:122,10,1,0
BRDA:124,11,0,0
BRDA:124,11,1,0
BRDA:132,12,0,0
BRDA:132,12,1,0
BRDA:132,13,0,0
BRDA:132,13,1,0
BRDA:132,13,2,0
BRF:29
BRH:0
end_of_record
TN:
SF:app/csv-import.tsx
FN:15,CSVImportScreen
FN:30,(anonymous_1)
FN:62,(anonymous_2)
FN:71,(anonymous_3)
FN:82,(anonymous_4)
FN:90,(anonymous_5)
FN:91,(anonymous_6)
FN:104,(anonymous_7)
FN:124,(anonymous_8)
FN:155,(anonymous_9)
FN:162,(anonymous_10)
FN:165,(anonymous_11)
FN:165,(anonymous_12)
FN:184,(anonymous_13)
FN:244,(anonymous_14)
FNF:15
FNH:0
FNDA:0,CSVImportScreen
FNDA:0,(anonymous_1)
FNDA:0,(anonymous_2)
FNDA:0,(anonymous_3)
FNDA:0,(anonymous_4)
FNDA:0,(anonymous_5)
FNDA:0,(anonymous_6)
FNDA:0,(anonymous_7)
FNDA:0,(anonymous_8)
FNDA:0,(anonymous_9)
FNDA:0,(anonymous_10)
FNDA:0,(anonymous_11)
FNDA:0,(anonymous_12)
FNDA:0,(anonymous_13)
FNDA:0,(anonymous_14)
DA:16,0
DA:17,0
DA:18,0
DA:19,0
DA:25,0
DA:26,0
DA:27,0
DA:28,0
DA:30,0
DA:31,0
DA:32,0
DA:37,0
DA:38,0
DA:39,0
DA:41,0
DA:43,0
DA:44,0
DA:45,0
DA:46,0
DA:48,0
DA:49,0
DA:53,0
DA:56,0
DA:57,0
DA:58,0
DA:59,0
DA:61,0
DA:62,0
DA:66,0
DA:67,0
DA:71,0
DA:72,0
DA:73,0
DA:74,0
DA:75,0
DA:78,0
DA:79,0
DA:80,0
DA:82,0
DA:83,0
DA:84,0
DA:87,0
DA:88,0
DA:90,0
DA:91,0
DA:92,0
DA:98,0
DA:99,0
DA:100,0
DA:101,0
DA:103,0
DA:104,0
DA:105,0
DA:106,0
DA:107,0
DA:109,0
DA:112,0
DA:115,0
DA:117,0
DA:118,0
DA:120,0
DA:124,0
DA:125,0
DA:126,0
DA:127,0
DA:128,0
DA:130,0
DA:131,0
DA:133,0
DA:134,0
DA:135,0
DA:136,0
DA:137,0
DA:138,0
DA:139,0
DA:140,0
DA:141,0
DA:143,0
DA:144,0
DA:145,0
DA:148,0
DA:149,0
DA:151,0
DA:155,0
DA:156,0
DA:163,0
DA:165,0
DA:175,0
DA:184,0
DA:244,0
LF:90
LH:0
BRDA:37,0,0,0
BRDA:37,0,1,0
BRDA:37,1,0,0
BRDA:37,1,1,0
BRDA:37,1,2,0
BRDA:41,2,0,0
BRDA:41,2,1,0
BRDA:44,3,0,0
BRDA:44,3,1,0
BRDA:46,4,0,0
BRDA:46,4,1,0
BRDA:56,5,0,0
BRDA:56,5,1,0
BRDA:72,6,0,0
BRDA:72,6,1,0
BRDA:73,7,0,0
BRDA:73,7,1,0
BRDA:73,8,0,0
BRDA:73,8,1,0
BRDA:73,8,2,0
BRDA:92,9,0,0
BRDA:92,9,1,0
BRDA:92,9,2,0
BRDA:100,10,0,0
BRDA:100,10,1,0
BRDA:101,11,0,0
BRDA:101,11,1,0
BRDA:103,12,0,0
BRDA:103,12,1,0
BRDA:133,13,0,0
BRDA:133,13,1,0
BRDA:158,14,0,0
BRDA:158,14,1,0
BRDA:159,15,0,0
BRDA:159,15,1,0
BRDA:166,16,0,0
BRDA:166,16,1,0
BRDA:166,17,0,0
BRDA:166,17,1,0
BRDA:168,18,0,0
BRDA:168,18,1,0
BRDA:168,19,0,0
BRDA:168,19,1,0
BRDA:176,20,0,0
BRDA:176,20,1,0
BRDA:177,21,0,0
BRDA:177,21,1,0
BRDA:177,22,0,0
BRDA:177,22,1,0
BRDA:181,23,0,0
BRDA:181,23,1,0
BRDA:182,24,0,0
BRDA:182,24,1,0
BRDA:184,25,0,0
BRDA:184,25,1,0
BRDA:185,26,0,0
BRDA:185,26,1,0
BRDA:193,27,0,0
BRDA:193,27,1,0
BRDA:195,28,0,0
BRDA:195,28,1,0
BRDA:196,29,0,0
BRDA:196,29,1,0
BRDA:200,30,0,0
BRDA:200,30,1,0
BRDA:202,31,0,0
BRDA:202,31,1,0
BRDA:203,32,0,0
BRDA:203,32,1,0
BRDA:207,33,0,0
BRDA:207,33,1,0
BRDA:210,34,0,0
BRDA:210,34,1,0
BRDA:215,35,0,0
BRDA:215,35,1,0
BRDA:216,36,0,0
BRDA:216,36,1,0
BRDA:220,37,0,0
BRDA:220,37,1,0
BRDA:221,38,0,0
BRDA:221,38,1,0
BRDA:222,39,0,0
BRDA:222,39,1,0
BRDA:225,40,0,0
BRDA:225,40,1,0
BRDA:236,41,0,0
BRDA:236,41,1,0
BRDA:237,42,0,0
BRDA:237,42,1,0
BRDA:239,43,0,0
BRDA:239,43,1,0
BRDA:247,44,0,0
BRDA:247,44,1,0
BRF:93
BRH:0
end_of_record
TN:
SF:app/modal.tsx
FN:7,ModalScreen
FN:35,(anonymous_1)
FN:44,(anonymous_2)
FNF:3
FNH:0
FNDA:0,ModalScreen
FNDA:0,(anonymous_1)
FNDA:0,(anonymous_2)
DA:8,0
DA:10,0
DA:35,0
DA:44,0
LF:4
LH:0
BRF:0
BRH:0
end_of_record
TN:
SF:app/model-settings.tsx
FN:14,ModelSettings
FN:24,(anonymous_1)
FN:28,(anonymous_2)
FN:39,(anonymous_3)
FN:48,(anonymous_4)
FN:91,(anonymous_5)
FN:100,(anonymous_6)
FN:117,(anonymous_7)
FNF:8
FNH:0
FNDA:0,ModelSettings
FNDA:0,(anonymous_1)
FNDA:0,(anonymous_2)
FNDA:0,(anonymous_3)
FNDA:0,(anonymous_4)
FNDA:0,(anonymous_5)
FNDA:0,(anonymous_6)
FNDA:0,(anonymous_7)
DA:10,0
DA:11,0
DA:12,0
DA:15,0
DA:16,0
DA:17,0
DA:18,0
DA:19,0
DA:20,0
DA:22,0
DA:24,0
DA:25,0
DA:28,0
DA:29,0
DA:30,0
DA:31,0
DA:33,0
DA:35,0
DA:39,0
DA:40,0
DA:41,0
DA:42,0
DA:44,0
DA:50,0
DA:51,0
DA:52,0
DA:53,0
DA:57,0
DA:62,0
DA:63,0
DA:65,0
DA:66,0
DA:67,0
DA:70,0
DA:71,0
DA:73,0
DA:74,0
DA:76,0
DA:79,0
DA:80,0
DA:81,0
DA:84,0
DA:85,0
DA:87,0
DA:91,0
DA:92,0
DA:101,0
DA:102,0
DA:103,0
DA:104,0
DA:106,0
DA:114,0
DA:117,0
LF:53
LH:0
BRDA:51,0,0,0
BRDA:51,0,1,0
BRDA:65,1,0,0
BRDA:65,1,1,0
BRDA:65,2,0,0
BRDA:65,2,1,0
BRDA:73,3,0,0
BRDA:73,3,1,0
BRDA:81,4,0,0
BRDA:81,4,1,0
BRDA:85,5,0,0
BRDA:85,5,1,0
BRDA:115,6,0,0
BRDA:115,6,1,0
BRDA:117,7,0,0
BRDA:117,7,1,0
BRDA:118,8,0,0
BRDA:118,8,1,0
BRDA:121,9,0,0
BRDA:121,9,1,0
BRDA:122,10,0,0
BRDA:122,10,1,0
BRDA:127,11,0,0
BRDA:127,11,1,0
BRDA:127,12,0,0
BRDA:127,12,1,0
BRDA:127,13,0,0
BRDA:127,13,1,0
BRDA:132,14,0,0
BRDA:132,14,1,0
BRDA:133,15,0,0
BRDA:133,15,1,0
BRDA:139,16,0,0
BRDA:139,16,1,0
BRDA:140,17,0,0
BRDA:140,17,1,0
BRDA:141,18,0,0
BRDA:141,18,1,0
BRDA:142,19,0,0
BRDA:142,19,1,0
BRDA:145,20,0,0
BRDA:145,20,1,0
BRDA:146,21,0,0
BRDA:146,21,1,0
BRDA:147,22,0,0
BRDA:147,22,1,0
BRDA:153,23,0,0
BRDA:153,23,1,0
BRDA:154,24,0,0
BRDA:154,24,1,0
BRDA:155,25,0,0
BRDA:155,25,1,0
BRDA:159,26,0,0
BRDA:159,26,1,0
BRDA:161,27,0,0
BRDA:161,27,1,0
BRDA:167,28,0,0
BRDA:167,28,1,0
BRDA:173,29,0,0
BRDA:173,29,1,0
BRDA:173,29,2,0
BRDA:178,30,0,0
BRDA:178,30,1,0
BRDA:182,31,0,0
BRDA:182,31,1,0
BRDA:184,32,0,0
BRDA:184,32,1,0
BRDA:185,33,0,0
BRDA:185,33,1,0
BRDA:201,34,0,0
BRDA:201,34,1,0
BRDA:202,35,0,0
BRDA:202,35,1,0
BRDA:207,36,0,0
BRDA:207,36,1,0
BRDA:208,37,0,0
BRDA:208,37,1,0
BRF:77
BRH:0
end_of_record
TN:
SF:app/settings.tsx
FN:9,Settings
FN:25,(anonymous_1)
FN:46,(anonymous_2)
FN:68,(anonymous_3)
FN:71,(anonymous_4)
FN:91,(anonymous_5)
FN:121,(anonymous_6)
FNF:7
FNH:0
FNDA:0,Settings
FNDA:0,(anonymous_1)
FNDA:0,(anonymous_2)
FNDA:0,(anonymous_3)
FNDA:0,(anonymous_4)
FNDA:0,(anonymous_5)
FNDA:0,(anonymous_6)
DA:10,0
DA:11,0
DA:12,0
DA:13,0
DA:15,0
DA:25,0
DA:26,0
DA:27,0
DA:28,0
DA:30,0
DA:34,0
DA:46,0
DA:69,0
DA:72,0
DA:73,0
DA:91,0
DA:121,0
LF:17
LH:0
BRDA:27,0,0,0
BRDA:27,0,1,0
BRDA:35,1,0,0
BRDA:35,1,1,0
BRDA:36,2,0,0
BRDA:36,2,1,0
BRDA:37,3,0,0
BRDA:37,3,1,0
BRDA:44,4,0,0
BRDA:44,4,1,0
BRDA:47,5,0,0
BRDA:47,5,1,0
BRDA:54,6,0,0
BRDA:54,6,1,0
BRDA:57,7,0,0
BRDA:57,7,1,0
BRDA:62,8,0,0
BRDA:62,8,1,0
BRDA:62,9,0,0
BRDA:62,9,1,0
BRDA:65,10,0,0
BRDA:65,10,1,0
BRDA:75,11,0,0
BRDA:75,11,1,0
BRDA:75,12,0,0
BRDA:75,12,1,0
BRDA:77,13,0,0
BRDA:77,13,1,0
BRDA:77,14,0,0
BRDA:77,14,1,0
BRDA:88,15,0,0
BRDA:88,15,1,0
BRDA:92,16,0,0
BRDA:92,16,1,0
BRDA:98,17,0,0
BRDA:98,17,1,0
BRDA:107,18,0,0
BRDA:107,18,1,0
BRDA:110,19,0,0
BRDA:110,19,1,0
BRDA:111,20,0,0
BRDA:111,20,1,0
BRDA:113,21,0,0
BRDA:113,21,1,0
BRDA:117,22,0,0
BRDA:117,22,1,0
BRDA:122,23,0,0
BRDA:122,23,1,0
BRDA:124,24,0,0
BRDA:124,24,1,0
BRF:50
BRH:0
end_of_record
TN:
SF:app/(auth)/login.tsx
FN:7,LoginScreen
FN:14,signInWithEmail
FN:25,signUpWithEmail
FNF:3
FNH:0
FNDA:0,LoginScreen
FNDA:0,signInWithEmail
FNDA:0,signUpWithEmail
DA:8,0
DA:9,0
DA:10,0
DA:11,0
DA:12,0
DA:15,0
DA:16,0
DA:21,0
DA:22,0
DA:26,0
DA:27,0
DA:32,0
DA:33,0
DA:34,0
DA:37,0
LF:15
LH:0
BRDA:21,0,0,0
BRDA:21,0,1,0
BRDA:32,1,0,0
BRDA:32,1,1,0
BRDA:38,2,0,0
BRDA:38,2,1,0
BRDA:40,3,0,0
BRDA:40,3,1,0
BRDA:41,4,0,0
BRDA:41,4,1,0
BRDA:46,5,0,0
BRDA:46,5,1,0
BRDA:48,6,0,0
BRDA:48,6,1,0
BRDA:50,7,0,0
BRDA:50,7,1,0
BRDA:58,8,0,0
BRDA:58,8,1,0
BRDA:60,9,0,0
BRDA:60,9,1,0
BRDA:62,10,0,0
BRDA:62,10,1,0
BRDA:76,11,0,0
BRDA:76,11,1,0
BRDA:77,12,0,0
BRDA:77,12,1,0
BRDA:79,13,0,0
BRDA:79,13,1,0
BRF:28
BRH:0
end_of_record
TN:
SF:app/(tabs)/_layout.tsx
FN:12,TabLayout
FN:35,(anonymous_1)
FN:43,(anonymous_2)
FN:51,(anonymous_3)
FN:59,(anonymous_4)
FN:66,(anonymous_5)
FN:73,(anonymous_6)
FN:80,(anonymous_7)
FN:87,(anonymous_8)
FNF:9
FNH:0
FNDA:0,TabLayout
FNDA:0,(anonymous_1)
FNDA:0,(anonymous_2)
FNDA:0,(anonymous_3)
FNDA:0,(anonymous_4)
FNDA:0,(anonymous_5)
FNDA:0,(anonymous_6)
FNDA:0,(anonymous_7)
FNDA:0,(anonymous_8)
DA:13,0
DA:14,0
DA:16,0
DA:35,0
DA:43,0
DA:51,0
DA:59,0
DA:66,0
DA:73,0
DA:80,0
DA:87,0
LF:11
LH:0
BRDA:20,0,0,0
BRDA:20,0,1,0
BRDA:24,1,0,0
BRDA:24,1,1,0
BRDA:25,2,0,0
BRDA:25,2,1,0
BRDA:26,3,0,0
BRDA:26,3,1,0
BRDA:28,4,0,0
BRDA:28,4,1,0
BRF:10
BRH:0
end_of_record
TN:
SF:app/(tabs)/activity.tsx
FN:10,ActivityScreen
FN:15,(anonymous_1)
FN:25,(anonymous_2)
FN:31,(anonymous_3)
FN:46,(anonymous_4)
FN:50,(anonymous_5)
FNF:6
FNH:0
FNDA:0,ActivityScreen
FNDA:0,(anonymous_1)
FNDA:0,(anonymous_2)
FNDA:0,(anonymous_3)
FNDA:0,(anonymous_4)
FNDA:0,(anonymous_5)
DA:11,0
DA:12,0
DA:13,0
DA:15,0
DA:16,0
DA:25,0
DA:31,0
DA:40,0
DA:46,0
DA:50,0
LF:10
LH:0
BRDA:18,0,0,0
BRDA:18,0,1,0
BRDA:41,1,0,0
BRDA:41,1,1,0
BRDA:49,2,0,0
BRDA:49,2,1,0
BRF:6
BRH:0
end_of_record
TN:
SF:app/(tabs)/ai.tsx
FN:32,(anonymous_0)
FN:39,(anonymous_1)
FN:97,(anonymous_2)
FN:106,(anonymous_3)
FN:114,(anonymous_4)
FN:119,(anonymous_5)
FN:121,(anonymous_6)
FN:282,(anonymous_7)
FN:307,(anonymous_8)
FN:312,(anonymous_9)
FN:313,(anonymous_10)
FN:327,(anonymous_11)
FN:341,(anonymous_12)
FN:354,(anonymous_13)
FN:357,(anonymous_14)
FN:374,AIChatScreen
FN:394,(anonymous_16)
FN:401,(anonymous_17)
FN:413,(anonymous_18)
FN:421,(anonymous_19)
FN:423,(anonymous_20)
FN:429,(anonymous_21)
FN:442,(anonymous_22)
FN:451,(anonymous_23)
FN:458,(anonymous_24)
FN:482,(anonymous_25)
FN:485,(anonymous_26)
FN:494,(anonymous_27)
FN:496,(anonymous_28)
FN:496,(anonymous_29)
FN:506,(anonymous_30)
FN:506,(anonymous_31)
FN:511,(anonymous_32)
FN:511,(anonymous_33)
FN:523,(anonymous_34)
FN:529,(anonymous_35)
FN:548,(anonymous_36)
FN:564,(anonymous_37)
FN:566,(anonymous_38)
FN:576,(anonymous_39)
FN:579,(anonymous_40)
FNF:41
FNH:0
FNDA:0,(anonymous_0)
FNDA:0,(anonymous_1)
FNDA:0,(anonymous_2)
FNDA:0,(anonymous_3)
FNDA:0,(anonymous_4)
FNDA:0,(anonymous_5)
FNDA:0,(anonymous_6)
FNDA:0,(anonymous_7)
FNDA:0,(anonymous_8)
FNDA:0,(anonymous_9)
FNDA:0,(anonymous_10)
FNDA:0,(anonymous_11)
FNDA:0,(anonymous_12)
FNDA:0,(anonymous_13)
FNDA:0,(anonymous_14)
FNDA:0,AIChatScreen
FNDA:0,(anonymous_16)
FNDA:0,(anonymous_17)
FNDA:0,(anonymous_18)
FNDA:0,(anonymous_19)
FNDA:0,(anonymous_20)
FNDA:0,(anonymous_21)
FNDA:0,(anonymous_22)
FNDA:0,(anonymous_23)
FNDA:0,(anonymous_24)
FNDA:0,(anonymous_25)
FNDA:0,(anonymous_26)
FNDA:0,(anonymous_27)
FNDA:0,(anonymous_28)
FNDA:0,(anonymous_29)
FNDA:0,(anonymous_30)
FNDA:0,(anonymous_31)
FNDA:0,(anonymous_32)
FNDA:0,(anonymous_33)
FNDA:0,(anonymous_34)
FNDA:0,(anonymous_35)
FNDA:0,(anonymous_36)
FNDA:0,(anonymous_37)
FNDA:0,(anonymous_38)
FNDA:0,(anonymous_39)
FNDA:0,(anonymous_40)
DA:32,0
DA:33,0
DA:35,0
DA:36,0
DA:39,0
DA:41,0
DA:42,0
DA:44,0
DA:45,0
DA:46,0
DA:47,0
DA:48,0
DA:50,0
DA:51,0
DA:52,0
DA:53,0
DA:54,0
DA:56,0
DA:57,0
DA:58,0
DA:59,0
DA:60,0
DA:62,0
DA:63,0
DA:64,0
DA:71,0
DA:72,0
DA:74,0
DA:75,0
DA:77,0
DA:78,0
DA:79,0
DA:80,0
DA:81,0
DA:82,0
DA:85,0
DA:86,0
DA:92,0
DA:95,0
DA:97,0
DA:98,0
DA:99,0
DA:100,0
DA:102,0
DA:103,0
DA:105,0
DA:106,0
DA:107,0
DA:108,0
DA:112,0
DA:113,0
DA:114,0
DA:118,0
DA:119,0
DA:120,0
DA:121,0
DA:125,0
DA:126,0
DA:127,0
DA:133,0
DA:139,0
DA:142,0
DA:144,0
DA:146,0
DA:149,0
DA:150,0
DA:151,0
DA:152,0
DA:154,0
DA:156,0
DA:157,0
DA:159,0
DA:161,0
DA:162,0
DA:167,0
DA:169,0
DA:170,0
DA:172,0
DA:173,0
DA:174,0
DA:180,0
DA:182,0
DA:185,0
DA:186,0
DA:187,0
DA:189,0
DA:190,0
DA:191,0
DA:193,0
DA:195,0
DA:196,0
DA:199,0
DA:200,0
DA:205,0
DA:206,0
DA:210,0
DA:212,0
DA:283,0
DA:307,0
DA:308,0
DA:309,0
DA:310,0
DA:312,0
DA:313,0
DA:314,0
DA:322,0
DA:323,0
DA:324,0
DA:327,0
DA:332,0
DA:341,0
DA:342,0
DA:343,0
DA:355,0
DA:357,0
DA:375,0
DA:376,0
DA:377,0
DA:378,0
DA:386,0
DA:387,0
DA:388,0
DA:389,0
DA:390,0
DA:391,0
DA:392,0
DA:394,0
DA:395,0
DA:398,0
DA:399,0
DA:400,0
DA:401,0
DA:402,0
DA:406,0
DA:407,0
DA:409,0
DA:413,0
DA:414,0
DA:415,0
DA:416,0
DA:417,0
DA:418,0
DA:421,0
DA:422,0
DA:423,0
DA:424,0
DA:429,0
DA:430,0
DA:433,0
DA:434,0
DA:439,0
DA:440,0
DA:442,0
DA:443,0
DA:445,0
DA:446,0
DA:448,0
DA:449,0
DA:451,0
DA:452,0
DA:453,0
DA:458,0
DA:459,0
DA:461,0
DA:463,0
DA:470,0
DA:471,0
DA:474,0
DA:482,0
DA:484,0
DA:485,0
DA:490,0
DA:495,0
DA:496,0
DA:497,0
DA:503,0
DA:506,0
DA:507,0
DA:510,0
DA:511,0
DA:512,0
DA:517,0
DA:518,0
DA:523,0
DA:524,0
DA:525,0
DA:526,0
DA:529,0
DA:530,0
DA:533,0
DA:548,0
DA:564,0
DA:566,0
DA:577,0
DA:579,0
LF:195
LH:0
BRDA:42,0,0,0
BRDA:42,0,1,0
BRDA:52,1,0,0
BRDA:52,1,1,0
BRDA:53,2,0,0
BRDA:53,2,1,0
BRDA:54,3,0,0
BRDA:54,3,1,0
BRDA:56,4,0,0
BRDA:56,4,1,0
BRDA:57,5,0,0
BRDA:57,5,1,0
BRDA:58,6,0,0
BRDA:58,6,1,0
BRDA:59,7,0,0
BRDA:59,7,1,0
BRDA:60,8,0,0
BRDA:60,8,1,0
BRDA:62,9,0,0
BRDA:62,9,1,0
BRDA:62,10,0,0
BRDA:62,10,1,0
BRDA:74,11,0,0
BRDA:74,11,1,0
BRDA:74,12,0,0
BRDA:74,12,1,0
BRDA:74,12,2,0
BRDA:77,13,0,0
BRDA:77,13,1,0
BRDA:81,14,0,0
BRDA:81,14,1,0
BRDA:85,15,0,0
BRDA:85,15,1,0
BRDA:103,16,0,0
BRDA:103,16,1,0
BRDA:103,17,0,0
BRDA:103,17,1,0
BRDA:103,18,0,0
BRDA:103,18,1,0
BRDA:103,19,0,0
BRDA:103,19,1,0
BRDA:103,20,0,0
BRDA:103,20,1,0
BRDA:105,21,0,0
BRDA:105,21,1,0
BRDA:105,22,0,0
BRDA:105,22,1,0
BRDA:107,23,0,0
BRDA:107,23,1,0
BRDA:107,23,2,0
BRDA:107,23,3,0
BRDA:107,23,4,0
BRDA:107,23,5,0
BRDA:107,23,6,0
BRDA:107,23,7,0
BRDA:107,23,8,0
BRDA:107,23,9,0
BRDA:109,24,0,0
BRDA:109,24,1,0
BRDA:109,24,2,0
BRDA:109,24,3,0
BRDA:109,24,4,0
BRDA:109,24,5,0
BRDA:109,24,6,0
BRDA:109,24,7,0
BRDA:109,24,8,0
BRDA:109,24,9,0
BRDA:109,24,10,0
BRDA:112,25,0,0
BRDA:112,25,1,0
BRDA:118,26,0,0
BRDA:118,26,1,0
BRDA:118,27,0,0
BRDA:118,27,1,0
BRDA:120,28,0,0
BRDA:120,28,1,0
BRDA:125,29,0,0
BRDA:125,29,1,0
BRDA:125,30,0,0
BRDA:125,30,1,0
BRDA:150,31,0,0
BRDA:150,31,1,0
BRDA:154,32,0,0
BRDA:154,32,1,0
BRDA:159,33,0,0
BRDA:159,33,1,0
BRDA:159,34,0,0
BRDA:159,34,1,0
BRDA:167,35,0,0
BRDA:167,35,1,0
BRDA:170,36,0,0
BRDA:170,36,1,0
BRDA:173,37,0,0
BRDA:173,37,1,0
BRDA:189,38,0,0
BRDA:189,38,1,0
BRDA:193,39,0,0
BRDA:193,39,1,0
BRDA:205,40,0,0
BRDA:205,40,1,0
BRDA:205,41,0,0
BRDA:205,41,1,0
BRDA:205,41,2,0
BRDA:215,42,0,0
BRDA:215,42,1,0
BRDA:221,43,0,0
BRDA:221,43,1,0
BRDA:221,43,2,0
BRDA:224,44,0,0
BRDA:224,44,1,0
BRDA:225,45,0,0
BRDA:225,45,1,0
BRDA:238,46,0,0
BRDA:238,46,1,0
BRDA:240,47,0,0
BRDA:240,47,1,0
BRDA:242,48,0,0
BRDA:242,48,1,0
BRDA:247,49,0,0
BRDA:247,49,1,0
BRDA:248,50,0,0
BRDA:248,50,1,0
BRDA:249,51,0,0
BRDA:249,51,1,0
BRDA:252,52,0,0
BRDA:252,52,1,0
BRDA:256,53,0,0
BRDA:256,53,1,0
BRDA:262,54,0,0
BRDA:262,54,1,0
BRDA:265,55,0,0
BRDA:265,55,1,0
BRDA:265,55,2,0
BRDA:275,56,0,0
BRDA:275,56,1,0
BRDA:276,57,0,0
BRDA:276,57,1,0
BRDA:289,58,0,0
BRDA:289,58,1,0
BRDA:291,59,0,0
BRDA:291,59,1,0
BRDA:300,60,0,0
BRDA:300,60,1,0
BRDA:348,61,0,0
BRDA:348,61,1,0
BRDA:349,62,0,0
BRDA:349,62,1,0
BRDA:358,63,0,0
BRDA:358,63,1,0
BRDA:362,64,0,0
BRDA:362,64,1,0
BRDA:363,65,0,0
BRDA:363,65,1,0
BRDA:398,66,0,0
BRDA:398,66,1,0
BRDA:399,67,0,0
BRDA:399,67,1,0
BRDA:402,68,0,0
BRDA:402,68,1,0
BRDA:430,69,0,0
BRDA:430,69,1,0
BRDA:430,70,0,0
BRDA:430,70,1,0
BRDA:440,71,0,0
BRDA:440,71,1,0
BRDA:442,72,0,0
BRDA:442,72,1,0
BRDA:443,73,0,0
BRDA:443,73,1,0
BRDA:448,74,0,0
BRDA:448,74,1,0
BRDA:459,75,0,0
BRDA:459,75,1,0
BRDA:459,76,0,0
BRDA:459,76,1,0
BRDA:495,77,0,0
BRDA:495,77,1,0
BRDA:497,78,0,0
BRDA:497,78,1,0
BRDA:503,79,0,0
BRDA:503,79,1,0
BRDA:507,80,0,0
BRDA:507,80,1,0
BRDA:507,81,0,0
BRDA:507,81,1,0
BRDA:512,82,0,0
BRDA:512,82,1,0
BRDA:512,83,0,0
BRDA:512,83,1,0
BRDA:517,84,0,0
BRDA:517,84,1,0
BRDA:524,85,0,0
BRDA:524,85,1,0
BRDA:524,86,0,0
BRDA:524,86,1,0
BRDA:534,87,0,0
BRDA:534,87,1,0
BRDA:536,88,0,0
BRDA:536,88,1,0
BRDA:536,89,0,0
BRDA:536,89,1,0
BRDA:536,90,0,0
BRDA:536,90,1,0
BRDA:539,91,0,0
BRDA:539,91,1,0
BRDA:541,92,0,0
BRDA:541,92,1,0
BRDA:542,93,0,0
BRDA:542,93,1,0
BRDA:543,94,0,0
BRDA:543,94,1,0
BRDA:549,95,0,0
BRDA:549,95,1,0
BRDA:551,96,0,0
BRDA:551,96,1,0
BRDA:557,97,0,0
BRDA:557,97,1,0
BRDA:559,98,0,0
BRDA:559,98,1,0
BRDA:568,99,0,0
BRDA:568,99,1,0
BRDA:572,100,0,0
BRDA:572,100,1,0
BRDA:572,101,0,0
BRDA:572,101,1,0
BRDA:572,102,0,0
BRDA:572,102,1,0
BRDA:574,103,0,0
BRDA:574,103,1,0
BRDA:575,104,0,0
BRDA:575,104,1,0
BRDA:580,105,0,0
BRDA:580,105,1,0
BRDA:580,106,0,0
BRDA:580,106,1,0
BRDA:584,107,0,0
BRDA:584,107,1,0
BRDA:589,108,0,0
BRDA:589,108,1,0
BRDA:590,109,0,0
BRDA:590,109,1,0
BRDA:600,110,0,0
BRDA:600,110,1,0
BRDA:600,111,0,0
BRDA:600,111,1,0
BRDA:601,112,0,0
BRDA:601,112,1,0
BRDA:601,112,2,0
BRDA:603,113,0,0
BRDA:603,113,1,0
BRDA:610,114,0,0
BRDA:610,114,1,0
BRDA:611,115,0,0
BRDA:611,115,1,0
BRDA:611,116,0,0
BRDA:611,116,1,0
BRDA:611,117,0,0
BRDA:611,117,1,0
BRDA:618,118,0,0
BRDA:618,118,1,0
BRDA:618,119,0,0
BRDA:618,119,1,0
BRDA:621,120,0,0
BRDA:621,120,1,0
BRDA:621,121,0,0
BRDA:621,121,1,0
BRDA:621,122,0,0
BRDA:621,122,1,0
BRF:268
BRH:0
end_of_record
TN:
SF:app/(tabs)/budget.tsx
FN:30,(anonymous_0)
FN:52,(anonymous_1)
FN:57,(anonymous_2)
FN:67,(anonymous_3)
FN:72,(anonymous_4)
FN:74,(anonymous_5)
FN:75,(anonymous_6)
FN:101,(anonymous_7)
FN:105,(anonymous_8)
FN:109,(anonymous_9)
FN:120,(anonymous_10)
FN:131,(anonymous_11)
FN:168,(anonymous_12)
FN:171,(anonymous_13)
FN:188,(anonymous_14)
FN:219,(anonymous_15)
FN:290,(anonymous_16)
FN:296,(anonymous_17)
FN:324,(anonymous_18)
FN:368,(anonymous_19)
FN:374,(anonymous_20)
FN:375,(anonymous_21)
FN:405,(anonymous_22)
FN:416,(anonymous_23)
FNF:24
FNH:0
FNDA:0,(anonymous_0)
FNDA:0,(anonymous_1)
FNDA:0,(anonymous_2)
FNDA:0,(anonymous_3)
FNDA:0,(anonymous_4)
FNDA:0,(anonymous_5)
FNDA:0,(anonymous_6)
FNDA:0,(anonymous_7)
FNDA:0,(anonymous_8)
FNDA:0,(anonymous_9)
FNDA:0,(anonymous_10)
FNDA:0,(anonymous_11)
FNDA:0,(anonymous_12)
FNDA:0,(anonymous_13)
FNDA:0,(anonymous_14)
FNDA:0,(anonymous_15)
FNDA:0,(anonymous_16)
FNDA:0,(anonymous_17)
FNDA:0,(anonymous_18)
FNDA:0,(anonymous_19)
FNDA:0,(anonymous_20)
FNDA:0,(anonymous_21)
FNDA:0,(anonymous_22)
FNDA:0,(anonymous_23)
DA:30,0
DA:31,0
DA:32,0
DA:33,0
DA:34,0
DA:35,0
DA:36,0
DA:37,0
DA:40,0
DA:41,0
DA:44,0
DA:45,0
DA:46,0
DA:48,0
DA:49,0
DA:52,0
DA:53,0
DA:54,0
DA:57,0
DA:58,0
DA:59,0
DA:60,0
DA:61,0
DA:63,0
DA:67,0
DA:72,0
DA:74,0
DA:75,0
DA:77,0
DA:78,0
DA:80,0
DA:81,0
DA:82,0
DA:83,0
DA:85,0
DA:99,0
DA:101,0
DA:102,0
DA:105,0
DA:106,0
DA:109,0
DA:110,0
DA:111,0
DA:112,0
DA:113,0
DA:114,0
DA:116,0
DA:120,0
DA:121,0
DA:122,0
DA:123,0
DA:124,0
DA:125,0
DA:127,0
DA:131,0
DA:132,0
DA:133,0
DA:136,0
DA:169,0
DA:172,0
DA:173,0
DA:188,0
DA:220,0
DA:290,0
DA:297,0
DA:324,0
DA:369,0
DA:374,0
DA:375,0
DA:405,0
DA:416,0
LF:71
LH:0
BRDA:48,0,0,0
BRDA:48,0,1,0
BRDA:49,1,0,0
BRDA:49,1,1,0
BRDA:58,2,0,0
BRDA:58,2,1,0
BRDA:59,3,0,0
BRDA:59,3,1,0
BRDA:60,4,0,0
BRDA:60,4,1,0
BRDA:60,5,0,0
BRDA:60,5,1,0
BRDA:61,6,0,0
BRDA:61,6,1,0
BRDA:70,7,0,0
BRDA:70,7,1,0
BRDA:71,8,0,0
BRDA:71,8,1,0
BRDA:74,9,0,0
BRDA:74,9,1,0
BRDA:110,10,0,0
BRDA:110,10,1,0
BRDA:121,11,0,0
BRDA:121,11,1,0
BRDA:123,12,0,0
BRDA:123,12,1,0
BRDA:137,13,0,0
BRDA:137,13,1,0
BRDA:152,14,0,0
BRDA:152,14,1,0
BRDA:156,15,0,0
BRDA:156,15,1,0
BRDA:157,16,0,0
BRDA:157,16,1,0
BRDA:162,17,0,0
BRDA:162,17,1,0
BRDA:167,18,0,0
BRDA:167,18,1,0
BRDA:175,19,0,0
BRDA:175,19,1,0
BRDA:175,20,0,0
BRDA:175,20,1,0
BRDA:177,21,0,0
BRDA:177,21,1,0
BRDA:185,22,0,0
BRDA:185,22,1,0
BRDA:188,23,0,0
BRDA:188,23,1,0
BRDA:200,24,0,0
BRDA:200,24,1,0
BRDA:204,25,0,0
BRDA:204,25,1,0
BRDA:212,26,0,0
BRDA:212,26,1,0
BRDA:214,27,0,0
BRDA:214,27,1,0
BRDA:232,28,0,0
BRDA:232,28,1,0
BRDA:234,29,0,0
BRDA:234,29,1,0
BRDA:239,30,0,0
BRDA:239,30,1,0
BRDA:247,31,0,0
BRDA:247,31,1,0
BRDA:251,32,0,0
BRDA:251,32,1,0
BRDA:253,33,0,0
BRDA:253,33,1,0
BRDA:261,34,0,0
BRDA:261,34,1,0
BRDA:267,35,0,0
BRDA:267,35,1,0
BRDA:268,36,0,0
BRDA:268,36,1,0
BRDA:270,37,0,0
BRDA:270,37,1,0
BRDA:283,38,0,0
BRDA:283,38,1,0
BRDA:297,39,0,0
BRDA:297,39,1,0
BRDA:327,40,0,0
BRDA:327,40,1,0
BRDA:333,41,0,0
BRDA:333,41,1,0
BRDA:334,42,0,0
BRDA:334,42,1,0
BRDA:340,43,0,0
BRDA:340,43,1,0
BRDA:350,44,0,0
BRDA:350,44,1,0
BRDA:363,45,0,0
BRDA:363,45,1,0
BRDA:386,46,0,0
BRDA:386,46,1,0
BRDA:386,47,0,0
BRDA:386,47,1,0
BRDA:393,48,0,0
BRDA:393,48,1,0
BRDA:398,49,0,0
BRDA:398,49,1,0
BRDA:398,50,0,0
BRDA:398,50,1,0
BRF:102
BRH:0
end_of_record
TN:
SF:app/(tabs)/goals.tsx
FN:12,GoalsScreen
FN:32,(anonymous_1)
FN:36,(anonymous_2)
FN:46,(anonymous_3)
FN:53,(anonymous_4)
FN:57,(anonymous_5)
FNF:6
FNH:0
FNDA:0,GoalsScreen
FNDA:0,(anonymous_1)
FNDA:0,(anonymous_2)
FNDA:0,(anonymous_3)
FNDA:0,(anonymous_4)
FNDA:0,(anonymous_5)
DA:13,0
DA:14,0
DA:15,0
DA:16,0
DA:18,0
DA:33,0
DA:34,0
DA:37,0
DA:38,0
DA:47,0
DA:48,0
DA:54,0
DA:55,0
DA:58,0
DA:59,0
LF:15
LH:0
BRDA:19,0,0,0
BRDA:19,0,1,0
BRDA:21,1,0,0
BRDA:21,1,1,0
BRF:4
BRH:0
end_of_record
TN:
SF:app/(tabs)/index.tsx
FN:28,(anonymous_0)
FN:36,(anonymous_1)
FN:40,(anonymous_2)
FN:47,(anonymous_3)
FN:79,(anonymous_4)
FN:80,(anonymous_5)
FN:82,(anonymous_6)
FN:83,(anonymous_7)
FN:87,(anonymous_8)
FN:91,(anonymous_9)
FN:101,(anonymous_10)
FN:105,(anonymous_11)
FN:107,(anonymous_12)
FN:112,(anonymous_13)
FN:121,(anonymous_14)
FN:122,(anonymous_15)
FN:127,(anonymous_16)
FN:182,(anonymous_17)
FN:192,(anonymous_18)
FN:206,(anonymous_19)
FN:249,(anonymous_20)
FN:278,(anonymous_21)
FN:308,(anonymous_22)
FN:321,(anonymous_23)
FN:340,(anonymous_24)
FN:366,(anonymous_25)
FN:370,(anonymous_26)
FN:377,(anonymous_27)
FNF:28
FNH:0
FNDA:0,(anonymous_0)
FNDA:0,(anonymous_1)
FNDA:0,(anonymous_2)
FNDA:0,(anonymous_3)
FNDA:0,(anonymous_4)
FNDA:0,(anonymous_5)
FNDA:0,(anonymous_6)
FNDA:0,(anonymous_7)
FNDA:0,(anonymous_8)
FNDA:0,(anonymous_9)
FNDA:0,(anonymous_10)
FNDA:0,(anonymous_11)
FNDA:0,(anonymous_12)
FNDA:0,(anonymous_13)
FNDA:0,(anonymous_14)
FNDA:0,(anonymous_15)
FNDA:0,(anonymous_16)
FNDA:0,(anonymous_17)
FNDA:0,(anonymous_18)
FNDA:0,(anonymous_19)
FNDA:0,(anonymous_20)
FNDA:0,(anonymous_21)
FNDA:0,(anonymous_22)
FNDA:0,(anonymous_23)
FNDA:0,(anonymous_24)
FNDA:0,(anonymous_25)
FNDA:0,(anonymous_26)
FNDA:0,(anonymous_27)
DA:28,0
DA:29,0
DA:36,0
DA:40,0
DA:41,0
DA:42,0
DA:43,0
DA:44,0
DA:45,0
DA:47,0
DA:48,0
DA:49,0
DA:50,0
DA:51,0
DA:52,0
DA:57,0
DA:59,0
DA:61,0
DA:63,0
DA:68,0
DA:69,0
DA:76,0
DA:77,0
DA:79,0
DA:80,0
DA:82,0
DA:83,0
DA:84,0
DA:87,0
DA:88,0
DA:91,0
DA:92,0
DA:93,0
DA:94,0
DA:96,0
DA:99,0
DA:100,0
DA:101,0
DA:105,0
DA:107,0
DA:112,0
DA:121,0
DA:122,0
DA:123,0
DA:124,0
DA:126,0
DA:127,0
DA:130,0
DA:182,0
DA:192,0
DA:206,0
DA:249,0
DA:278,0
DA:308,0
DA:322,0
DA:340,0
DA:366,0
DA:370,0
DA:377,0
LF:59
LH:0
BRDA:51,0,0,0
BRDA:51,0,1,0
BRDA:51,1,0,0
BRDA:51,1,1,0
BRDA:68,2,0,0
BRDA:68,2,1,0
BRDA:68,3,0,0
BRDA:68,3,1,0
BRDA:68,3,2,0
BRDA:68,3,3,0
BRDA:70,4,0,0
BRDA:70,4,1,0
BRDA:79,5,0,0
BRDA:79,5,1,0
BRDA:80,6,0,0
BRDA:80,6,1,0
BRDA:82,7,0,0
BRDA:82,7,1,0
BRDA:82,8,0,0
BRDA:82,8,1,0
BRDA:82,8,2,0
BRDA:83,9,0,0
BRDA:83,9,1,0
BRDA:83,10,0,0
BRDA:83,10,1,0
BRDA:83,10,2,0
BRDA:87,11,0,0
BRDA:87,11,1,0
BRDA:87,12,0,0
BRDA:87,12,1,0
BRDA:87,12,2,0
BRDA:88,13,0,0
BRDA:88,13,1,0
BRDA:92,14,0,0
BRDA:92,14,1,0
BRDA:93,15,0,0
BRDA:93,15,1,0
BRDA:93,16,0,0
BRDA:93,16,1,0
BRDA:93,16,2,0
BRDA:94,17,0,0
BRDA:94,17,1,0
BRDA:121,18,0,0
BRDA:121,18,1,0
BRDA:121,19,0,0
BRDA:121,19,1,0
BRDA:121,19,2,0
BRDA:122,20,0,0
BRDA:122,20,1,0
BRDA:122,21,0,0
BRDA:122,21,1,0
BRDA:122,21,2,0
BRDA:131,22,0,0
BRDA:131,22,1,0
BRDA:140,23,0,0
BRDA:140,23,1,0
BRDA:147,24,0,0
BRDA:147,24,1,0
BRDA:152,25,0,0
BRDA:152,25,1,0
BRDA:154,26,0,0
BRDA:154,26,1,0
BRDA:159,27,0,0
BRDA:159,27,1,0
BRDA:162,28,0,0
BRDA:162,28,1,0
BRDA:166,29,0,0
BRDA:166,29,1,0
BRDA:167,30,0,0
BRDA:167,30,1,0
BRDA:170,31,0,0
BRDA:170,31,1,0
BRDA:171,32,0,0
BRDA:171,32,1,0
BRDA:207,33,0,0
BRDA:207,33,1,0
BRDA:211,34,0,0
BRDA:211,34,1,0
BRDA:214,35,0,0
BRDA:214,35,1,0
BRDA:216,36,0,0
BRDA:216,36,1,0
BRDA:219,37,0,0
BRDA:219,37,1,0
BRDA:221,38,0,0
BRDA:221,38,1,0
BRDA:225,39,0,0
BRDA:225,39,1,0
BRDA:230,40,0,0
BRDA:230,40,1,0
BRDA:233,41,0,0
BRDA:233,41,1,0
BRDA:235,42,0,0
BRDA:235,42,1,0
BRDA:239,43,0,0
BRDA:239,43,1,0
BRDA:250,44,0,0
BRDA:250,44,1,0
BRDA:252,45,0,0
BRDA:252,45,1,0
BRDA:256,46,0,0
BRDA:256,46,1,0
BRDA:260,47,0,0
BRDA:260,47,1,0
BRDA:269,48,0,0
BRDA:269,48,1,0
BRDA:270,49,0,0
BRDA:270,49,1,0
BRDA:279,50,0,0
BRDA:279,50,1,0
BRDA:281,51,0,0
BRDA:281,51,1,0
BRDA:285,52,0,0
BRDA:285,52,1,0
BRDA:294,53,0,0
BRDA:294,53,1,0
BRDA:298,54,0,0
BRDA:298,54,1,0
BRDA:299,55,0,0
BRDA:299,55,1,0
BRDA:309,56,0,0
BRDA:309,56,1,0
BRDA:313,57,0,0
BRDA:313,57,1,0
BRDA:316,58,0,0
BRDA:316,58,1,0
BRDA:318,59,0,0
BRDA:318,59,1,0
BRDA:322,60,0,0
BRDA:322,60,1,0
BRDA:324,61,0,0
BRDA:324,61,1,0
BRDA:324,62,0,0
BRDA:324,62,1,0
BRDA:325,63,0,0
BRDA:325,63,1,0
BRDA:327,64,0,0
BRDA:327,64,1,0
BRDA:328,65,0,0
BRDA:328,65,1,0
BRDA:332,66,0,0
BRDA:332,66,1,0
BRDA:333,67,0,0
BRDA:333,67,1,0
BRDA:341,68,0,0
BRDA:341,68,1,0
BRDA:345,69,0,0
BRDA:345,69,1,0
BRDA:348,70,0,0
BRDA:348,70,1,0
BRDA:350,71,0,0
BRDA:350,71,1,0
BRDA:352,72,0,0
BRDA:352,72,1,0
BRF:154
BRH:0
end_of_record
TN:
SF:app/(tabs)/monitoring.tsx
FN:7,InsightsScreen
FNF:1
FNH:0
FNDA:0,InsightsScreen
DA:8,0
DA:10,0
LF:2
LH:0
BRF:0
BRH:0
end_of_record
TN:
SF:app/(tabs)/portfolio.tsx
FN:22,(anonymous_0)
FN:76,(anonymous_1)
FN:86,(anonymous_2)
FN:87,(anonymous_3)
FN:94,(anonymous_4)
FN:94,(anonymous_5)
FN:97,(anonymous_6)
FN:97,(anonymous_7)
FN:103,(anonymous_8)
FN:104,(anonymous_9)
FN:111,(anonymous_10)
FN:115,(anonymous_11)
FN:116,(anonymous_12)
FN:121,(anonymous_13)
FN:128,(anonymous_14)
FN:147,(anonymous_15)
FN:152,(anonymous_16)
FN:236,(anonymous_17)
FN:237,(anonymous_18)
FN:253,(anonymous_19)
FN:257,(anonymous_20)
FN:258,(anonymous_21)
FN:265,(anonymous_22)
FNF:23
FNH:0
FNDA:0,(anonymous_0)
FNDA:0,(anonymous_1)
FNDA:0,(anonymous_2)
FNDA:0,(anonymous_3)
FNDA:0,(anonymous_4)
FNDA:0,(anonymous_5)
FNDA:0,(anonymous_6)
FNDA:0,(anonymous_7)
FNDA:0,(anonymous_8)
FNDA:0,(anonymous_9)
FNDA:0,(anonymous_10)
FNDA:0,(anonymous_11)
FNDA:0,(anonymous_12)
FNDA:0,(anonymous_13)
FNDA:0,(anonymous_14)
FNDA:0,(anonymous_15)
FNDA:0,(anonymous_16)
FNDA:0,(anonymous_17)
FNDA:0,(anonymous_18)
FNDA:0,(anonymous_19)
FNDA:0,(anonymous_20)
FNDA:0,(anonymous_21)
FNDA:0,(anonymous_22)
DA:22,0
DA:23,0
DA:24,0
DA:25,0
DA:26,0
DA:27,0
DA:28,0
DA:29,0
DA:30,0
DA:32,0
DA:76,0
DA:77,0
DA:78,0
DA:79,0
DA:80,0
DA:81,0
DA:82,0
DA:83,0
DA:86,0
DA:87,0
DA:88,0
DA:89,0
DA:94,0
DA:95,0
DA:97,0
DA:98,0
DA:100,0
DA:101,0
DA:103,0
DA:104,0
DA:105,0
DA:111,0
DA:112,0
DA:113,0
DA:114,0
DA:115,0
DA:116,0
DA:117,0
DA:119,0
DA:121,0
DA:122,0
DA:124,0
DA:126,0
DA:127,0
DA:128,0
DA:129,0
DA:130,0
DA:136,0
DA:138,0
DA:147,0
DA:148,0
DA:149,0
DA:152,0
DA:153,0
DA:154,0
DA:157,0
DA:237,0
DA:253,0
DA:257,0
DA:258,0
DA:265,0
LF:61
LH:0
BRDA:24,0,0,0
BRDA:24,0,1,0
BRDA:28,1,0,0
BRDA:28,1,1,0
BRDA:35,2,0,0
BRDA:35,2,1,0
BRDA:38,3,0,0
BRDA:38,3,1,0
BRDA:41,4,0,0
BRDA:41,4,1,0
BRDA:42,5,0,0
BRDA:42,5,1,0
BRDA:43,6,0,0
BRDA:43,6,1,0
BRDA:46,7,0,0
BRDA:46,7,1,0
BRDA:51,8,0,0
BRDA:51,8,1,0
BRDA:51,9,0,0
BRDA:51,9,1,0
BRDA:52,10,0,0
BRDA:52,10,1,0
BRDA:53,11,0,0
BRDA:53,11,1,0
BRDA:54,12,0,0
BRDA:54,12,1,0
BRDA:58,13,0,0
BRDA:58,13,1,0
BRDA:65,14,0,0
BRDA:65,14,1,0
BRDA:67,15,0,0
BRDA:67,15,1,0
BRDA:68,16,0,0
BRDA:68,16,1,0
BRDA:88,17,0,0
BRDA:88,17,1,0
BRDA:95,18,0,0
BRDA:95,18,1,0
BRDA:98,19,0,0
BRDA:98,19,1,0
BRDA:101,20,0,0
BRDA:101,20,1,0
BRDA:105,21,0,0
BRDA:105,21,1,0
BRDA:105,21,2,0
BRDA:105,21,3,0
BRDA:105,21,4,0
BRDA:105,21,5,0
BRDA:112,22,0,0
BRDA:112,22,1,0
BRDA:115,23,0,0
BRDA:115,23,1,0
BRDA:117,24,0,0
BRDA:117,24,1,0
BRDA:124,25,0,0
BRDA:124,25,1,0
BRDA:127,26,0,0
BRDA:127,26,1,0
BRDA:158,27,0,0
BRDA:158,27,1,0
BRDA:177,28,0,0
BRDA:177,28,1,0
BRDA:183,29,0,0
BRDA:183,29,1,0
BRDA:185,30,0,0
BRDA:185,30,1,0
BRDA:188,31,0,0
BRDA:188,31,1,0
BRDA:200,32,0,0
BRDA:200,32,1,0
BRDA:202,33,0,0
BRDA:202,33,1,0
BRDA:207,34,0,0
BRDA:207,34,1,0
BRDA:208,35,0,0
BRDA:208,35,1,0
BRDA:212,36,0,0
BRDA:212,36,1,0
BRDA:213,37,0,0
BRDA:213,37,1,0
BRDA:214,38,0,0
BRDA:214,38,1,0
BRDA:222,39,0,0
BRDA:222,39,1,0
BRDA:223,40,0,0
BRDA:223,40,1,0
BRDA:228,41,0,0
BRDA:228,41,1,0
BRDA:229,42,0,0
BRDA:229,42,1,0
BRDA:235,43,0,0
BRDA:235,43,1,0
BRDA:239,44,0,0
BRDA:239,44,1,0
BRDA:241,45,0,0
BRDA:241,45,1,0
BRDA:242,46,0,0
BRDA:242,46,1,0
BRDA:244,47,0,0
BRDA:244,47,1,0
BRF:100
BRH:0
end_of_record
TN:
SF:app/(tabs)/settings.tsx
FN:23,SettingsScreen
FN:35,(anonymous_1)
FN:37,(anonymous_2)
FN:42,(anonymous_3)
FN:46,(anonymous_4)
FN:69,(anonymous_5)
FN:78,(anonymous_6)
FN:91,(anonymous_7)
FN:100,(anonymous_8)
FN:104,(anonymous_9)
FN:110,(anonymous_10)
FN:117,(anonymous_11)
FN:124,(anonymous_12)
FN:178,(anonymous_13)
FN:237,(anonymous_14)
FN:237,(anonymous_15)
FN:242,(anonymous_16)
FN:309,(anonymous_17)
FN:317,(anonymous_18)
FN:338,(anonymous_19)
FN:454,(anonymous_20)
FN:465,(anonymous_21)
FN:473,(anonymous_22)
FN:480,(anonymous_23)
FN:488,(anonymous_24)
FN:528,(anonymous_25)
FNF:26
FNH:0
FNDA:0,SettingsScreen
FNDA:0,(anonymous_1)
FNDA:0,(anonymous_2)
FNDA:0,(anonymous_3)
FNDA:0,(anonymous_4)
FNDA:0,(anonymous_5)
FNDA:0,(anonymous_6)
FNDA:0,(anonymous_7)
FNDA:0,(anonymous_8)
FNDA:0,(anonymous_9)
FNDA:0,(anonymous_10)
FNDA:0,(anonymous_11)
FNDA:0,(anonymous_12)
FNDA:0,(anonymous_13)
FNDA:0,(anonymous_14)
FNDA:0,(anonymous_15)
FNDA:0,(anonymous_16)
FNDA:0,(anonymous_17)
FNDA:0,(anonymous_18)
FNDA:0,(anonymous_19)
FNDA:0,(anonymous_20)
FNDA:0,(anonymous_21)
FNDA:0,(anonymous_22)
FNDA:0,(anonymous_23)
FNDA:0,(anonymous_24)
FNDA:0,(anonymous_25)
DA:24,0
DA:25,0
DA:26,0
DA:27,0
DA:28,0
DA:29,0
DA:30,0
DA:31,0
DA:32,0
DA:34,0
DA:36,0
DA:37,0
DA:38,0
DA:39,0
DA:41,0
DA:42,0
DA:46,0
DA:47,0
DA:48,0
DA:49,0
DA:54,0
DA:57,0
DA:58,0
DA:59,0
DA:60,0
DA:62,0
DA:63,0
DA:65,0
DA:69,0
DA:70,0
DA:79,0
DA:80,0
DA:81,0
DA:83,0
DA:91,0
DA:92,0
DA:93,0
DA:94,0
DA:95,0
DA:97,0
DA:98,0
DA:100,0
DA:101,0
DA:102,0
DA:104,0
DA:105,0
DA:106,0
DA:109,0
DA:110,0
DA:117,0
DA:124,0
DA:126,0
DA:127,0
DA:128,0
DA:131,0
DA:132,0
DA:134,0
DA:135,0
DA:137,0
DA:141,0
DA:142,0
DA:143,0
DA:144,0
DA:146,0
DA:178,0
DA:237,0
DA:238,0
DA:239,0
DA:242,0
DA:310,0
DA:318,0
DA:319,0
DA:320,0
DA:321,0
DA:322,0
DA:324,0
DA:338,0
DA:454,0
DA:466,0
DA:474,0
DA:475,0
DA:481,0
DA:482,0
DA:489,0
DA:490,0
DA:528,0
LF:86
LH:0
BRDA:39,0,0,0
BRDA:39,0,1,0
BRDA:48,1,0,0
BRDA:48,1,1,0
BRDA:48,2,0,0
BRDA:48,2,1,0
BRDA:63,3,0,0
BRDA:63,3,1,0
BRDA:80,4,0,0
BRDA:80,4,1,0
BRDA:102,5,0,0
BRDA:102,5,1,0
BRDA:106,6,0,0
BRDA:106,6,1,0
BRDA:113,7,0,0
BRDA:113,7,1,0
BRDA:120,8,0,0
BRDA:120,8,1,0
BRDA:126,9,0,0
BRDA:126,9,1,0
BRDA:135,10,0,0
BRDA:135,10,1,0
BRDA:141,11,0,0
BRDA:141,11,1,0
BRDA:142,12,0,0
BRDA:142,12,1,0
BRDA:143,13,0,0
BRDA:143,13,1,0
BRDA:144,14,0,0
BRDA:144,14,1,0
BRDA:147,15,0,0
BRDA:147,15,1,0
BRDA:155,16,0,0
BRDA:155,16,1,0
BRDA:173,17,0,0
BRDA:173,17,1,0
BRDA:178,18,0,0
BRDA:178,18,1,0
BRDA:192,19,0,0
BRDA:192,19,1,0
BRDA:207,20,0,0
BRDA:207,20,1,0
BRDA:237,21,0,0
BRDA:237,21,1,0
BRDA:237,22,0,0
BRDA:237,22,1,0
BRDA:243,23,0,0
BRDA:243,23,1,0
BRDA:245,24,0,0
BRDA:245,24,1,0
BRDA:246,25,0,0
BRDA:246,25,1,0
BRDA:266,26,0,0
BRDA:266,26,1,0
BRDA:280,27,0,0
BRDA:280,27,1,0
BRDA:283,28,0,0
BRDA:283,28,1,0
BRDA:284,29,0,0
BRDA:284,29,1,0
BRDA:288,30,0,0
BRDA:288,30,1,0
BRDA:294,31,0,0
BRDA:294,31,1,0
BRDA:298,32,0,0
BRDA:298,32,1,0
BRDA:298,33,0,0
BRDA:298,33,1,0
BRDA:301,34,0,0
BRDA:301,34,1,0
BRDA:302,35,0,0
BRDA:302,35,1,0
BRDA:306,36,0,0
BRDA:306,36,1,0
BRDA:319,37,0,0
BRDA:319,37,1,0
BRDA:356,38,0,0
BRDA:356,38,1,0
BRDA:371,39,0,0
BRDA:371,39,1,0
BRDA:374,40,0,0
BRDA:374,40,1,0
BRDA:393,41,0,0
BRDA:393,41,1,0
BRDA:400,42,0,0
BRDA:400,42,1,0
BRDA:403,43,0,0
BRDA:403,43,1,0
BRDA:415,44,0,0
BRDA:415,44,1,0
BRDA:418,45,0,0
BRDA:418,45,1,0
BRDA:436,46,0,0
BRDA:436,46,1,0
BRDA:439,47,0,0
BRDA:439,47,1,0
BRDA:446,48,0,0
BRDA:446,48,1,0
BRDA:449,49,0,0
BRDA:449,49,1,0
BRDA:458,50,0,0
BRDA:458,50,1,0
BRDA:461,51,0,0
BRDA:461,51,1,0
BRDA:475,52,0,0
BRDA:475,52,1,0
BRDA:482,53,0,0
BRDA:482,53,1,0
BRDA:490,54,0,0
BRDA:490,54,1,0
BRF:110
BRH:0
end_of_record
TN:
SF:app/onboarding/e2ee-recovery.tsx
FN:7,E2EERecoveryScreen
FN:13,(anonymous_1)
FN:42,(anonymous_2)
FN:48,(anonymous_3)
FN:127,(anonymous_4)
FNF:5
FNH:0
FNDA:0,E2EERecoveryScreen
FNDA:0,(anonymous_1)
FNDA:0,(anonymous_2)
FNDA:0,(anonymous_3)
FNDA:0,(anonymous_4)
DA:8,0
DA:9,0
DA:10,0
DA:11,0
DA:13,0
DA:14,0
DA:16,0
DA:17,0
DA:18,0
DA:21,0
DA:22,0
DA:23,0
DA:26,0
DA:27,0
DA:28,0
DA:31,0
DA:32,0
DA:33,0
DA:36,0
DA:37,0
DA:38,0
DA:40,0
DA:41,0
DA:42,0
DA:44,0
DA:45,0
DA:48,0
DA:52,0
DA:54,0
DA:58,0
DA:127,0
LF:31
LH:0
BRDA:16,0,0,0
BRDA:16,0,1,0
BRDA:21,1,0,0
BRDA:21,1,1,0
BRDA:26,2,0,0
BRDA:26,2,1,0
BRDA:31,3,0,0
BRDA:31,3,1,0
BRDA:40,4,0,0
BRDA:40,4,1,0
BRDA:44,5,0,0
BRDA:44,5,1,0
BRDA:52,6,0,0
BRDA:52,6,1,0
BRDA:117,7,0,0
BRDA:117,7,1,0
BRDA:119,8,0,0
BRDA:119,8,1,0
BRF:18
BRH:0
end_of_record
TN:
SF:app/onboarding/e2ee-setup.tsx
FN:12,E2EESetupScreen
FN:28,(anonymous_1)
FN:29,initPhrase
FN:41,(anonymous_3)
FN:50,(anonymous_4)
FN:64,(anonymous_5)
FN:97,(anonymous_6)
FN:114,(anonymous_7)
FN:123,(anonymous_8)
FN:134,(anonymous_9)
FN:150,(anonymous_10)
FN:160,(anonymous_11)
FN:160,(anonymous_12)
FNF:13
FNH:0
FNDA:0,E2EESetupScreen
FNDA:0,(anonymous_1)
FNDA:0,initPhrase
FNDA:0,(anonymous_3)
FNDA:0,(anonymous_4)
FNDA:0,(anonymous_5)
FNDA:0,(anonymous_6)
FNDA:0,(anonymous_7)
FNDA:0,(anonymous_8)
FNDA:0,(anonymous_9)
FNDA:0,(anonymous_10)
FNDA:0,(anonymous_11)
FNDA:0,(anonymous_12)
DA:14,0
DA:16,0
DA:17,0
DA:18,0
DA:19,0
DA:20,0
DA:21,0
DA:23,0
DA:24,0
DA:25,0
DA:28,0
DA:30,0
DA:31,0
DA:32,0
DA:33,0
DA:35,0
DA:36,0
DA:38,0
DA:41,0
DA:42,0
DA:43,0
DA:44,0
DA:46,0
DA:50,0
DA:51,0
DA:52,0
DA:53,0
DA:55,0
DA:56,0
DA:57,0
DA:60,0
DA:61,0
DA:62,0
DA:63,0
DA:64,0
DA:67,0
DA:69,0
DA:73,0
DA:97,0
DA:115,0
DA:124,0
DA:125,0
DA:126,0
DA:134,0
DA:151,0
DA:160,0
LF:46
LH:0
BRDA:43,0,0,0
BRDA:43,0,1,0
BRDA:51,1,0,0
BRDA:51,1,1,0
BRDA:55,2,0,0
BRDA:55,2,1,0
BRDA:67,3,0,0
BRDA:67,3,1,0
BRDA:77,4,0,0
BRDA:77,4,1,0
BRDA:106,5,0,0
BRDA:106,5,1,0
BRDA:143,6,0,0
BRDA:143,6,1,0
BRDA:159,7,0,0
BRDA:159,7,1,0
BRDA:175,8,0,0
BRDA:175,8,1,0
BRDA:209,9,0,0
BRDA:209,9,1,0
BRDA:211,10,0,0
BRDA:211,10,1,0
BRF:22
BRH:0
end_of_record
TN:
SF:app/settings/dek-rotation.tsx
FN:7,DEKRotationScreen
FN:17,(anonymous_1)
FN:18,checkResume
FN:32,(anonymous_3)
FN:33,(anonymous_4)
FN:45,(anonymous_5)
FN:50,(anonymous_6)
FN:58,(anonymous_7)
FN:68,(anonymous_8)
FN:87,(anonymous_9)
FNF:10
FNH:0
FNDA:0,DEKRotationScreen
FNDA:0,(anonymous_1)
FNDA:0,checkResume
FNDA:0,(anonymous_3)
FNDA:0,(anonymous_4)
FNDA:0,(anonymous_5)
FNDA:0,(anonymous_6)
FNDA:0,(anonymous_7)
FNDA:0,(anonymous_8)
FNDA:0,(anonymous_9)
DA:8,0
DA:10,0
DA:11,0
DA:13,0
DA:14,0
DA:17,0
DA:19,0
DA:20,0
DA:21,0
DA:28,0
DA:32,0
DA:33,0
DA:34,0
DA:35,0
DA:36,0
DA:42,0
DA:45,0
DA:46,0
DA:47,0
DA:48,0
DA:49,0
DA:50,0
DA:52,0
DA:53,0
DA:54,0
DA:58,0
DA:59,0
DA:60,0
DA:61,0
DA:63,0
DA:64,0
DA:68,0
DA:69,0
DA:70,0
DA:71,0
DA:72,0
DA:74,0
DA:75,0
DA:76,0
DA:79,0
DA:88,0
DA:89,0
DA:90,0
DA:91,0
DA:93,0
DA:94,0
DA:102,0
DA:106,0
LF:48
LH:0
BRDA:20,0,0,0
BRDA:20,0,1,0
BRDA:20,1,0,0
BRDA:20,1,1,0
BRDA:34,2,0,0
BRDA:34,2,1,0
BRDA:47,3,0,0
BRDA:47,3,1,0
BRDA:52,4,0,0
BRDA:52,4,1,0
BRDA:64,5,0,0
BRDA:64,5,1,0
BRDA:70,6,0,0
BRDA:70,6,1,0
BRDA:74,7,0,0
BRDA:74,7,1,0
BRDA:94,8,0,0
BRDA:94,8,1,0
BRDA:102,9,0,0
BRDA:102,9,1,0
BRDA:102,10,0,0
BRDA:102,10,1,0
BRDA:118,11,0,0
BRDA:118,11,1,0
BRDA:167,12,0,0
BRDA:167,12,1,0
BRF:26
BRH:0
end_of_record
TN:
SF:app/settings/profile.tsx
FN:10,ProfileSettingsScreen
FN:20,(anonymous_1)
FN:21,fetchUser
FN:28,(anonymous_3)
FN:37,(anonymous_4)
FN:60,(anonymous_5)
FNF:6
FNH:0
FNDA:0,ProfileSettingsScreen
FNDA:0,(anonymous_1)
FNDA:0,fetchUser
FNDA:0,(anonymous_3)
FNDA:0,(anonymous_4)
FNDA:0,(anonymous_5)
DA:11,0
DA:12,0
DA:14,0
DA:15,0
DA:16,0
DA:17,0
DA:18,0
DA:20,0
DA:22,0
DA:23,0
DA:25,0
DA:28,0
DA:29,0
DA:38,0
DA:40,0
DA:43,0
DA:44,0
DA:47,0
DA:49,0
DA:57,0
DA:60,0
LF:21
LH:0
BRDA:14,0,0,0
BRDA:14,0,1,0
BRDA:15,1,0,0
BRDA:15,1,1,0
BRDA:16,2,0,0
BRDA:16,2,1,0
BRDA:17,3,0,0
BRDA:17,3,1,0
BRDA:18,4,0,0
BRDA:18,4,1,0
BRDA:44,5,0,0
BRDA:44,5,1,0
BRDA:60,6,0,0
BRDA:60,6,1,0
BRDA:61,7,0,0
BRDA:61,7,1,0
BRDA:69,8,0,0
BRDA:69,8,1,0
BRDA:73,9,0,0
BRDA:73,9,1,0
BRF:20
BRH:0
end_of_record
TN:
SF:components/Auth.tsx
FN:5,Auth
FN:10,signInWithEmail
FN:21,signUpWithEmail
FN:42,(anonymous_3)
FN:51,(anonymous_4)
FN:59,(anonymous_5)
FN:62,(anonymous_6)
FNF:7
FNH:0
FNDA:0,Auth
FNDA:0,signInWithEmail
FNDA:0,signUpWithEmail
FNDA:0,(anonymous_3)
FNDA:0,(anonymous_4)
FNDA:0,(anonymous_5)
FNDA:0,(anonymous_6)
DA:6,0
DA:7,0
DA:8,0
DA:11,0
DA:12,0
DA:17,0
DA:18,0
DA:22,0
DA:26,0
DA:31,0
DA:32,0
DA:33,0
DA:36,0
DA:42,0
DA:51,0
DA:59,0
DA:62,0
DA:68,0
LF:18
LH:0
BRDA:17,0,0,0
BRDA:17,0,1,0
BRDA:31,1,0,0
BRDA:31,1,1,0
BRDA:32,2,0,0
BRDA:32,2,1,0
BRDA:32,3,0,0
BRDA:32,3,1,0
BRF:8
BRH:0
end_of_record
TN:
SF:components/BalanceSummary.tsx
FN:10,(anonymous_0)
FN:13,(anonymous_1)
FN:14,(anonymous_2)
FN:59,(anonymous_3)
FNF:4
FNH:0
FNDA:0,(anonymous_0)
FNDA:0,(anonymous_1)
FNDA:0,(anonymous_2)
FNDA:0,(anonymous_3)
DA:10,0
DA:11,0
DA:12,0
DA:13,0
DA:14,0
DA:15,0
DA:16,0
DA:18,0
DA:59,0
LF:9
LH:0
BRDA:13,0,0,0
BRDA:13,0,1,0
BRDA:14,1,0,0
BRDA:14,1,1,0
BRDA:19,2,0,0
BRDA:19,2,1,0
BRDA:30,3,0,0
BRDA:30,3,1,0
BRDA:35,4,0,0
BRDA:35,4,1,0
BRDA:44,5,0,0
BRDA:44,5,1,0
BRF:12
BRH:0
end_of_record
TN:
SF:components/BudgetForm.tsx
FN:18,(anonymous_0)
FN:26,(anonymous_1)
FN:36,(anonymous_2)
FN:40,(anonymous_3)
FN:42,(anonymous_4)
FN:47,(anonymous_5)
FN:75,(anonymous_6)
FN:94,(anonymous_7)
FN:97,(anonymous_8)
FNF:9
FNH:0
FNDA:0,(anonymous_0)
FNDA:0,(anonymous_1)
FNDA:0,(anonymous_2)
FNDA:0,(anonymous_3)
FNDA:0,(anonymous_4)
FNDA:0,(anonymous_5)
FNDA:0,(anonymous_6)
FNDA:0,(anonymous_7)
FNDA:0,(anonymous_8)
DA:10,0
DA:18,0
DA:19,0
DA:20,0
DA:21,0
DA:22,0
DA:23,0
DA:26,0
DA:27,0
DA:28,0
DA:29,0
DA:31,0
DA:32,0
DA:36,0
DA:37,0
DA:39,0
DA:40,0
DA:41,0
DA:42,0
DA:43,0
DA:44,0
DA:47,0
DA:48,0
DA:49,0
DA:50,0
DA:54,0
DA:56,0
DA:60,0
DA:62,0
DA:75,0
DA:95,0
DA:97,0
LF:32
LH:0
BRDA:27,0,0,0
BRDA:27,0,1,0
BRDA:28,1,0,0
BRDA:28,1,1,0
BRDA:29,2,0,0
BRDA:29,2,1,0
BRDA:37,3,0,0
BRDA:37,3,1,0
BRDA:37,4,0,0
BRDA:37,4,1,0
BRDA:41,5,0,0
BRDA:41,5,1,0
BRDA:60,6,0,0
BRDA:60,6,1,0
BRDA:70,7,0,0
BRDA:70,7,1,0
BRDA:78,8,0,0
BRDA:78,8,1,0
BRDA:78,9,0,0
BRDA:78,9,1,0
BRDA:78,10,0,0
BRDA:78,10,1,0
BRDA:79,11,0,0
BRDA:79,11,1,0
BRDA:80,12,0,0
BRDA:80,12,1,0
BRDA:82,13,0,0
BRDA:82,13,1,0
BRDA:83,14,0,0
BRDA:83,14,1,0
BRDA:99,15,0,0
BRDA:99,15,1,0
BRDA:101,16,0,0
BRDA:101,16,1,0
BRDA:106,17,0,0
BRDA:106,17,1,0
BRDA:106,18,0,0
BRDA:106,18,1,0
BRDA:106,19,0,0
BRDA:106,19,1,0
BRDA:120,20,0,0
BRDA:120,20,1,0
BRDA:121,21,0,0
BRDA:121,21,1,0
BRDA:132,22,0,0
BRDA:132,22,1,0
BRDA:134,23,0,0
BRDA:134,23,1,0
BRDA:141,24,0,0
BRDA:141,24,1,0
BRDA:143,25,0,0
BRDA:143,25,1,0
BRDA:150,26,0,0
BRDA:150,26,1,0
BRF:54
BRH:0
end_of_record
TN:
SF:components/DateRangeModal.tsx
FN:16,DateRangeModal
FN:28,(anonymous_1)
FN:36,(anonymous_2)
FN:49,(anonymous_3)
FN:85,(anonymous_4)
FN:98,(anonymous_5)
FNF:6
FNH:0
FNDA:0,DateRangeModal
FNDA:0,(anonymous_1)
FNDA:0,(anonymous_2)
FNDA:0,(anonymous_3)
FNDA:0,(anonymous_4)
FNDA:0,(anonymous_5)
DA:17,0
DA:19,0
DA:20,0
DA:21,0
DA:23,0
DA:24,0
DA:25,0
DA:26,0
DA:28,0
DA:29,0
DA:30,0
DA:31,0
DA:33,0
DA:36,0
DA:42,0
DA:44,0
DA:50,0
DA:51,0
DA:58,0
DA:59,0
DA:61,0
DA:85,0
DA:98,0
LF:23
LH:0
BRDA:29,0,0,0
BRDA:29,0,1,0
BRDA:42,1,0,0
BRDA:42,1,1,0
BRDA:42,2,0,0
BRDA:42,2,1,0
BRDA:48,3,0,0
BRDA:48,3,1,0
BRDA:51,4,0,0
BRDA:51,4,1,0
BRDA:53,5,0,0
BRDA:53,5,1,0
BRDA:58,6,0,0
BRDA:58,6,1,0
BRDA:59,7,0,0
BRDA:59,7,1,0
BRDA:86,8,0,0
BRDA:86,8,1,0
BRDA:89,9,0,0
BRDA:89,9,1,0
BRDA:91,10,0,0
BRDA:91,10,1,0
BRDA:99,11,0,0
BRDA:99,11,1,0
BRDA:102,12,0,0
BRDA:102,12,1,0
BRDA:104,13,0,0
BRDA:104,13,1,0
BRDA:108,14,0,0
BRDA:108,14,1,0
BRDA:110,15,0,0
BRDA:110,15,1,0
BRDA:111,16,0,0
BRDA:111,16,1,0
BRF:34
BRH:0
end_of_record
TN:
SF:components/ExpenseForm.tsx
FN:13,ExpenseForm
FN:25,(anonymous_1)
FN:37,(anonymous_2)
FN:38,(anonymous_3)
FN:84,(anonymous_4)
FN:87,(anonymous_5)
FNF:6
FNH:0
FNDA:0,ExpenseForm
FNDA:0,(anonymous_1)
FNDA:0,(anonymous_2)
FNDA:0,(anonymous_3)
FNDA:0,(anonymous_4)
FNDA:0,(anonymous_5)
DA:14,0
DA:15,0
DA:16,0
DA:17,0
DA:18,0
DA:19,0
DA:21,0
DA:25,0
DA:26,0
DA:27,0
DA:28,0
DA:29,0
DA:32,0
DA:34,0
DA:35,0
DA:37,0
DA:38,0
DA:39,0
DA:40,0
DA:41,0
DA:42,0
DA:43,0
DA:44,0
DA:45,0
DA:48,0
DA:49,0
DA:50,0
DA:52,0
DA:54,0
DA:58,0
DA:85,0
DA:87,0
LF:32
LH:0
BRDA:27,0,0,0
BRDA:27,0,1,0
BRDA:27,1,0,0
BRDA:27,1,1,0
BRDA:27,1,2,0
BRDA:27,1,3,0
BRDA:35,2,0,0
BRDA:35,2,1,0
BRDA:64,3,0,0
BRDA:64,3,1,0
BRDA:65,4,0,0
BRDA:65,4,1,0
BRDA:69,5,0,0
BRDA:69,5,1,0
BRDA:76,6,0,0
BRDA:76,6,1,0
BRDA:77,7,0,0
BRDA:77,7,1,0
BRDA:82,8,0,0
BRDA:82,8,1,0
BRDA:88,9,0,0
BRDA:88,9,1,0
BRDA:90,10,0,0
BRDA:90,10,1,0
BRDA:93,11,0,0
BRDA:93,11,1,0
BRDA:93,12,0,0
BRDA:93,12,1,0
BRDA:103,13,0,0
BRDA:103,13,1,0
BRDA:109,14,0,0
BRDA:109,14,1,0
BRDA:110,15,0,0
BRDA:110,15,1,0
BRDA:118,16,0,0
BRDA:118,16,1,0
BRDA:120,17,0,0
BRDA:120,17,1,0
BRDA:126,18,0,0
BRDA:126,18,1,0
BRDA:129,19,0,0
BRDA:129,19,1,0
BRF:42
BRH:0
end_of_record
TN:
SF:components/GoalCard.tsx
FN:19,(anonymous_0)
FN:22,(anonymous_1)
FN:25,(anonymous_2)
FN:26,(anonymous_3)
FN:35,(anonymous_4)
FN:44,(anonymous_5)
FN:45,(anonymous_6)
FN:67,(anonymous_7)
FN:79,(anonymous_8)
FNF:9
FNH:0
FNDA:0,(anonymous_0)
FNDA:0,(anonymous_1)
FNDA:0,(anonymous_2)
FNDA:0,(anonymous_3)
FNDA:0,(anonymous_4)
FNDA:0,(anonymous_5)
FNDA:0,(anonymous_6)
FNDA:0,(anonymous_7)
FNDA:0,(anonymous_8)
DA:19,0
DA:20,0
DA:21,0
DA:22,0
DA:23,0
DA:24,0
DA:25,0
DA:26,0
DA:27,0
DA:31,0
DA:35,0
DA:36,0
DA:45,0
DA:46,0
DA:54,0
DA:67,0
DA:79,0
LF:17
LH:0
BRDA:70,0,0,0
BRDA:70,0,1,0
BRDA:71,1,0,0
BRDA:71,1,1,0
BRF:4
BRH:0
end_of_record
TN:
SF:components/GoalForm.tsx
FN:16,(anonymous_0)
FN:30,(anonymous_1)
FN:34,(anonymous_2)
FN:36,(anonymous_3)
FN:44,(anonymous_4)
FN:119,(anonymous_5)
FN:132,(anonymous_6)
FN:145,(anonymous_7)
FN:151,(anonymous_8)
FN:157,(anonymous_9)
FN:163,(anonymous_10)
FN:166,(anonymous_11)
FN:175,(anonymous_12)
FN:186,(anonymous_13)
FNF:14
FNH:0
FNDA:0,(anonymous_0)
FNDA:0,(anonymous_1)
FNDA:0,(anonymous_2)
FNDA:0,(anonymous_3)
FNDA:0,(anonymous_4)
FNDA:0,(anonymous_5)
FNDA:0,(anonymous_6)
FNDA:0,(anonymous_7)
FNDA:0,(anonymous_8)
FNDA:0,(anonymous_9)
FNDA:0,(anonymous_10)
FNDA:0,(anonymous_11)
FNDA:0,(anonymous_12)
FNDA:0,(anonymous_13)
DA:16,0
DA:17,0
DA:18,0
DA:19,0
DA:20,0
DA:21,0
DA:22,0
DA:23,0
DA:26,0
DA:27,0
DA:28,0
DA:30,0
DA:31,0
DA:33,0
DA:34,0
DA:35,0
DA:36,0
DA:37,0
DA:38,0
DA:39,0
DA:40,0
DA:41,0
DA:44,0
DA:45,0
DA:46,0
DA:47,0
DA:48,0
DA:49,0
DA:50,0
DA:54,0
DA:56,0
DA:60,0
DA:119,0
DA:132,0
DA:145,0
DA:151,0
DA:158,0
DA:164,0
DA:167,0
DA:168,0
DA:169,0
DA:170,0
DA:172,0
DA:176,0
DA:186,0
LF:45
LH:0
BRDA:20,0,0,0
BRDA:20,0,1,0
BRDA:21,1,0,0
BRDA:21,1,1,0
BRDA:22,2,0,0
BRDA:22,2,1,0
BRDA:24,3,0,0
BRDA:24,3,1,0
BRDA:26,4,0,0
BRDA:26,4,1,0
BRDA:31,5,0,0
BRDA:31,5,1,0
BRDA:31,6,0,0
BRDA:31,6,1,0
BRDA:35,7,0,0
BRDA:35,7,1,0
BRDA:63,8,0,0
BRDA:63,8,1,0
BRDA:64,9,0,0
BRDA:64,9,1,0
BRDA:67,10,0,0
BRDA:67,10,1,0
BRDA:72,11,0,0
BRDA:72,11,1,0
BRDA:81,12,0,0
BRDA:81,12,1,0
BRDA:85,13,0,0
BRDA:85,13,1,0
BRDA:95,14,0,0
BRDA:95,14,1,0
BRDA:99,15,0,0
BRDA:99,15,1,0
BRDA:100,16,0,0
BRDA:100,16,1,0
BRDA:110,17,0,0
BRDA:110,17,1,0
BRDA:115,18,0,0
BRDA:115,18,1,0
BRDA:126,19,0,0
BRDA:126,19,1,0
BRDA:128,20,0,0
BRDA:128,20,1,0
BRDA:133,21,0,0
BRDA:133,21,1,0
BRDA:133,22,0,0
BRDA:133,22,1,0
BRDA:135,23,0,0
BRDA:135,23,1,0
BRDA:135,24,0,0
BRDA:135,24,1,0
BRDA:142,25,0,0
BRDA:142,25,1,0
BRDA:143,26,0,0
BRDA:143,26,1,0
BRDA:148,27,0,0
BRDA:148,27,1,0
BRDA:178,28,0,0
BRDA:178,28,1,0
BRDA:178,29,0,0
BRDA:178,29,1,0
BRDA:178,30,0,0
BRDA:178,30,1,0
BRDA:180,31,0,0
BRDA:180,31,1,0
BRDA:180,32,0,0
BRDA:180,32,1,0
BRDA:180,33,0,0
BRDA:180,33,1,0
BRDA:196,34,0,0
BRDA:196,34,1,0
BRDA:198,35,0,0
BRDA:198,35,1,0
BRDA:205,36,0,0
BRDA:205,36,1,0
BRF:74
BRH:0
end_of_record
TN:
SF:components/GoalList.tsx
FN:15,(anonymous_0)
FN:35,(anonymous_1)
FN:55,(anonymous_2)
FNF:3
FNH:0
FNDA:0,(anonymous_0)
FNDA:0,(anonymous_1)
FNDA:0,(anonymous_2)
DA:15,0
DA:16,0
DA:17,0
DA:36,0
DA:55,0
LF:5
LH:0
BRDA:21,0,0,0
BRDA:21,0,1,0
BRDA:39,1,0,0
BRDA:39,1,1,0
BRDA:42,2,0,0
BRDA:42,2,1,0
BRF:6
BRH:0
end_of_record
TN:
SF:components/IncomeForm.tsx
FN:13,IncomeForm
FN:23,(anonymous_1)
FN:35,(anonymous_2)
FN:36,(anonymous_3)
FN:83,(anonymous_4)
FN:86,(anonymous_5)
FNF:6
FNH:0
FNDA:0,IncomeForm
FNDA:0,(anonymous_1)
FNDA:0,(anonymous_2)
FNDA:0,(anonymous_3)
FNDA:0,(anonymous_4)
FNDA:0,(anonymous_5)
DA:14,0
DA:15,0
DA:16,0
DA:17,0
DA:18,0
DA:19,0
DA:21,0
DA:23,0
DA:24,0
DA:25,0
DA:26,0
DA:27,0
DA:30,0
DA:32,0
DA:33,0
DA:35,0
DA:36,0
DA:37,0
DA:38,0
DA:39,0
DA:40,0
DA:41,0
DA:42,0
DA:43,0
DA:46,0
DA:47,0
DA:48,0
DA:49,0
DA:51,0
DA:53,0
DA:57,0
DA:84,0
DA:86,0
LF:33
LH:0
BRDA:25,0,0,0
BRDA:25,0,1,0
BRDA:25,1,0,0
BRDA:25,1,1,0
BRDA:25,1,2,0
BRDA:25,1,3,0
BRDA:33,2,0,0
BRDA:33,2,1,0
BRDA:63,3,0,0
BRDA:63,3,1,0
BRDA:64,4,0,0
BRDA:64,4,1,0
BRDA:68,5,0,0
BRDA:68,5,1,0
BRDA:75,6,0,0
BRDA:75,6,1,0
BRDA:76,7,0,0
BRDA:76,7,1,0
BRDA:81,8,0,0
BRDA:81,8,1,0
BRDA:87,9,0,0
BRDA:87,9,1,0
BRDA:87,10,0,0
BRDA:87,10,1,0
BRDA:89,11,0,0
BRDA:89,11,1,0
BRDA:89,12,0,0
BRDA:89,12,1,0
BRDA:98,13,0,0
BRDA:98,13,1,0
BRDA:104,14,0,0
BRDA:104,14,1,0
BRDA:105,15,0,0
BRDA:105,15,1,0
BRDA:113,16,0,0
BRDA:113,16,1,0
BRDA:115,17,0,0
BRDA:115,17,1,0
BRDA:121,18,0,0
BRDA:121,18,1,0
BRDA:124,19,0,0
BRDA:124,19,1,0
BRF:42
BRH:0
end_of_record
TN:
SF:components/InsightsDashboard.tsx
FN:42,(anonymous_0)
FN:46,(anonymous_1)
FN:60,(anonymous_2)
FN:62,(anonymous_3)
FN:68,(anonymous_4)
FN:71,(anonymous_5)
FN:76,(anonymous_6)
FN:80,(anonymous_7)
FN:86,(anonymous_8)
FN:87,(anonymous_9)
FN:91,(anonymous_10)
FN:104,(anonymous_11)
FN:108,(anonymous_12)
FN:111,(anonymous_13)
FN:115,(anonymous_14)
FN:123,(anonymous_15)
FN:130,(anonymous_16)
FN:138,(anonymous_17)
FN:144,(anonymous_18)
FN:152,(anonymous_19)
FN:157,(anonymous_20)
FN:169,(anonymous_21)
FN:172,(anonymous_22)
FN:175,(anonymous_23)
FN:177,(anonymous_24)
FN:179,(anonymous_25)
FN:183,(anonymous_26)
FN:200,(anonymous_27)
FN:200,(anonymous_28)
FN:223,(anonymous_29)
FN:239,(anonymous_30)
FN:306,(anonymous_31)
FN:329,(anonymous_32)
FN:336,(anonymous_33)
FN:356,(anonymous_34)
FN:369,(anonymous_35)
FN:372,(anonymous_36)
FN:390,(anonymous_37)
FN:398,(anonymous_38)
FN:428,(anonymous_39)
FN:443,(anonymous_40)
FN:443,(anonymous_41)
FN:458,(anonymous_42)
FN:458,(anonymous_43)
FN:465,(anonymous_44)
FN:483,(anonymous_45)
FN:493,(anonymous_46)
FN:524,(anonymous_47)
FN:530,(anonymous_48)
FN:544,(anonymous_49)
FNF:50
FNH:0
FNDA:0,(anonymous_0)
FNDA:0,(anonymous_1)
FNDA:0,(anonymous_2)
FNDA:0,(anonymous_3)
FNDA:0,(anonymous_4)
FNDA:0,(anonymous_5)
FNDA:0,(anonymous_6)
FNDA:0,(anonymous_7)
FNDA:0,(anonymous_8)
FNDA:0,(anonymous_9)
FNDA:0,(anonymous_10)
FNDA:0,(anonymous_11)
FNDA:0,(anonymous_12)
FNDA:0,(anonymous_13)
FNDA:0,(anonymous_14)
FNDA:0,(anonymous_15)
FNDA:0,(anonymous_16)
FNDA:0,(anonymous_17)
FNDA:0,(anonymous_18)
FNDA:0,(anonymous_19)
FNDA:0,(anonymous_20)
FNDA:0,(anonymous_21)
FNDA:0,(anonymous_22)
FNDA:0,(anonymous_23)
FNDA:0,(anonymous_24)
FNDA:0,(anonymous_25)
FNDA:0,(anonymous_26)
FNDA:0,(anonymous_27)
FNDA:0,(anonymous_28)
FNDA:0,(anonymous_29)
FNDA:0,(anonymous_30)
FNDA:0,(anonymous_31)
FNDA:0,(anonymous_32)
FNDA:0,(anonymous_33)
FNDA:0,(anonymous_34)
FNDA:0,(anonymous_35)
FNDA:0,(anonymous_36)
FNDA:0,(anonymous_37)
FNDA:0,(anonymous_38)
FNDA:0,(anonymous_39)
FNDA:0,(anonymous_40)
FNDA:0,(anonymous_41)
FNDA:0,(anonymous_42)
FNDA:0,(anonymous_43)
FNDA:0,(anonymous_44)
FNDA:0,(anonymous_45)
FNDA:0,(anonymous_46)
FNDA:0,(anonymous_47)
FNDA:0,(anonymous_48)
FNDA:0,(anonymous_49)
DA:42,0
DA:43,0
DA:46,0
DA:47,0
DA:48,0
DA:49,0
DA:50,0
DA:51,0
DA:52,0
DA:53,0
DA:54,0
DA:55,0
DA:56,0
DA:60,0
DA:61,0
DA:62,0
DA:63,0
DA:64,0
DA:65,0
DA:66,0
DA:68,0
DA:71,0
DA:72,0
DA:73,0
DA:74,0
DA:76,0
DA:77,0
DA:78,0
DA:80,0
DA:81,0
DA:82,0
DA:85,0
DA:86,0
DA:87,0
DA:91,0
DA:92,0
DA:93,0
DA:97,0
DA:98,0
DA:99,0
DA:100,0
DA:101,0
DA:103,0
DA:105,0
DA:106,0
DA:108,0
DA:110,0
DA:112,0
DA:113,0
DA:115,0
DA:117,0
DA:120,0
DA:123,0
DA:124,0
DA:125,0
DA:127,0
DA:128,0
DA:129,0
DA:130,0
DA:131,0
DA:132,0
DA:134,0
DA:135,0
DA:136,0
DA:137,0
DA:138,0
DA:139,0
DA:140,0
DA:144,0
DA:145,0
DA:146,0
DA:147,0
DA:150,0
DA:151,0
DA:152,0
DA:157,0
DA:161,0
DA:162,0
DA:169,0
DA:170,0
DA:172,0
DA:173,0
DA:174,0
DA:175,0
DA:177,0
DA:179,0
DA:183,0
DA:184,0
DA:185,0
DA:186,0
DA:188,0
DA:200,0
DA:201,0
DA:202,0
DA:203,0
DA:223,0
DA:237,0
DA:238,0
DA:239,0
DA:240,0
DA:241,0
DA:243,0
DA:306,0
DA:329,0
DA:336,0
DA:356,0
DA:370,0
DA:372,0
DA:391,0
DA:392,0
DA:393,0
DA:395,0
DA:398,0
DA:428,0
DA:443,0
DA:458,0
DA:466,0
DA:483,0
DA:493,0
DA:524,0
DA:530,0
DA:544,0
LF:122
LH:0
BRDA:46,0,0,0
BRDA:64,1,0,0
BRDA:64,1,1,0
BRDA:78,2,0,0
BRDA:78,2,1,0
BRDA:82,3,0,0
BRDA:82,3,1,0
BRDA:86,4,0,0
BRDA:86,4,1,0
BRDA:87,5,0,0
BRDA:87,5,1,0
BRDA:106,6,0,0
BRDA:106,6,1,0
BRDA:108,7,0,0
BRDA:108,7,1,0
BRDA:113,8,0,0
BRDA:113,8,1,0
BRDA:115,9,0,0
BRDA:115,9,1,0
BRDA:127,10,0,0
BRDA:127,10,1,0
BRDA:132,11,0,0
BRDA:132,11,1,0
BRDA:134,12,0,0
BRDA:134,12,1,0
BRDA:134,13,0,0
BRDA:134,13,1,0
BRDA:140,14,0,0
BRDA:140,14,1,0
BRDA:145,15,0,0
BRDA:145,15,1,0
BRDA:146,16,0,0
BRDA:146,16,1,0
BRDA:146,17,0,0
BRDA:146,17,1,0
BRDA:161,18,0,0
BRDA:161,18,1,0
BRDA:161,19,0,0
BRDA:161,19,1,0
BRDA:170,20,0,0
BRDA:170,20,1,0
BRDA:186,21,0,0
BRDA:186,21,1,0
BRDA:186,22,0,0
BRDA:186,22,1,0
BRDA:190,23,0,0
BRDA:190,23,1,0
BRDA:198,24,0,0
BRDA:198,24,1,0
BRDA:198,24,2,0
BRDA:207,25,0,0
BRDA:207,25,1,0
BRDA:212,26,0,0
BRDA:212,26,1,0
BRDA:215,27,0,0
BRDA:215,27,1,0
BRDA:219,28,0,0
BRDA:219,28,1,0
BRDA:221,29,0,0
BRDA:221,29,1,0
BRDA:239,30,0,0
BRDA:239,30,1,0
BRDA:239,31,0,0
BRDA:239,31,1,0
BRDA:239,31,2,0
BRDA:240,32,0,0
BRDA:240,32,1,0
BRDA:241,33,0,0
BRDA:241,33,1,0
BRDA:244,34,0,0
BRDA:244,34,1,0
BRDA:252,35,0,0
BRDA:252,35,1,0
BRDA:255,36,0,0
BRDA:255,36,1,0
BRDA:256,37,0,0
BRDA:256,37,1,0
BRDA:261,38,0,0
BRDA:261,38,1,0
BRDA:263,39,0,0
BRDA:263,39,1,0
BRDA:268,40,0,0
BRDA:268,40,1,0
BRDA:272,41,0,0
BRDA:272,41,1,0
BRDA:278,42,0,0
BRDA:278,42,1,0
BRDA:278,43,0,0
BRDA:278,43,1,0
BRDA:280,44,0,0
BRDA:280,44,1,0
BRDA:281,45,0,0
BRDA:281,45,1,0
BRDA:283,46,0,0
BRDA:283,46,1,0
BRDA:289,47,0,0
BRDA:289,47,1,0
BRDA:290,48,0,0
BRDA:290,48,1,0
BRDA:293,49,0,0
BRDA:293,49,1,0
BRDA:293,50,0,0
BRDA:293,50,1,0
BRDA:294,51,0,0
BRDA:294,51,1,0
BRDA:304,52,0,0
BRDA:304,52,1,0
BRDA:309,53,0,0
BRDA:309,53,1,0
BRDA:312,54,0,0
BRDA:312,54,1,0
BRDA:312,55,0,0
BRDA:312,55,1,0
BRDA:318,56,0,0
BRDA:318,56,1,0
BRDA:327,57,0,0
BRDA:327,57,1,0
BRDA:332,58,0,0
BRDA:332,58,1,0
BRDA:339,59,0,0
BRDA:339,59,1,0
BRDA:339,60,0,0
BRDA:339,60,1,0
BRDA:350,61,0,0
BRDA:350,61,1,0
BRDA:351,62,0,0
BRDA:351,62,1,0
BRDA:352,63,0,0
BRDA:352,63,1,0
BRDA:352,64,0,0
BRDA:352,64,1,0
BRDA:359,65,0,0
BRDA:359,65,1,0
BRDA:364,66,0,0
BRDA:364,66,1,0
BRDA:373,67,0,0
BRDA:373,67,1,0
BRDA:375,68,0,0
BRDA:375,68,1,0
BRDA:375,69,0,0
BRDA:375,69,1,0
BRDA:383,70,0,0
BRDA:383,70,1,0
BRDA:399,71,0,0
BRDA:399,71,1,0
BRDA:399,72,0,0
BRDA:399,72,1,0
BRDA:399,73,0,0
BRDA:399,73,1,0
BRDA:401,74,0,0
BRDA:401,74,1,0
BRDA:401,75,0,0
BRDA:401,75,1,0
BRDA:410,76,0,0
BRDA:410,76,1,0
BRDA:410,77,0,0
BRDA:410,77,1,0
BRDA:416,78,0,0
BRDA:416,78,1,0
BRDA:416,79,0,0
BRDA:416,79,1,0
BRDA:416,80,0,0
BRDA:416,80,1,0
BRDA:426,81,0,0
BRDA:426,81,1,0
BRDA:431,82,0,0
BRDA:431,82,1,0
BRDA:441,83,0,0
BRDA:441,83,1,0
BRDA:446,84,0,0
BRDA:446,84,1,0
BRDA:456,85,0,0
BRDA:456,85,1,0
BRDA:461,86,0,0
BRDA:461,86,1,0
BRDA:468,87,0,0
BRDA:468,87,1,0
BRDA:469,88,0,0
BRDA:469,88,1,0
BRDA:469,89,0,0
BRDA:469,89,1,0
BRDA:485,90,0,0
BRDA:485,90,1,0
BRDA:489,91,0,0
BRDA:489,91,1,0
BRDA:490,92,0,0
BRDA:490,92,1,0
BRDA:494,93,0,0
BRDA:494,93,1,0
BRDA:496,94,0,0
BRDA:496,94,1,0
BRDA:502,95,0,0
BRDA:502,95,1,0
BRDA:502,96,0,0
BRDA:502,96,1,0
BRDA:512,97,0,0
BRDA:512,97,1,0
BRDA:518,98,0,0
BRDA:518,98,1,0
BRDA:519,99,0,0
BRDA:519,99,1,0
BRDA:522,100,0,0
BRDA:522,100,1,0
BRDA:528,101,0,0
BRDA:528,101,1,0
BRF:205
BRH:0
end_of_record
TN:
SF:components/PortfolioForm.tsx
FN:25,(anonymous_0)
FN:41,(anonymous_1)
FN:76,(anonymous_2)
FN:79,(anonymous_3)
FN:91,(anonymous_4)
FN:114,(anonymous_5)
FN:125,(anonymous_6)
FN:127,(anonymous_7)
FN:261,(anonymous_8)
FN:264,(anonymous_9)
FN:282,(anonymous_10)
FN:285,(anonymous_11)
FNF:12
FNH:0
FNDA:0,(anonymous_0)
FNDA:0,(anonymous_1)
FNDA:0,(anonymous_2)
FNDA:0,(anonymous_3)
FNDA:0,(anonymous_4)
FNDA:0,(anonymous_5)
FNDA:0,(anonymous_6)
FNDA:0,(anonymous_7)
FNDA:0,(anonymous_8)
FNDA:0,(anonymous_9)
FNDA:0,(anonymous_10)
FNDA:0,(anonymous_11)
DA:17,0
DA:25,0
DA:26,0
DA:27,0
DA:28,0
DA:29,0
DA:30,0
DA:31,0
DA:32,0
DA:33,0
DA:34,0
DA:35,0
DA:36,0
DA:37,0
DA:39,0
DA:41,0
DA:42,0
DA:43,0
DA:45,0
DA:46,0
DA:47,0
DA:50,0
DA:52,0
DA:53,0
DA:54,0
DA:55,0
DA:56,0
DA:59,0
DA:60,0
DA:61,0
DA:62,0
DA:63,0
DA:64,0
DA:65,0
DA:68,0
DA:71,0
DA:72,0
DA:76,0
DA:77,0
DA:79,0
DA:80,0
DA:81,0
DA:82,0
DA:83,0
DA:84,0
DA:85,0
DA:86,0
DA:87,0
DA:91,0
DA:92,0
DA:93,0
DA:94,0
DA:95,0
DA:96,0
DA:97,0
DA:98,0
DA:99,0
DA:100,0
DA:101,0
DA:105,0
DA:107,0
DA:108,0
DA:110,0
DA:114,0
DA:115,0
DA:117,0
DA:126,0
DA:127,0
DA:128,0
DA:129,0
DA:131,0
DA:133,0
DA:134,0
DA:142,0
DA:262,0
DA:264,0
DA:283,0
DA:285,0
LF:78
LH:0
BRDA:29,0,0,0
BRDA:29,0,1,0
BRDA:30,1,0,0
BRDA:30,1,1,0
BRDA:31,2,0,0
BRDA:31,2,1,0
BRDA:32,3,0,0
BRDA:32,3,1,0
BRDA:33,4,0,0
BRDA:33,4,1,0
BRDA:34,5,0,0
BRDA:34,5,1,0
BRDA:35,6,0,0
BRDA:35,6,1,0
BRDA:36,7,0,0
BRDA:36,7,1,0
BRDA:42,8,0,0
BRDA:42,8,1,0
BRDA:45,9,0,0
BRDA:45,9,1,0
BRDA:45,10,0,0
BRDA:45,10,1,0
BRDA:45,10,2,0
BRDA:45,10,3,0
BRDA:53,11,0,0
BRDA:53,11,1,0
BRDA:53,12,0,0
BRDA:53,12,1,0
BRDA:53,13,0,0
BRDA:53,13,1,0
BRDA:53,14,0,0
BRDA:53,14,1,0
BRDA:54,15,0,0
BRDA:54,15,1,0
BRDA:55,16,0,0
BRDA:55,16,1,0
BRDA:56,17,0,0
BRDA:56,17,1,0
BRDA:59,18,0,0
BRDA:59,18,1,0
BRDA:59,19,0,0
BRDA:59,19,1,0
BRDA:63,20,0,0
BRDA:63,20,1,0
BRDA:77,21,0,0
BRDA:77,21,1,0
BRDA:101,22,0,0
BRDA:101,22,1,0
BRDA:115,23,0,0
BRDA:115,23,1,0
BRDA:145,24,0,0
BRDA:145,24,1,0
BRDA:146,25,0,0
BRDA:146,25,1,0
BRDA:148,26,0,0
BRDA:148,26,1,0
BRDA:155,27,0,0
BRDA:155,27,1,0
BRDA:156,28,0,0
BRDA:156,28,1,0
BRDA:163,29,0,0
BRDA:163,29,1,0
BRDA:165,30,0,0
BRDA:165,30,1,0
BRDA:169,31,0,0
BRDA:169,31,1,0
BRDA:169,31,2,0
BRDA:171,32,0,0
BRDA:171,32,1,0
BRDA:172,33,0,0
BRDA:172,33,1,0
BRDA:179,34,0,0
BRDA:179,34,1,0
BRDA:182,35,0,0
BRDA:182,35,1,0
BRDA:185,36,0,0
BRDA:185,36,1,0
BRDA:186,37,0,0
BRDA:186,37,1,0
BRDA:193,38,0,0
BRDA:193,38,1,0
BRDA:196,39,0,0
BRDA:196,39,1,0
BRDA:204,40,0,0
BRDA:204,40,1,0
BRDA:205,41,0,0
BRDA:205,41,1,0
BRDA:212,42,0,0
BRDA:212,42,1,0
BRDA:215,43,0,0
BRDA:215,43,1,0
BRDA:219,44,0,0
BRDA:219,44,1,0
BRDA:219,44,2,0
BRDA:220,45,0,0
BRDA:220,45,1,0
BRDA:221,46,0,0
BRDA:221,46,1,0
BRDA:222,47,0,0
BRDA:222,47,1,0
BRDA:228,48,0,0
BRDA:228,48,1,0
BRDA:238,49,0,0
BRDA:238,49,1,0
BRDA:238,49,2,0
BRDA:238,49,3,0
BRDA:239,50,0,0
BRDA:239,50,1,0
BRDA:240,51,0,0
BRDA:240,51,1,0
BRDA:247,52,0,0
BRDA:247,52,1,0
BRDA:250,53,0,0
BRDA:250,53,1,0
BRDA:257,54,0,0
BRDA:257,54,1,0
BRDA:265,55,0,0
BRDA:265,55,1,0
BRDA:265,56,0,0
BRDA:265,56,1,0
BRDA:267,57,0,0
BRDA:267,57,1,0
BRDA:267,58,0,0
BRDA:267,58,1,0
BRDA:268,59,0,0
BRDA:268,59,1,0
BRDA:268,60,0,0
BRDA:268,60,1,0
BRDA:278,61,0,0
BRDA:278,61,1,0
BRDA:286,62,0,0
BRDA:286,62,1,0
BRDA:286,63,0,0
BRDA:286,63,1,0
BRDA:288,64,0,0
BRDA:288,64,1,0
BRDA:288,65,0,0
BRDA:288,65,1,0
BRDA:289,66,0,0
BRDA:289,66,1,0
BRDA:289,67,0,0
BRDA:289,67,1,0
BRDA:298,68,0,0
BRDA:298,68,1,0
BRDA:300,69,0,0
BRDA:300,69,1,0
BRDA:305,70,0,0
BRDA:305,70,1,0
BRDA:307,71,0,0
BRDA:307,71,1,0
BRDA:311,72,0,0
BRDA:311,72,1,0
BRDA:317,73,0,0
BRDA:317,73,1,0
BRF:154
BRH:0
end_of_record
TN:
SF:components/TransactionForm.tsx
FN:15,TransactionForm
FN:33,(anonymous_1)
FN:35,(anonymous_2)
FN:39,(anonymous_3)
FN:43,(anonymous_4)
FN:55,handleSubmit
FN:79,(anonymous_6)
FN:81,(anonymous_7)
FN:92,(anonymous_8)
FN:122,(anonymous_9)
FN:128,(anonymous_10)
FN:158,(anonymous_11)
FN:158,(anonymous_12)
FN:161,(anonymous_13)
FN:183,(anonymous_14)
FN:186,(anonymous_15)
FN:219,(anonymous_16)
FNF:17
FNH:0
FNDA:0,TransactionForm
FNDA:0,(anonymous_1)
FNDA:0,(anonymous_2)
FNDA:0,(anonymous_3)
FNDA:0,(anonymous_4)
FNDA:0,handleSubmit
FNDA:0,(anonymous_6)
FNDA:0,(anonymous_7)
FNDA:0,(anonymous_8)
FNDA:0,(anonymous_9)
FNDA:0,(anonymous_10)
FNDA:0,(anonymous_11)
FNDA:0,(anonymous_12)
FNDA:0,(anonymous_13)
FNDA:0,(anonymous_14)
FNDA:0,(anonymous_15)
FNDA:0,(anonymous_16)
DA:16,0
DA:17,0
DA:18,0
DA:19,0
DA:20,0
DA:21,0
DA:22,0
DA:23,0
DA:24,0
DA:26,0
DA:27,0
DA:31,0
DA:33,0
DA:35,0
DA:36,0
DA:37,0
DA:39,0
DA:43,0
DA:44,0
DA:47,0
DA:48,0
DA:56,0
DA:57,0
DA:58,0
DA:61,0
DA:62,0
DA:63,0
DA:65,0
DA:66,0
DA:67,0
DA:69,0
DA:70,0
DA:72,0
DA:73,0
DA:77,0
DA:79,0
DA:80,0
DA:81,0
DA:82,0
DA:83,0
DA:84,0
DA:85,0
DA:86,0
DA:87,0
DA:88,0
DA:89,0
DA:92,0
DA:93,0
DA:94,0
DA:95,0
DA:96,0
DA:97,0
DA:98,0
DA:99,0
DA:100,0
DA:105,0
DA:106,0
DA:107,0
DA:108,0
DA:110,0
DA:114,0
DA:122,0
DA:128,0
DA:158,0
DA:159,0
DA:161,0
DA:184,0
DA:186,0
DA:220,0
LF:69
LH:0
BRDA:15,0,0,0
BRDA:31,1,0,0
BRDA:31,1,1,0
BRDA:47,2,0,0
BRDA:47,2,1,0
BRDA:47,3,0,0
BRDA:47,3,1,0
BRDA:47,3,2,0
BRDA:49,4,0,0
BRDA:49,4,1,0
BRDA:56,5,0,0
BRDA:56,5,1,0
BRDA:56,6,0,0
BRDA:56,6,1,0
BRDA:56,6,2,0
BRDA:66,7,0,0
BRDA:66,7,1,0
BRDA:77,8,0,0
BRDA:77,8,1,0
BRDA:80,9,0,0
BRDA:80,9,1,0
BRDA:107,10,0,0
BRDA:107,10,1,0
BRDA:115,11,0,0
BRDA:115,11,1,0
BRDA:118,12,0,0
BRDA:118,12,1,0
BRDA:119,13,0,0
BRDA:119,13,1,0
BRDA:121,14,0,0
BRDA:121,14,1,0
BRDA:121,15,0,0
BRDA:121,15,1,0
BRDA:124,16,0,0
BRDA:124,16,1,0
BRDA:124,17,0,0
BRDA:124,17,1,0
BRDA:127,18,0,0
BRDA:127,18,1,0
BRDA:127,19,0,0
BRDA:127,19,1,0
BRDA:130,20,0,0
BRDA:130,20,1,0
BRDA:130,21,0,0
BRDA:130,21,1,0
BRDA:138,22,0,0
BRDA:138,22,1,0
BRDA:141,23,0,0
BRDA:141,23,1,0
BRDA:143,24,0,0
BRDA:143,24,1,0
BRDA:158,25,0,0
BRDA:158,25,1,0
BRDA:158,26,0,0
BRDA:158,26,1,0
BRDA:162,27,0,0
BRDA:162,27,1,0
BRDA:164,28,0,0
BRDA:164,28,1,0
BRDA:167,29,0,0
BRDA:167,29,1,0
BRDA:167,30,0,0
BRDA:167,30,1,0
BRDA:187,31,0,0
BRDA:187,31,1,0
BRDA:189,32,0,0
BRDA:189,32,1,0
BRDA:192,33,0,0
BRDA:192,33,1,0
BRDA:192,34,0,0
BRDA:192,34,1,0
BRDA:192,35,0,0
BRDA:192,35,1,0
BRDA:203,36,0,0
BRDA:203,36,1,0
BRDA:206,37,0,0
BRDA:206,37,1,0
BRDA:208,38,0,0
BRDA:208,38,1,0
BRDA:220,39,0,0
BRDA:220,39,1,0
BRDA:220,40,0,0
BRDA:220,40,1,0
BRDA:221,41,0,0
BRDA:221,41,1,0
BRF:85
BRH:0
end_of_record
TN:
SF:components/TransactionList.tsx
FN:15,(anonymous_0)
FN:33,(anonymous_1)
FN:80,(anonymous_2)
FN:98,(anonymous_3)
FN:120,(anonymous_4)
FN:128,(anonymous_5)
FN:139,(anonymous_6)
FN:142,(anonymous_7)
FN:145,(anonymous_8)
FN:190,(anonymous_9)
FN:193,(anonymous_10)
FN:242,(anonymous_11)
FN:250,(anonymous_12)
FN:251,(anonymous_13)
FN:255,(anonymous_14)
FN:256,(anonymous_15)
FN:257,(anonymous_16)
FN:259,(anonymous_17)
FN:273,(anonymous_18)
FN:279,(anonymous_19)
FN:288,(anonymous_20)
FN:289,(anonymous_21)
FN:294,(anonymous_22)
FN:370,(anonymous_23)
FN:382,(anonymous_24)
FNF:25
FNH:0
FNDA:0,(anonymous_0)
FNDA:0,(anonymous_1)
FNDA:0,(anonymous_2)
FNDA:0,(anonymous_3)
FNDA:0,(anonymous_4)
FNDA:0,(anonymous_5)
FNDA:0,(anonymous_6)
FNDA:0,(anonymous_7)
FNDA:0,(anonymous_8)
FNDA:0,(anonymous_9)
FNDA:0,(anonymous_10)
FNDA:0,(anonymous_11)
FNDA:0,(anonymous_12)
FNDA:0,(anonymous_13)
FNDA:0,(anonymous_14)
FNDA:0,(anonymous_15)
FNDA:0,(anonymous_16)
FNDA:0,(anonymous_17)
FNDA:0,(anonymous_18)
FNDA:0,(anonymous_19)
FNDA:0,(anonymous_20)
FNDA:0,(anonymous_21)
FNDA:0,(anonymous_22)
FNDA:0,(anonymous_23)
FNDA:0,(anonymous_24)
DA:10,0
DA:11,0
DA:15,0
DA:28,0
DA:29,0
DA:31,0
DA:34,0
DA:35,0
DA:80,0
DA:93,0
DA:98,0
DA:109,0
DA:110,0
DA:111,0
DA:112,0
DA:113,0
DA:115,0
DA:116,0
DA:118,0
DA:120,0
DA:121,0
DA:122,0
DA:123,0
DA:124,0
DA:128,0
DA:129,0
DA:131,0
DA:140,0
DA:141,0
DA:142,0
DA:143,0
DA:144,0
DA:145,0
DA:146,0
DA:147,0
DA:148,0
DA:149,0
DA:150,0
DA:152,0
DA:155,0
DA:157,0
DA:159,0
DA:167,0
DA:169,0
DA:191,0
DA:193,0
DA:242,0
DA:243,0
DA:244,0
DA:245,0
DA:246,0
DA:247,0
DA:248,0
DA:250,0
DA:251,0
DA:252,0
DA:254,0
DA:255,0
DA:256,0
DA:257,0
DA:259,0
DA:260,0
DA:261,0
DA:262,0
DA:263,0
DA:265,0
DA:273,0
DA:274,0
DA:275,0
DA:279,0
DA:280,0
DA:281,0
DA:284,0
DA:288,0
DA:290,0
DA:294,0
DA:371,0
DA:372,0
DA:382,0
LF:79
LH:0
BRDA:10,0,0,0
BRDA:10,0,1,0
BRDA:10,1,0,0
BRDA:10,1,1,0
BRDA:37,2,0,0
BRDA:37,2,1,0
BRDA:43,3,0,0
BRDA:43,3,1,0
BRDA:48,4,0,0
BRDA:48,4,1,0
BRDA:53,5,0,0
BRDA:53,5,1,0
BRDA:56,6,0,0
BRDA:56,6,1,0
BRDA:57,7,0,0
BRDA:57,7,1,0
BRDA:69,8,0,0
BRDA:69,8,1,0
BRDA:72,9,0,0
BRDA:72,9,1,0
BRDA:77,10,0,0
BRDA:77,10,1,0
BRDA:78,11,0,0
BRDA:78,11,1,0
BRDA:81,12,0,0
BRDA:81,12,1,0
BRDA:83,13,0,0
BRDA:83,13,1,0
BRDA:118,14,0,0
BRDA:118,14,1,0
BRDA:121,15,0,0
BRDA:121,15,1,0
BRDA:123,16,0,0
BRDA:123,16,1,0
BRDA:124,17,0,0
BRDA:124,17,1,0
BRDA:129,18,0,0
BRDA:129,18,1,0
BRDA:129,19,0,0
BRDA:129,19,1,0
BRDA:143,20,0,0
BRDA:143,20,1,0
BRDA:148,21,0,0
BRDA:148,21,1,0
BRDA:149,22,0,0
BRDA:149,22,1,0
BRDA:167,23,0,0
BRDA:167,23,1,0
BRDA:173,24,0,0
BRDA:173,24,1,0
BRDA:173,25,0,0
BRDA:173,25,1,0
BRDA:178,26,0,0
BRDA:178,26,1,0
BRDA:178,27,0,0
BRDA:178,27,1,0
BRDA:183,28,0,0
BRDA:183,28,1,0
BRDA:188,29,0,0
BRDA:188,29,1,0
BRDA:194,30,0,0
BRDA:194,30,1,0
BRDA:195,31,0,0
BRDA:195,31,1,0
BRDA:196,32,0,0
BRDA:196,32,1,0
BRDA:198,33,0,0
BRDA:198,33,1,0
BRDA:198,34,0,0
BRDA:198,34,1,0
BRDA:207,35,0,0
BRDA:207,35,1,0
BRDA:212,36,0,0
BRDA:212,36,1,0
BRDA:213,37,0,0
BRDA:213,37,1,0
BRDA:221,38,0,0
BRDA:221,38,1,0
BRDA:223,39,0,0
BRDA:223,39,1,0
BRDA:228,40,0,0
BRDA:228,40,1,0
BRDA:231,41,0,0
BRDA:231,41,1,0
BRDA:250,42,0,0
BRDA:250,42,1,0
BRDA:250,43,0,0
BRDA:250,43,1,0
BRDA:251,44,0,0
BRDA:251,44,1,0
BRDA:251,45,0,0
BRDA:251,45,1,0
BRDA:261,46,0,0
BRDA:261,46,1,0
BRDA:262,47,0,0
BRDA:262,47,1,0
BRDA:263,48,0,0
BRDA:263,48,1,0
BRDA:266,49,0,0
BRDA:266,49,1,0
BRDA:266,49,2,0
BRDA:274,50,0,0
BRDA:274,50,1,0
BRDA:294,51,0,0
BRDA:294,51,1,0
BRDA:300,52,0,0
BRDA:300,52,1,0
BRDA:303,53,0,0
BRDA:303,53,1,0
BRDA:305,54,0,0
BRDA:305,54,1,0
BRDA:311,55,0,0
BRDA:311,55,1,0
BRDA:312,56,0,0
BRDA:312,56,1,0
BRDA:317,57,0,0
BRDA:317,57,1,0
BRDA:320,58,0,0
BRDA:320,58,1,0
BRDA:321,59,0,0
BRDA:321,59,1,0
BRDA:325,60,0,0
BRDA:325,60,1,0
BRDA:326,61,0,0
BRDA:326,61,1,0
BRDA:327,62,0,0
BRDA:327,62,1,0
BRDA:334,63,0,0
BRDA:334,63,1,0
BRDA:335,64,0,0
BRDA:335,64,1,0
BRDA:342,65,0,0
BRDA:342,65,1,0
BRDA:343,66,0,0
BRDA:343,66,1,0
BRDA:357,67,0,0
BRDA:357,67,1,0
BRDA:358,68,0,0
BRDA:358,68,1,0
BRF:139
BRH:0
end_of_record
TN:
SF:components/external-link.tsx
FN:7,ExternalLink
FN:13,(anonymous_1)
FNF:2
FNH:0
FNDA:0,ExternalLink
FNDA:0,(anonymous_1)
DA:8,0
DA:14,0
DA:16,0
DA:18,0
LF:4
LH:0
BRDA:14,0,0,0
BRDA:14,0,1,0
BRF:2
BRH:0
end_of_record
TN:
SF:components/haptic-tab.tsx
FN:5,HapticTab
FN:9,(anonymous_1)
FNF:2
FNH:0
FNDA:0,HapticTab
FNDA:0,(anonymous_1)
DA:6,0
DA:10,0
DA:12,0
DA:14,0
LF:4
LH:0
BRDA:10,0,0,0
BRDA:10,0,1,0
BRF:2
BRH:0
end_of_record
TN:
SF:components/parallax-scroll-view.tsx
FN:21,ParallaxScrollView
FN:30,(anonymous_1)
FNF:2
FNH:0
FNDA:0,ParallaxScrollView
FNDA:0,(anonymous_1)
DA:14,0
DA:26,0
DA:27,0
DA:28,0
DA:29,0
DA:30,0
DA:31,0
DA:47,0
DA:65,0
LF:9
LH:0
BRDA:27,0,0,0
BRDA:27,0,1,0
BRF:2
BRH:0
end_of_record
TN:
SF:components/themed-text.tsx
FN:11,ThemedText
FNF:1
FNH:0
FNDA:0,ThemedText
DA:18,0
DA:20,0
DA:36,0
LF:3
LH:0
BRDA:15,0,0,0
BRDA:24,1,0,0
BRDA:24,1,1,0
BRDA:25,2,0,0
BRDA:25,2,1,0
BRDA:26,3,0,0
BRDA:26,3,1,0
BRDA:27,4,0,0
BRDA:27,4,1,0
BRDA:28,5,0,0
BRDA:28,5,1,0
BRF:11
BRH:0
end_of_record
TN:
SF:components/themed-view.tsx
FN:10,ThemedView
FNF:1
FNH:0
FNDA:0,ThemedView
DA:11,0
DA:13,0
LF:2
LH:0
BRF:0
BRH:0
end_of_record
TN:
SF:components/ui/AIToggle.tsx
FN:16,AIToggle
FN:20,(anonymous_1)
FN:40,(anonymous_2)
FNF:3
FNH:0
FNDA:0,AIToggle
FNDA:0,(anonymous_1)
FNDA:0,(anonymous_2)
[...]
DA:29,0
DA:30,0
DA:31,0
DA:32,0
DA:35,0
DA:36,0
DA:37,0
DA:46,0
DA:49,0
DA:69,0
DA:70,0
DA:71,0
DA:73,0
DA:77,0
DA:78,0
DA:79,0
DA:80,0
DA:82,0
DA:86,0
DA:87,0
DA:92,0
DA:93,0
DA:94,0
DA:96,0
DA:100,0
DA:101,0
DA:102,0
DA:103,0
DA:104,0
DA:105,0
DA:107,0
DA:117,0
DA:124,0
DA:132,0
DA:161,0
DA:164,0
DA:171,0
DA:176,0
DA:194,0
DA:195,0
DA:210,0
DA:211,0
DA:214,0
DA:217,0
DA:218,0
DA:220,0
DA:221,0
DA:223,0
DA:240,0
DA:241,0
DA:244,0
DA:245,0
DA:247,0
DA:248,0
DA:251,0
DA:252,0
DA:253,0
DA:255,0
DA:271,0
DA:272,0
DA:274,0
DA:275,0
DA:278,0
DA:281,0
DA:282,0
DA:285,0
DA:286,0
DA:300,0
DA:301,0
DA:304,0
DA:307,0
DA:308,0
DA:311,0
DA:312,0
DA:314,0
DA:315,0
DA:316,0
DA:318,0
DA:319,0
DA:320,0
DA:323,0
DA:325,0
DA:340,0
DA:341,0
DA:355,0
DA:356,0
DA:357,0
DA:358,0
DA:370,0
DA:371,0
DA:372,0
DA:373,0
DA:383,0
LF:93
LH:0
BRDA:49,0,0,0
BRDA:49,0,1,0
BRDA:161,1,0,0
BRDA:161,1,1,0
BRDA:210,2,0,0
BRDA:210,2,1,0
BRDA:240,3,0,0
BRDA:240,3,1,0
BRDA:247,4,0,0
BRDA:247,4,1,0
BRDA:271,5,0,0
BRDA:271,5,1,0
BRDA:274,6,0,0
BRDA:274,6,1,0
BRDA:300,7,0,0
BRDA:300,7,1,0
BRDA:307,8,0,0
BRDA:307,8,1,0
BRDA:319,9,0,0
BRDA:319,9,1,0
BRDA:340,10,0,0
BRDA:340,10,1,0
BRDA:340,11,0,0
BRDA:340,11,1,0
BRF:24
BRH:0
end_of_record
TN:
SF:lib/csv-import.ts
FN:6,(anonymous_0)
FN:21,(anonymous_1)
FN:24,(anonymous_2)
FN:30,(anonymous_3)
FN:41,(anonymous_4)
FN:49,(anonymous_5)
FN:67,(anonymous_6)
FNF:7
FNH:0
FNDA:0,(anonymous_0)
FNDA:0,(anonymous_1)
FNDA:0,(anonymous_2)
FNDA:0,(anonymous_3)
FNDA:0,(anonymous_4)
FNDA:0,(anonymous_5)
FNDA:0,(anonymous_6)
DA:6,0
DA:7,0
DA:8,0
DA:12,0
DA:14,0
DA:15,0
DA:17,0
DA:22,0
DA:24,0
DA:25,0
DA:26,0
DA:28,0
DA:30,0
DA:31,0
DA:32,0
DA:33,0
DA:34,0
DA:35,0
DA:37,0
DA:39,0
DA:40,0
DA:42,0
DA:43,0
DA:44,0
DA:47,0
DA:48,0
DA:50,0
DA:51,0
DA:52,0
DA:57,0
DA:61,0
DA:62,0
DA:63,0
DA:68,0
DA:73,0
LF:35
LH:0
BRDA:12,0,0,0
BRDA:12,0,1,0
BRDA:32,1,0,0
BRDA:32,1,1,0
BRDA:33,2,0,0
BRDA:33,2,1,0
BRDA:33,2,2,0
BRDA:34,3,0,0
BRDA:34,3,1,0
BRDA:34,3,2,0
BRDA:34,3,3,0
BRDA:34,3,4,0
BRDA:35,4,0,0
BRDA:35,4,1,0
BRDA:35,4,2,0
BRDA:37,5,0,0
BRDA:37,5,1,0
BRDA:37,6,0,0
BRDA:37,6,1,0
BRDA:39,7,0,0
BRDA:39,7,1,0
BRDA:47,8,0,0
BRDA:47,8,1,0
BRDA:61,9,0,0
BRDA:61,9,1,0
BRF:25
BRH:0
end_of_record
TN:
SF:lib/csv-utils.ts
FN:20,(anonymous_0)
FN:28,(anonymous_1)
FN:31,(anonymous_2)
FN:48,(anonymous_3)
FN:55,(anonymous_4)
FN:76,(anonymous_5)
FN:82,(anonymous_6)
FN:84,(anonymous_7)
FN:96,(anonymous_8)
FN:108,(anonymous_9)
FNF:10
FNH:0
FNDA:0,(anonymous_0)
FNDA:0,(anonymous_1)
FNDA:0,(anonymous_2)
FNDA:0,(anonymous_3)
FNDA:0,(anonymous_4)
FNDA:0,(anonymous_5)
FNDA:0,(anonymous_6)
FNDA:0,(anonymous_7)
FNDA:0,(anonymous_8)
FNDA:0,(anonymous_9)
DA:20,0
DA:21,0
DA:22,0
DA:28,0
DA:29,0
DA:31,0
DA:32,0
DA:33,0
DA:34,0
DA:35,0
DA:37,0
DA:38,0
DA:42,0
DA:48,0
DA:52,0
DA:53,0
DA:55,0
DA:56,0
DA:57,0
DA:60,0
DA:61,0
DA:62,0
DA:67,0
DA:70,0
DA:76,0
DA:82,0
DA:83,0
DA:85,0
DA:86,0
DA:88,0
DA:97,0
DA:98,0
DA:100,0
DA:108,0
DA:110,0
LF:35
LH:0
BRDA:22,0,0,0
BRDA:22,0,1,0
BRDA:33,1,0,0
BRDA:33,1,1,0
BRDA:34,2,0,0
BRDA:34,2,1,0
BRDA:34,3,0,0
BRDA:34,3,1,0
BRDA:34,3,2,0
BRDA:34,3,3,0
BRDA:37,4,0,0
BRDA:37,4,1,0
BRDA:37,5,0,0
BRDA:37,5,1,0
BRDA:37,5,2,0
BRDA:37,5,3,0
BRDA:61,6,0,0
BRDA:61,6,1,0
BRDA:62,7,0,0
BRDA:62,7,1,0
BRDA:67,8,0,0
BRDA:67,8,1,0
BRDA:72,9,0,0
BRDA:72,9,1,0
BRDA:76,10,0,0
BRDA:76,10,1,0
BRDA:85,11,0,0
BRDA:85,11,1,0
BRDA:89,12,0,0
BRDA:89,12,1,0
BRDA:92,13,0,0
BRDA:92,13,1,0
BRDA:97,14,0,0
BRDA:97,14,1,0
BRDA:101,15,0,0
BRDA:101,15,1,0
BRDA:103,16,0,0
BRDA:103,16,1,0
BRF:38
BRH:0
end_of_record
TN:
SF:lib/data-management.ts
FN:13,clearLocalData
FN:17,(anonymous_1)
FN:35,clearCloudData
FN:44,(anonymous_3)
FN:60,clearAllUserData
FNF:5
FNH:0
FNDA:0,clearLocalData
FNDA:0,(anonymous_1)
FNDA:0,clearCloudData
FNDA:0,(anonymous_3)
FNDA:0,clearAllUserData
DA:14,0
DA:15,0
DA:17,0
DA:18,0
DA:21,0
DA:22,0
DA:23,0
DA:25,0
DA:26,0
DA:28,0
DA:36,0
DA:37,0
DA:38,0
DA:40,0
DA:41,0
DA:43,0
DA:44,0
DA:45,0
DA:47,0
DA:48,0
DA:50,0
DA:51,0
DA:53,0
DA:61,0
DA:62,0
DA:64,0
DA:66,0
DA:67,0
DA:68,0
DA:70,0
DA:71,0
DA:73,0
LF:32
LH:0
BRDA:38,0,0,0
BRDA:38,0,1,0
BRF:2
BRH:0
end_of_record
TN:
SF:lib/date-utils.ts
FN:5,(anonymous_0)
FN:38,(anonymous_1)
FNF:2
FNH:0
FNDA:0,(anonymous_0)
FNDA:0,(anonymous_1)
DA:5,0
DA:6,0
DA:9,0
DA:11,0
DA:14,0
DA:15,0
DA:19,0
DA:20,0
DA:21,0
DA:22,0
DA:25,0
DA:26,0
DA:27,0
DA:31,0
DA:32,0
DA:35,0
DA:38,0
DA:39,0
DA:42,0
LF:19
LH:0
BRDA:6,0,0,0
BRDA:6,0,1,0
BRDA:9,1,0,0
BRDA:9,1,1,0
BRDA:9,1,2,0
BRDA:9,1,3,0
BRDA:9,1,4,0
BRDA:11,2,0,0
BRDA:11,2,1,0
BRDA:14,3,0,0
BRDA:14,3,1,0
BRDA:19,4,0,0
BRDA:19,4,1,0
BRDA:22,5,0,0
BRDA:22,5,1,0
BRDA:26,6,0,0
BRDA:26,6,1,0
BRDA:26,7,0,0
BRDA:26,7,1,0
BRDA:31,8,0,0
BRDA:31,8,1,0
BRDA:39,9,0,0
BRDA:39,9,1,0
BRDA:42,10,0,0
BRDA:42,10,1,0
BRF:25
BRH:0
end_of_record
TN:
SF:lib/dek-rotation.ts
FN:19,startRotation
FN:68,resumeRotation
FNF:2
FNH:0
FNDA:0,startRotation
FNDA:0,resumeRotation
DA:20,0
DA:21,0
DA:23,0
DA:25,0
DA:26,0
DA:27,0
DA:29,0
DA:30,0
DA:31,0
DA:33,0
DA:34,0
DA:35,0
DA:37,0
DA:39,0
DA:40,0
DA:41,0
DA:44,0
DA:45,0
DA:47,0
DA:48,0
DA:49,0
DA:52,0
DA:60,0
DA:63,0
DA:64,0
DA:69,0
DA:70,0
DA:72,0
DA:73,0
DA:74,0
DA:75,0
DA:76,0
DA:78,0
DA:79,0
DA:80,0
DA:81,0
DA:87,0
DA:89,0
DA:90,0
DA:92,0
DA:93,0
DA:95,0
DA:96,0
DA:98,0
DA:100,0
DA:112,0
DA:113,0
DA:116,0
DA:117,0
DA:118,0
DA:120,0
DA:121,0
DA:126,0
DA:127,0
DA:128,0
DA:131,0
DA:132,0
DA:136,0
DA:137,0
DA:141,0
DA:142,0
DA:144,0
LF:62
LH:0
BRDA:21,0,0,0
BRDA:21,0,1,0
BRDA:70,1,0,0
BRDA:70,1,1,0
BRDA:113,2,0,0
BRDA:113,2,1,0
BRDA:120,3,0,0
BRDA:120,3,1,0
BRDA:131,4,0,0
BRDA:131,4,1,0
BRDA:141,5,0,0
BRDA:141,5,1,0
BRF:12
BRH:0
end_of_record
TN:
SF:lib/export-service.ts
FN:5,(anonymous_0)
FN:7,(anonymous_1)
FN:12,(anonymous_2)
FN:17,(anonymous_3)
FN:30,(anonymous_4)
FN:39,(anonymous_5)
FN:50,(anonymous_6)
FN:63,(anonymous_7)
FNF:8
FNH:0
FNDA:0,(anonymous_0)
FNDA:0,(anonymous_1)
FNDA:0,(anonymous_2)
FNDA:0,(anonymous_3)
FNDA:0,(anonymous_4)
FNDA:0,(anonymous_5)
FNDA:0,(anonymous_6)
FNDA:0,(anonymous_7)
DA:5,0
DA:6,0
DA:7,0
DA:8,0
DA:12,0
DA:13,0
DA:14,0
DA:17,0
DA:18,0
DA:19,0
DA:30,0
DA:31,0
DA:39,0
DA:47,0
DA:50,0
DA:55,0
DA:56,0
DA:57,0
DA:60,0
DA:61,0
DA:63,0
DA:64,0
DA:65,0
DA:67,0
DA:71,0
DA:72,0
DA:73,0
DA:79,0
DA:82,0
DA:83,0
LF:30
LH:0
BRDA:13,0,0,0
BRDA:13,0,1,0
BRDA:19,1,0,0
BRDA:19,1,1,0
BRDA:55,2,0,0
BRDA:55,2,1,0
BRDA:72,3,0,0
BRDA:72,3,1,0
BRF:8
BRH:0
end_of_record
TN:
SF:lib/goal-utils.ts
FN:5,(anonymous_0)
FNF:1
FNH:0
FNDA:0,(anonymous_0)
DA:5,0
DA:6,0
DA:9,0
DA:10,0
DA:11,0
DA:12,0
DA:13,0
DA:15,0
LF:8
LH:0
BRDA:6,0,0,0
BRDA:6,0,1,0
BRDA:6,1,0,0
BRDA:6,1,1,0
BRDA:9,2,0,0
BRDA:9,2,1,0
BRDA:10,3,0,0
BRDA:10,3,1,0
BRDA:11,4,0,0
BRDA:11,4,1,0
BRDA:12,5,0,0
BRDA:12,5,1,0
BRDA:13,6,0,0
BRDA:13,6,1,0
BRF:14
BRH:0
end_of_record
TN:
SF:lib/id-utils.ts
FN:8,generateUUID
FN:10,(anonymous_1)
FN:19,isUUID
FNF:3
FNH:0
FNDA:0,generateUUID
FNDA:0,(anonymous_1)
FNDA:0,isUUID
DA:10,0
DA:11,0
DA:12,0
DA:13,0
DA:20,0
DA:21,0
LF:6
LH:0
BRDA:12,0,0,0
BRDA:12,0,1,0
BRF:2
BRH:0
end_of_record
TN:
SF:lib/key-manager.ts
FN:76,getActiveDEK
FN:83,setActiveDEK
FN:88,clearActiveDEK
FN:95,isVaultLocked
FN:105,getDeviceId
FN:122,getE2EEState
FN:146,generateDEK
FN:153,storeLocalDEK
FN:167,uploadCloudDEK
FN:208,setupE2EE
FN:265,loadDEK
FN:288,loadDEKWithPassphrase
FN:293,(anonymous_12)
FN:317,unlockVault
FN:334,recoverFromSeedPhrase
FN:363,(anonymous_15)
FN:406,revokeDEK
FN:428,storeMerkleRoot
FN:432,loadMerkleRoot
FN:452,plantSecureStoreCanary
FN:468,verifySecureStoreIntegrity
FN:508,validateDEKIntegrity
FN:534,getSeedPhraseHash
FN:543,getRotationCheckpoint
FN:557,wipeAllE2EEKeys
FN:570,(anonymous_25)
FNF:26
FNH:0
FNDA:0,getActiveDEK
FNDA:0,setActiveDEK
FNDA:0,clearActiveDEK
FNDA:0,isVaultLocked
FNDA:0,getDeviceId
FNDA:0,getE2EEState
FNDA:0,generateDEK
FNDA:0,storeLocalDEK
FNDA:0,uploadCloudDEK
FNDA:0,setupE2EE
FNDA:0,loadDEK
FNDA:0,loadDEKWithPassphrase
FNDA:0,(anonymous_12)
FNDA:0,unlockVault
FNDA:0,recoverFromSeedPhrase
FNDA:0,(anonymous_15)
FNDA:0,revokeDEK
FNDA:0,storeMerkleRoot
FNDA:0,loadMerkleRoot
FNDA:0,plantSecureStoreCanary
FNDA:0,verifySecureStoreIntegrity
FNDA:0,validateDEKIntegrity
FNDA:0,getSeedPhraseHash
FNDA:0,getRotationCheckpoint
FNDA:0,wipeAllE2EEKeys
FNDA:0,(anonymous_25)
DA:31,0
DA:32,0
DA:33,0
DA:34,0
DA:35,0
DA:36,0
DA:37,0
DA:38,0
DA:39,0
DA:42,0
DA:74,0
DA:77,0
DA:78,0
DA:80,0
DA:84,0
DA:85,0
DA:89,0
DA:90,0
DA:91,0
DA:96,0
DA:106,0
DA:109,0
DA:110,0
DA:111,0
DA:112,0
DA:114,0
DA:123,0
DA:130,0
DA:132,0
DA:147,0
DA:158,0
DA:159,0
DA:160,0
DA:161,0
DA:173,0
DA:174,0
DA:175,0
DA:176,0
DA:177,0
DA:186,0
DA:213,0
DA:216,0
DA:217,0
DA:218,0
DA:221,0
DA:222,0
DA:225,0
DA:226,0
DA:227,0
DA:228,0
DA:231,0
DA:235,0
DA:236,0
DA:240,0
DA:243,0
DA:244,0
DA:245,0
DA:249,0
DA:250,0
DA:251,0
DA:253,0
DA:266,0
DA:268,0
DA:269,0
DA:275,0
DA:277,0
DA:278,0
DA:280,0
DA:289,0
DA:290,0
DA:292,0
DA:293,0
DA:296,0
DA:298,0
DA:299,0
DA:300,0
DA:301,0
DA:304,0
DA:306,0
DA:308,0
DA:309,0
DA:310,0
DA:318,0
DA:341,0
DA:342,0
DA:346,0
DA:347,0
DA:350,0
DA:351,0
DA:352,0
DA:353,0
DA:359,0
DA:361,0
DA:362,0
DA:363,0
DA:366,0
DA:368,0
DA:369,0
DA:372,0
DA:373,0
DA:375,0
DA:376,0
DA:377,0
DA:378,0
DA:380,0
DA:382,0
DA:383,0
DA:384,0
DA:389,0
DA:393,0
DA:394,0
DA:407,0
DA:408,0
DA:410,0
DA:416,0
DA:417,0
DA:420,0
DA:429,0
DA:433,0
DA:453,0
DA:454,0
DA:455,0
DA:469,0
DA:472,0
DA:474,0
DA:477,0
DA:478,0
DA:482,0
DA:486,0
DA:487,0
DA:491,0
DA:494,0
DA:509,0
DA:511,0
DA:512,0
DA:513,0
DA:516,0
DA:517,0
DA:518,0
DA:521,0
DA:523,0
DA:524,0
DA:535,0
DA:544,0
DA:545,0
DA:546,0
DA:547,0
DA:549,0
DA:558,0
DA:570,0
DA:571,0
DA:572,0
LF:152
LH:0
BRDA:77,0,0,0
BRDA:77,0,1,0
BRDA:89,1,0,0
BRDA:89,1,1,0
BRDA:109,2,0,0
BRDA:109,2,1,0
BRDA:109,3,0,0
BRDA:109,3,1,0
BRDA:176,4,0,0
BRDA:176,4,1,0
BRDA:225,5,0,0
BRDA:225,5,1,0
BRDA:235,6,0,0
BRDA:235,6,1,0
BRDA:244,7,0,0
BRDA:244,7,1,0
BRDA:268,8,0,0
BRDA:268,8,1,0
BRDA:290,9,0,0
BRDA:290,9,1,0
BRDA:341,10,0,0
BRDA:341,10,1,0
BRDA:352,11,0,0
BRDA:352,11,1,0
BRDA:359,12,0,0
BRDA:359,12,1,0
BRDA:359,13,0,0
BRDA:359,13,1,0
BRDA:408,14,0,0
BRDA:408,14,1,0
BRDA:416,15,0,0
BRDA:416,15,1,0
BRDA:472,16,0,0
BRDA:472,16,1,0
BRDA:477,17,0,0
BRDA:477,17,1,0
BRDA:486,18,0,0
BRDA:486,18,1,0
BRDA:516,19,0,0
BRDA:516,19,1,0
BRDA:518,20,0,0
BRDA:518,20,1,0
BRDA:545,21,0,0
BRDA:545,21,1,0
BRF:44
BRH:0
end_of_record
TN:
SF:lib/llama-service.ts
FN:49,initLocalModel
FN:108,generateLocalResponse
FN:158,(anonymous_2)
FN:186,generateFallbackResponse
FN:189,(anonymous_4)
FN:201,(anonymous_5)
FN:202,(anonymous_6)
FN:203,(anonymous_7)
FN:210,(anonymous_8)
FN:220,(anonymous_9)
FN:221,(anonymous_10)
FN:227,(anonymous_11)
FN:231,(anonymous_12)
FN:245,(anonymous_13)
FN:255,(anonymous_14)
FN:266,(anonymous_15)
FN:270,(anonymous_16)
FN:284,(anonymous_17)
FN:290,(anonymous_18)
FN:309,getLocalModelState
FN:314,releaseLocalModel
FNF:21
FNH:0
FNDA:0,initLocalModel
FNDA:0,generateLocalResponse
FNDA:0,(anonymous_2)
FNDA:0,generateFallbackResponse
FNDA:0,(anonymous_4)
FNDA:0,(anonymous_5)
FNDA:0,(anonymous_6)
FNDA:0,(anonymous_7)
FNDA:0,(anonymous_8)
FNDA:0,(anonymous_9)
FNDA:0,(anonymous_10)
FNDA:0,(anonymous_11)
FNDA:0,(anonymous_12)
FNDA:0,(anonymous_13)
FNDA:0,(anonymous_14)
FNDA:0,(anonymous_15)
FNDA:0,(anonymous_16)
FNDA:0,(anonymous_17)
FNDA:0,(anonymous_18)
FNDA:0,getLocalModelState
FNDA:0,releaseLocalModel
DA:20,0
DA:34,0
DA:51,0
DA:53,0
DA:55,0
DA:58,0
DA:60,0
DA:61,0
DA:62,0
DA:63,0
DA:64,0
DA:68,0
DA:72,0
DA:75,0
DA:76,0
DA:77,0
DA:79,0
DA:83,0
DA:91,0
DA:92,0
DA:93,0
DA:95,0
DA:96,0
DA:97,0
DA:114,0
DA:115,0
DA:119,0
DA:120,0
DA:121,0
DA:123,0
DA:125,0
DA:159,0
DA:160,0
DA:164,0
DA:166,0
DA:167,0
DA:169,0
DA:170,0
DA:176,0
DA:189,0
DA:190,0
DA:192,0
DA:193,0
DA:196,0
DA:197,0
DA:198,0
DA:199,0
DA:201,0
DA:202,0
DA:203,0
DA:204,0
DA:207,0
DA:208,0
DA:210,0
DA:211,0
DA:212,0
DA:213,0
DA:215,0
DA:216,0
DA:217,0
DA:220,0
DA:221,0
DA:224,0
DA:225,0
DA:226,0
DA:227,0
DA:231,0
DA:232,0
DA:233,0
DA:234,0
DA:235,0
DA:240,0
DA:241,0
DA:243,0
DA:244,0
DA:245,0
DA:247,0
DA:251,0
DA:252,0
DA:254,0
DA:255,0
DA:259,0
DA:260,0
DA:261,0
DA:262,0
DA:264,0
DA:265,0
DA:267,0
DA:268,0
DA:270,0
DA:272,0
DA:273,0
DA:275,0
DA:282,0
DA:283,0
DA:284,0
DA:287,0
DA:288,0
DA:289,0
DA:290,0
DA:294,0
DA:300,0
DA:301,0
DA:310,0
DA:315,0
DA:316,0
DA:317,0
DA:322,0
LF:108
LH:0
BRDA:49,0,0,0
BRDA:51,1,0,0
BRDA:51,1,1,0
BRDA:51,2,0,0
BRDA:51,2,1,0
BRDA:51,2,2,0
BRDA:58,3,0,0
BRDA:58,3,1,0
BRDA:61,4,0,0
BRDA:61,4,1,0
BRDA:68,5,0,0
BRDA:68,5,1,0
BRDA:75,6,0,0
BRDA:75,6,1,0
BRDA:114,7,0,0
BRDA:114,7,1,0
BRDA:119,8,0,0
BRDA:119,8,1,0
BRDA:119,9,0,0
BRDA:119,9,1,0
BRDA:159,10,0,0
BRDA:159,10,1,0
BRDA:159,11,0,0
BRDA:159,11,1,0
BRDA:164,12,0,0
BRDA:164,12,1,0
BRDA:190,13,0,0
BRDA:190,13,1,0
BRDA:193,14,0,0
BRDA:193,14,1,0
BRDA:201,15,0,0
BRDA:201,15,1,0
BRDA:202,16,0,0
BRDA:202,16,1,0
BRDA:203,17,0,0
BRDA:203,17,1,0
BRDA:213,18,0,0
BRDA:213,18,1,0
BRDA:215,19,0,0
BRDA:215,19,1,0
BRDA:216,20,0,0
BRDA:216,20,1,0
BRDA:217,21,0,0
BRDA:217,21,1,0
BRDA:225,22,0,0
BRDA:225,22,1,0
BRDA:232,23,0,0
BRDA:232,23,1,0
BRDA:232,23,2,0
BRDA:233,24,0,0
BRDA:233,24,1,0
BRDA:233,24,2,0
BRDA:234,25,0,0
BRDA:234,25,1,0
BRDA:240,26,0,0
BRDA:240,26,1,0
BRDA:240,27,0,0
BRDA:240,27,1,0
BRDA:240,27,2,0
BRDA:241,28,0,0
BRDA:241,28,1,0
BRDA:251,29,0,0
BRDA:251,29,1,0
BRDA:251,30,0,0
BRDA:251,30,1,0
BRDA:251,30,2,0
BRDA:252,31,0,0
BRDA:252,31,1,0
BRDA:259,32,0,0
BRDA:259,32,1,0
BRDA:259,33,0,0
BRDA:259,33,1,0
BRDA:259,33,2,0
BRDA:262,34,0,0
BRDA:262,34,1,0
BRDA:264,35,0,0
BRDA:264,35,1,0
BRDA:268,36,0,0
BRDA:268,36,1,0
BRDA:270,37,0,0
BRDA:270,37,1,0
BRDA:279,38,0,0
BRDA:279,38,1,0
BRDA:282,39,0,0
BRDA:282,39,1,0
BRDA:282,40,0,0
BRDA:282,40,1,0
BRDA:283,41,0,0
BRDA:283,41,1,0
BRDA:287,42,0,0
BRDA:287,42,1,0
BRDA:287,43,0,0
BRDA:287,43,1,0
BRDA:288,44,0,0
BRDA:288,44,1,0
BRDA:315,45,0,0
BRDA:315,45,1,0
BRF:97
BRH:0
end_of_record
TN:
SF:lib/market-service.ts
FN:18,(anonymous_0)
FN:52,(anonymous_1)
FN:56,(anonymous_2)
FN:73,(anonymous_3)
FN:122,(anonymous_4)
FN:125,(anonymous_5)
FNF:6
FNH:0
FNDA:0,(anonymous_0)
FNDA:0,(anonymous_1)
FNDA:0,(anonymous_2)
FNDA:0,(anonymous_3)
FNDA:0,(anonymous_4)
FNDA:0,(anonymous_5)
DA:1,0
DA:2,0
DA:18,0
DA:19,0
DA:20,0
DA:21,0
DA:24,0
DA:25,0
DA:26,0
DA:27,0
DA:29,0
DA:30,0
DA:31,0
DA:34,0
DA:44,0
DA:45,0
DA:52,0
DA:53,0
DA:56,0
DA:57,0
DA:58,0
DA:59,0
DA:63,0
DA:64,0
DA:73,0
DA:74,0
DA:77,0
DA:78,0
DA:79,0
DA:80,0
DA:81,0
DA:82,0
DA:83,0
DA:84,0
DA:87,0
DA:91,0
DA:93,0
DA:100,0
DA:101,0
DA:102,0
DA:103,0
DA:105,0
DA:106,0
DA:107,0
DA:110,0
DA:114,0
DA:115,0
DA:122,0
DA:123,0
DA:124,0
DA:125,0
DA:127,0
DA:128,0
DA:130,0
DA:131,0
DA:132,0
DA:133,0
DA:135,0
DA:137,0
DA:138,0
LF:60
LH:0
BRDA:19,0,0,0
BRDA:19,0,1,0
BRDA:29,1,0,0
BRDA:29,1,1,0
BRDA:29,2,0,0
BRDA:29,2,1,0
BRDA:29,2,2,0
BRDA:29,2,3,0
BRDA:29,2,4,0
BRDA:30,3,0,0
BRDA:30,3,1,0
BRDA:58,4,0,0
BRDA:58,4,1,0
BRDA:73,5,0,0
BRDA:74,6,0,0
BRDA:74,6,1,0
BRDA:81,7,0,0
BRDA:81,7,1,0
BRDA:81,8,0,0
BRDA:81,8,1,0
BRDA:81,8,2,0
BRDA:91,9,0,0
BRDA:91,9,1,0
BRDA:105,10,0,0
BRDA:105,10,1,0
BRDA:105,11,0,0
BRDA:105,11,1,0
BRDA:131,12,0,0
BRDA:131,12,1,0
BRDA:131,13,0,0
BRDA:131,13,1,0
BRF:31
BRH:0
end_of_record
TN:
SF:lib/network.ts
FN:21,initializeNetworkSecurity
FN:27,(anonymous_1)
FNF:2
FNH:0
FNDA:0,initializeNetworkSecurity
FNDA:0,(anonymous_1)
DA:11,0
DA:22,0
DA:25,0
DA:27,0
DA:28,0
DA:31,0
DA:34,0
DA:35,0
DA:41,0
DA:42,0
DA:43,0
DA:47,0
DA:55,0
DA:58,0
DA:61,0
LF:15
LH:0
BRDA:22,0,0,0
BRDA:22,0,1,0
BRDA:28,1,0,0
BRDA:28,1,1,0
BRDA:28,2,0,0
BRDA:28,2,1,0
BRDA:31,3,0,0
BRDA:31,3,1,0
BRDA:34,4,0,0
BRDA:34,4,1,0
BRDA:41,5,0,0
BRDA:41,5,1,0
BRF:12
BRH:0
end_of_record
TN:
SF:lib/simulation-engine.ts
FN:14,(anonymous_0)
FN:25,(anonymous_1)
FNF:2
FNH:0
FNDA:0,(anonymous_0)
FNDA:0,(anonymous_1)
DA:14,0
DA:22,0
DA:23,0
DA:25,0
DA:26,0
DA:27,0
DA:28,0
DA:29,0
DA:32,0
DA:33,0
DA:34,0
DA:35,0
DA:39,0
DA:40,0
DA:42,0
DA:43,0
DA:45,0
DA:48,0
DA:49,0
DA:50,0
DA:52,0
DA:61,0
LF:22
LH:0
BRDA:26,0,0,0
BRDA:26,0,1,0
BRDA:26,0,2,0
BRDA:26,1,0,0
BRDA:26,1,1,0
BRDA:26,1,2,0
BRDA:27,2,0,0
BRDA:27,2,1,0
BRDA:27,2,2,0
BRDA:27,3,0,0
BRDA:27,3,1,0
BRDA:27,3,2,0
BRDA:29,4,0,0
BRDA:29,4,1,0
BRDA:32,5,0,0
BRDA:32,5,1,0
BRDA:49,6,0,0
BRDA:49,6,1,0
BRDA:50,7,0,0
BRDA:50,7,1,0
BRF:20
BRH:0
end_of_record
TN:
SF:lib/skia-init.ts
FN:5,(anonymous_0)
FNF:1
FNH:0
FNDA:0,(anonymous_0)
DA:5,0
DA:7,0
LF:2
LH:0
BRF:0
BRH:0
end_of_record
TN:
SF:lib/skia-init.web.ts
FN:7,(anonymous_0)
FN:11,(anonymous_1)
FNF:2
FNH:0
FNDA:0,(anonymous_0)
FNDA:0,(anonymous_1)
DA:7,0
DA:8,0
DA:9,0
DA:10,0
DA:11,0
DA:14,0
DA:15,0
DA:17,0
DA:18,0
DA:21,0
LF:10
LH:0
BRDA:8,0,0,0
BRDA:8,0,1,0
BRF:2
BRH:0
end_of_record
TN:
SF:lib/supabase.ts
FN:13,(anonymous_0)
FN:20,(anonymous_1)
FN:27,(anonymous_2)
FN:38,(anonymous_3)
FNF:4
FNH:0
FNDA:0,(anonymous_0)
FNDA:0,(anonymous_1)
FNDA:0,(anonymous_2)
FNDA:0,(anonymous_3)
DA:10,0
DA:12,0
DA:14,0
DA:16,0
DA:17,0
DA:18,0
DA:20,0
DA:22,0
DA:25,0
DA:28,0
DA:30,0
DA:31,0
DA:33,0
DA:35,0
DA:39,0
DA:41,0
DA:42,0
DA:44,0
DA:46,0
DA:52,0
DA:53,0
DA:55,0
LF:22
LH:0
BRDA:14,0,0,0
BRDA:14,0,1,0
BRDA:16,1,0,0
BRDA:16,1,1,0
BRDA:17,2,0,0
BRDA:17,2,1,0
BRDA:22,3,0,0
BRDA:22,3,1,0
BRDA:28,4,0,0
BRDA:28,4,1,0
BRDA:30,5,0,0
BRDA:30,5,1,0
BRDA:31,6,0,0
BRDA:31,6,1,0
BRDA:39,7,0,0
BRDA:39,7,1,0
BRDA:41,8,0,0
BRDA:41,8,1,0
BRDA:42,9,0,0
BRDA:42,9,1,0
BRDA:52,10,0,0
BRDA:52,10,1,0
BRDA:53,11,0,0
BRDA:53,11,1,0
BRF:24
BRH:0
end_of_record
TN:
SF:lib/sync.ts
FN:10,setSyncLock
FN:18,isValidDate
FN:37,syncData
FN:50,(anonymous_3)
FN:56,(anonymous_4)
FN:86,(anonymous_5)
FN:87,(anonymous_6)
FN:101,(anonymous_7)
FN:102,(anonymous_8)
FN:125,(anonymous_9)
FN:158,(anonymous_10)
FN:165,(anonymous_11)
FN:170,(anonymous_12)
FN:196,(anonymous_13)
FN:201,(anonymous_14)
FN:207,(anonymous_15)
FNF:16
FNH:0
FNDA:0,setSyncLock
FNDA:0,isValidDate
FNDA:0,syncData
FNDA:0,(anonymous_3)
FNDA:0,(anonymous_4)
FNDA:0,(anonymous_5)
FNDA:0,(anonymous_6)
FNDA:0,(anonymous_7)
FNDA:0,(anonymous_8)
FNDA:0,(anonymous_9)
FNDA:0,(anonymous_10)
FNDA:0,(anonymous_11)
FNDA:0,(anonymous_12)
FNDA:0,(anonymous_13)
FNDA:0,(anonymous_14)
FNDA:0,(anonymous_15)
DA:7,0
DA:8,0
DA:11,0
DA:19,0
DA:22,0
DA:24,0
DA:27,0
DA:28,0
DA:32,0
DA:34,0
DA:38,0
DA:39,0
DA:40,0
DA:41,0
DA:44,0
DA:46,0
DA:47,0
DA:51,0
DA:52,0
DA:54,0
DA:56,0
DA:57,0
DA:63,0
DA:64,0
DA:66,0
DA:69,0
DA:77,0
DA:78,0
DA:79,0
DA:80,0
DA:81,0
DA:83,0
DA:86,0
DA:87,0
DA:88,0
DA:89,0
DA:90,0
DA:91,0
DA:93,0
DA:94,0
DA:97,0
DA:101,0
DA:102,0
DA:103,0
DA:104,0
DA:105,0
DA:109,0
DA:110,0
DA:111,0
DA:112,0
DA:113,0
DA:114,0
DA:116,0
DA:125,0
DA:126,0
DA:127,0
DA:128,0
DA:131,0
DA:132,0
DA:141,0
DA:148,0
DA:156,0
DA:159,0
DA:160,0
DA:162,0
DA:163,0
DA:165,0
DA:166,0
DA:167,0
DA:168,0
DA:170,0
DA:171,0
DA:172,0
DA:174,0
DA:175,0
DA:176,0
DA:177,0
DA:178,0
DA:179,0
DA:183,0
DA:184,0
DA:186,0
DA:187,0
DA:188,0
DA:191,0
DA:192,0
DA:193,0
DA:196,0
DA:197,0
DA:198,0
DA:199,0
DA:201,0
DA:207,0
DA:208,0
DA:209,0
DA:211,0
DA:222,0
DA:223,0
DA:226,0
DA:236,0
LF:100
LH:0
BRDA:19,0,0,0
BRDA:19,0,1,0
BRDA:22,1,0,0
BRDA:22,1,1,0
BRDA:27,2,0,0
BRDA:27,2,1,0
BRDA:27,3,0,0
BRDA:27,3,1,0
BRDA:27,3,2,0
BRDA:32,4,0,0
BRDA:32,4,1,0
BRDA:38,5,0,0
BRDA:38,5,1,0
BRDA:39,6,0,0
BRDA:39,6,1,0
BRDA:52,7,0,0
BRDA:52,7,1,0
BRDA:54,8,0,0
BRDA:54,8,1,0
BRDA:63,9,0,0
BRDA:63,9,1,0
BRDA:63,10,0,0
BRDA:63,10,1,0
BRDA:77,11,0,0
BRDA:77,11,1,0
BRDA:78,12,0,0
BRDA:78,12,1,0
BRDA:79,13,0,0
BRDA:79,13,1,0
BRDA:80,14,0,0
BRDA:80,14,1,0
BRDA:81,15,0,0
BRDA:81,15,1,0
BRDA:88,16,0,0
BRDA:88,16,1,0
BRDA:88,17,0,0
BRDA:88,17,1,0
BRDA:102,18,0,0
BRDA:102,18,1,0
BRDA:119,19,0,0
BRDA:119,19,1,0
BRDA:119,20,0,0
BRDA:119,20,1,0
BRDA:120,21,0,0
BRDA:120,21,1,0
BRDA:126,22,0,0
BRDA:126,22,1,0
BRDA:131,23,0,0
BRDA:131,23,1,0
BRDA:160,24,0,0
BRDA:160,24,1,0
BRDA:172,25,0,0
BRDA:172,25,1,0
BRDA:172,26,0,0
BRDA:172,26,1,0
BRDA:174,27,0,0
BRDA:174,27,1,0
BRDA:176,28,0,0
BRDA:176,28,1,0
BRDA:178,29,0,0
BRDA:178,29,1,0
BRDA:178,30,0,0
BRDA:178,30,1,0
BRDA:183,31,0,0
BRDA:183,31,1,0
BRDA:187,32,0,0
BRDA:187,32,1,0
BRDA:199,33,0,0
BRDA:199,33,1,0
BRDA:214,34,0,0
BRDA:214,34,1,0
BRDA:215,35,0,0
BRDA:215,35,1,0
BRDA:223,36,0,0
BRDA:223,36,1,0
BRF:75
BRH:0
end_of_record
